Log file open, 06/07/23 14:39:50
LogWindows: Failed to load 'aqProf.dll' (GetLastError=126)
LogWindows: File 'aqProf.dll' does not exist
LogWindows: Failed to load 'VtuneApi.dll' (GetLastError=126)
LogWindows: File 'VtuneApi.dll' does not exist
LogWindows: Failed to load 'VtuneApi32e.dll' (GetLastError=126)
LogWindows: File 'VtuneApi32e.dll' does not exist
LogConsoleResponse: Display: Failed to find resolution value strings in scalability ini. Falling back to default.
LogConsoleResponse: Display: Failed to find resolution value strings in scalability ini. Falling back to default.
LogInit: Display: Running engine for game: SummerGJ2023
LogPlatformFile: Not using cached read wrapper
LogTaskGraph: Started task graph with 5 named threads and 35 total threads with 3 sets of task threads.
LogStats: Stats thread started at 0.321812
LogICUInternationalization: ICU TimeZone Detection - Raw Offset: +9:00, Platform Override: ''
LogInit: Display: Loading text-based GConfig....
LogPluginManager: Mounting plugin MeshPainting
LogPluginManager: Mounting plugin XGEController
LogPluginManager: Mounting plugin Paper2D
LogPluginManager: Mounting plugin AISupport
LogPluginManager: Mounting plugin EnvironmentQueryEditor
LogPluginManager: Mounting plugin LiveLink
LogPluginManager: Mounting plugin LightPropagationVolume
LogPluginManager: Mounting plugin CameraShakePreviewer
LogPluginManager: Mounting plugin GameplayCameras
LogPluginManager: Mounting plugin OodleData
LogPluginManager: Mounting plugin AnimationSharing
LogPluginManager: Mounting plugin OodleNetwork
LogPluginManager: Mounting plugin CodeLiteSourceCodeAccess
LogPluginManager: Mounting plugin CLionSourceCodeAccess
LogPluginManager: Mounting plugin PerforceSourceControl
LogPluginManager: Mounting plugin NullSourceCodeAccess
LogPluginManager: Mounting plugin GitSourceControl
LogPluginManager: Mounting plugin PluginUtils
LogPluginManager: Mounting plugin PropertyAccessNode
LogPluginManager: Mounting plugin PixWinPlugin
LogPluginManager: Mounting plugin PlasticSourceControl
LogPluginManager: Mounting plugin KDevelopSourceCodeAccess
LogPluginManager: Mounting plugin RiderSourceCodeAccess
LogPluginManager: Mounting plugin VisualStudioSourceCodeAccess
LogPluginManager: Mounting plugin SubversionSourceControl
LogPluginManager: Mounting plugin UObjectPlugin
LogPluginManager: Mounting plugin TextureFormatOodle
LogPluginManager: Mounting plugin XCodeSourceCodeAccess
LogPluginManager: Mounting plugin VisualStudioCodeSourceCodeAccess
LogPluginManager: Mounting plugin AssetManagerEditor
LogPluginManager: Mounting plugin CryptoKeys
LogPluginManager: Mounting plugin CurveEditorTools
LogPluginManager: Mounting plugin DataValidation
LogPluginManager: Mounting plugin FacialAnimation
LogPluginManager: Mounting plugin GameplayTagsEditor
LogPluginManager: Mounting plugin GeometryMode
LogPluginManager: Mounting plugin MacGraphicsSwitching
LogPluginManager: Mounting plugin PluginBrowser
LogPluginManager: Mounting plugin MobileLauncherProfileWizard
LogPluginManager: Mounting plugin MaterialAnalyzer
LogPluginManager: Mounting plugin SpeedTreeImporter
LogPluginManager: Mounting plugin DatasmithContent
LogPluginManager: Mounting plugin Niagara
LogPluginManager: Mounting plugin VariantManagerContent
LogPluginManager: Mounting plugin AlembicImporter
LogPluginManager: Mounting plugin AutomationUtils
LogPluginManager: Mounting plugin BackChannel
LogPluginManager: Mounting plugin ChaosCloth
LogPluginManager: Mounting plugin ChaosClothEditor
LogPluginManager: Mounting plugin ChaosNiagara
LogPluginManager: Mounting plugin ChaosEditor
LogPluginManager: Mounting plugin ChaosSolverPlugin
LogPluginManager: Mounting plugin CharacterAI
LogPluginManager: Mounting plugin FieldSystemPlugin
LogPluginManager: Mounting plugin GeometryCache
LogPluginManager: Mounting plugin GeometryCollectionPlugin
LogPluginManager: Mounting plugin LuminPlatformFeatures
LogPluginManager: Mounting plugin GeometryProcessing
LogPluginManager: Mounting plugin MagicLeap
LogPluginManager: Mounting plugin MagicLeapLightEstimation
LogPluginManager: Mounting plugin MagicLeapMedia
LogPluginManager: Mounting plugin MagicLeapPassableWorld
LogPluginManager: Mounting plugin MLSDK
LogPluginManager: Mounting plugin MotoSynth
LogPluginManager: Mounting plugin OpenImageDenoise
LogPluginManager: Mounting plugin AndroidMedia
LogPluginManager: Mounting plugin PlanarCut
LogPluginManager: Mounting plugin PlatformCrypto
LogPluginManager: Mounting plugin ProxyLODPlugin
LogPluginManager: Mounting plugin AvfMedia
LogPluginManager: Mounting plugin PythonScriptPlugin
LogPluginManager: Mounting plugin ImgMedia
LogPluginManager: Mounting plugin SkeletalReduction
LogPluginManager: Mounting plugin MediaCompositing
LogPluginManager: Mounting plugin MediaPlayerEditor
LogPluginManager: Mounting plugin WebMMedia
LogPluginManager: Mounting plugin WmfMedia
LogPluginManager: Mounting plugin TcpMessaging
LogPluginManager: Mounting plugin ActorSequence
LogPluginManager: Mounting plugin UdpMessaging
LogPluginManager: Mounting plugin LevelSequenceEditor
LogPluginManager: Mounting plugin MatineeToLevelSequence
LogPluginManager: Mounting plugin TemplateSequence
LogPluginManager: Mounting plugin OnlineSubsystem
LogPluginManager: Mounting plugin OnlineSubsystemNull
LogPluginManager: Mounting plugin OnlineSubsystemUtils
LogPluginManager: Mounting plugin ActorLayerUtilities
LogPluginManager: Mounting plugin LauncherChunkInstaller
LogPluginManager: Mounting plugin AndroidMoviePlayer
LogPluginManager: Mounting plugin AndroidDeviceProfileSelector
LogPluginManager: Mounting plugin AndroidPermission
LogPluginManager: Mounting plugin ApexDestruction
LogPluginManager: Mounting plugin AppleImageUtils
LogPluginManager: Mounting plugin AppleMoviePlayer
LogPluginManager: Mounting plugin AssetTags
LogPluginManager: Mounting plugin AudioCapture
LogPluginManager: Mounting plugin ArchVisCharacter
LogPluginManager: Mounting plugin AudioSynesthesia
LogPluginManager: Mounting plugin CableComponent
LogPluginManager: Mounting plugin ChunkDownloader
LogPluginManager: Mounting plugin EditableMesh
LogPluginManager: Mounting plugin CustomMeshComponent
LogPluginManager: Mounting plugin ExampleDeviceProfileSelector
LogPluginManager: Mounting plugin GoogleCloudMessaging
LogPluginManager: Mounting plugin GooglePAD
LogPluginManager: Mounting plugin IOSDeviceProfileSelector
LogPluginManager: Mounting plugin LinuxDeviceProfileSelector
LogPluginManager: Mounting plugin LocationServicesBPLibrary
LogPluginManager: Mounting plugin MobilePatchingUtils
LogPluginManager: Mounting plugin OpenXR
LogPluginManager: Mounting plugin OpenXRHandTracking
LogPluginManager: Mounting plugin OpenXREyeTracker
LogPluginManager: Mounting plugin PhysXVehicles
LogPluginManager: Mounting plugin ScreenshotTools
LogPluginManager: Mounting plugin ProceduralMeshComponent
LogPluginManager: Mounting plugin PostSplashScreen
LogPluginManager: Mounting plugin SignificanceManager
LogPluginManager: Mounting plugin RuntimePhysXCooking
LogPluginManager: Mounting plugin PropertyAccessEditor
LogPluginManager: Mounting plugin SoundFields
LogPluginManager: Mounting plugin Synthesis
LogPluginManager: Mounting plugin WebMMoviePlayer
LogPluginManager: Mounting plugin WindowsMoviePlayer
LogPluginManager: Mounting plugin Takes
LogPluginManager: Mounting plugin ContentBrowserClassDataSource
LogPluginManager: Mounting plugin ContentBrowserFileDataSource
LogPluginManager: Mounting plugin ContentBrowserAssetDataSource
LogPluginManager: Mounting plugin OnlineSubsystemGooglePlay
LogPluginManager: Mounting plugin OnlineSubsystemIOS
LogPluginManager: Mounting plugin OculusVR
LogPluginManager: Mounting plugin SteamVR
PixWinPlugin: PIX capture plugin failed to initialize! Check that the process is launched from PIX.
LogInit: Using libcurl 7.55.1-DEV
LogInit:  - built for x86_64-pc-win32
LogInit:  - supports SSL with OpenSSL/1.1.1
LogInit:  - supports HTTP deflate (compression) using libz 1.2.8
LogInit:  - other features:
LogInit:      CURL_VERSION_SSL
LogInit:      CURL_VERSION_LIBZ
LogInit:      CURL_VERSION_IPV6
LogInit:      CURL_VERSION_ASYNCHDNS
LogInit:      CURL_VERSION_LARGEFILE
LogInit:      CURL_VERSION_IDN
LogInit:  CurlRequestOptions (configurable via config and command line):
LogInit:  - bVerifyPeer = true  - Libcurl will verify peer certificate
LogInit:  - bUseHttpProxy = false  - Libcurl will NOT use HTTP proxy
LogInit:  - bDontReuseConnections = false  - Libcurl will reuse connections
LogInit:  - MaxHostConnections = 16  - Libcurl will limit the number of connections to a host
LogInit:  - LocalHostAddr = Default
LogInit:  - BufferSize = 65536
LogOnline: OSS: Creating online subsystem instance for: NULL
LogInit: WinSock: version 1.1 (2.2), MaxSocks=32767, MaxUdp=65467
LogOnline: OSS: TryLoadSubsystemAndSetDefault: Loaded subsystem for module [NULL]
LogOculusPluginWrapper: OculusPlugin initialized successfully
LogHMD: Failed initializing OVRPlugin 1.59.0
LogInit: Build: ++UE4+Release-4.27-CL-18319896
LogInit: Engine Version: 4.27.2-18319896+++UE4+Release-4.27
LogInit: Compatible Engine Version: 4.27.0-17155196+++UE4+Release-4.27
LogInit: Net CL: 17155196
LogInit: OS: Windows 10 (Release 2009) (), CPU: Intel(R) Core(TM) i7-9750H CPU @ 2.60GHz, GPU: Intel(R) UHD Graphics 630
LogInit: Compiled (64-bit): Nov 30 2021 07:12:08
LogInit: Compiled with Visual C++: 19.24.28315.00
LogInit: Build Configuration: Development
LogInit: Branch Name: ++UE4+Release-4.27
LogInit: Command Line:  -EpicPortal -epicusername=azitomi-shin -epicuserid=ac557f3a38a64fc4a532cde139464ff7 -epiclocale=ja -epicsandboxid=ue
LogInit: Base Directory: C:/Users/regular_shin/Desktop/UE_4.27/Engine/Binaries/Win64/
LogInit: Allocator: TBB
LogInit: Installed Engine Build: 1
LogDevObjectVersion: Number of dev versions registered: 29
LogDevObjectVersion:   Dev-Blueprints (B0D832E4-1F89-4F0D-ACCF-7EB736FD4AA2): 10
LogDevObjectVersion:   Dev-Build (E1C64328-A22C-4D53-A36C-8E866417BD8C): 0
LogDevObjectVersion:   Dev-Core (375EC13C-06E4-48FB-B500-84F0262A717E): 4
LogDevObjectVersion:   Dev-Editor (E4B068ED-F494-42E9-A231-DA0B2E46BB41): 40
LogDevObjectVersion:   Dev-Framework (CFFC743F-43B0-4480-9391-14DF171D2073): 37
LogDevObjectVersion:   Dev-Mobile (B02B49B5-BB20-44E9-A304-32B752E40360): 3
LogDevObjectVersion:   Dev-Networking (A4E4105C-59A1-49B5-A7C5-40C4547EDFEE): 0
LogDevObjectVersion:   Dev-Online (39C831C9-5AE6-47DC-9A44-9C173E1C8E7C): 0
LogDevObjectVersion:   Dev-Physics (78F01B33-EBEA-4F98-B9B4-84EACCB95AA2): 14
LogDevObjectVersion:   Dev-Platform (6631380F-2D4D-43E0-8009-CF276956A95A): 0
LogDevObjectVersion:   Dev-Rendering (12F88B9F-8875-4AFC-A67C-D90C383ABD29): 45
LogDevObjectVersion:   Dev-Sequencer (7B5AE74C-D270-4C10-A958-57980B212A5A): 13
LogDevObjectVersion:   Dev-VR (D7296918-1DD6-4BDD-9DE2-64A83CC13884): 3
LogDevObjectVersion:   Dev-LoadTimes (C2A15278-BFE7-4AFE-6C17-90FF531DF755): 1
LogDevObjectVersion:   Private-Geometry (6EACA3D4-40EC-4CC1-B786-8BED09428FC5): 3
LogDevObjectVersion:   Dev-AnimPhys (29E575DD-E0A3-4627-9D10-D276232CDCEA): 17
LogDevObjectVersion:   Dev-Anim (AF43A65D-7FD3-4947-9873-3E8ED9C1BB05): 15
LogDevObjectVersion:   Dev-ReflectionCapture (6B266CEC-1EC7-4B8F-A30B-E4D90942FC07): 1
LogDevObjectVersion:   Dev-Automation (0DF73D61-A23F-47EA-B727-89E90C41499A): 1
LogDevObjectVersion:   FortniteMain (601D1886-AC64-4F84-AA16-D3DE0DEAC7D6): 47
LogDevObjectVersion:   FortniteRelease (E7086368-6B23-4C58-8439-1B7016265E91): 1
LogDevObjectVersion:   Dev-Enterprise (9DFFBCD6-494F-0158-E221-12823C92A888): 10
LogDevObjectVersion:   Dev-Niagara (F2AED0AC-9AFE-416F-8664-AA7FFA26D6FC): 1
LogDevObjectVersion:   Dev-Destruction (174F1F0B-B4C6-45A5-B13F-2EE8D0FB917D): 10
LogDevObjectVersion:   Dev-Physics-Ext (35F94A83-E258-406C-A318-09F59610247C): 41
LogDevObjectVersion:   Dev-PhysicsMaterial-Chaos (B68FC16E-8B1B-42E2-B453-215C058844FE): 1
LogDevObjectVersion:   Dev-CineCamera (B2E18506-4273-CFC2-A54E-F4BB758BBA07): 1
LogDevObjectVersion:   Dev-VirtualProduction (64F58936-FD1B-42BA-BA96-7289D5D0FA4E): 1
LogDevObjectVersion:   Dev-MediaFramework (6F0ED827-A609-4895-9C91-998D90180EA4): 2
LogInit: Presizing for max 25165824 objects, including 0 objects not considered by GC, pre-allocating 0 bytes for permanent pool.
LogConfig: Applying CVar settings from Section [/Script/Engine.StreamingSettings] File [C:/PG/Ateam_2023/SummerGJ2023/Saved/Config/Windows/Engine.ini]
LogConfig: Setting CVar [[s.MinBulkDataSizeForAsyncLoading:131072]]
LogConfig: Setting CVar [[s.AsyncLoadingThreadEnabled:0]]
LogConfig: Setting CVar [[s.EventDrivenLoaderEnabled:1]]
LogConfig: Setting CVar [[s.WarnIfTimeLimitExceeded:0]]
LogConfig: Setting CVar [[s.TimeLimitExceededMultiplier:1.5]]
LogConfig: Setting CVar [[s.TimeLimitExceededMinTime:0.005]]
LogConfig: Setting CVar [[s.UseBackgroundLevelStreaming:1]]
LogConfig: Setting CVar [[s.PriorityAsyncLoadingExtraTime:15.0]]
LogConfig: Setting CVar [[s.LevelStreamingActorsUpdateTimeLimit:5.0]]
LogConfig: Setting CVar [[s.PriorityLevelStreamingActorsUpdateExtraTime:5.0]]
LogConfig: Setting CVar [[s.LevelStreamingComponentsRegistrationGranularity:10]]
LogConfig: Setting CVar [[s.UnregisterComponentsTimeLimit:1.0]]
LogConfig: Setting CVar [[s.LevelStreamingComponentsUnregistrationGranularity:5]]
LogConfig: Setting CVar [[s.FlushStreamingOnExit:1]]
LogInit: Object subsystem initialized
LogConfig: Setting CVar [[con.DebugEarlyDefault:1]]
LogConfig: Setting CVar [[r.setres:1280x720]]
[2023.06.07-05.39.51:028][  0]LogConfig: Setting CVar [[r.VSync:0]]
[2023.06.07-05.39.51:028][  0]LogConfig: Setting CVar [[r.RHICmdBypass:0]]
[2023.06.07-05.39.51:028][  0]LogConfig: Applying CVar settings from Section [/Script/Engine.RendererSettings] File [C:/PG/Ateam_2023/SummerGJ2023/Saved/Config/Windows/Engine.ini]
[2023.06.07-05.39.51:028][  0]LogConfig: Setting CVar [[r.GPUCrashDebugging:0]]
[2023.06.07-05.39.51:028][  0]LogConfig: Applying CVar settings from Section [/Script/Engine.RendererOverrideSettings] File [C:/PG/Ateam_2023/SummerGJ2023/Saved/Config/Windows/Engine.ini]
[2023.06.07-05.39.51:028][  0]LogConfig: Applying CVar settings from Section [/Script/Engine.StreamingSettings] File [C:/PG/Ateam_2023/SummerGJ2023/Saved/Config/Windows/Engine.ini]
[2023.06.07-05.39.51:028][  0]LogConfig: Setting CVar [[s.MinBulkDataSizeForAsyncLoading:131072]]
[2023.06.07-05.39.51:028][  0]LogConfig: Setting CVar [[s.AsyncLoadingThreadEnabled:0]]
[2023.06.07-05.39.51:028][  0]LogConfig: Setting CVar [[s.EventDrivenLoaderEnabled:1]]
[2023.06.07-05.39.51:028][  0]LogConfig: Setting CVar [[s.WarnIfTimeLimitExceeded:0]]
[2023.06.07-05.39.51:028][  0]LogConfig: Setting CVar [[s.TimeLimitExceededMultiplier:1.5]]
[2023.06.07-05.39.51:028][  0]LogConfig: Setting CVar [[s.TimeLimitExceededMinTime:0.005]]
[2023.06.07-05.39.51:028][  0]LogConfig: Setting CVar [[s.UseBackgroundLevelStreaming:1]]
[2023.06.07-05.39.51:028][  0]LogConfig: Setting CVar [[s.PriorityAsyncLoadingExtraTime:15.0]]
[2023.06.07-05.39.51:028][  0]LogConfig: Setting CVar [[s.LevelStreamingActorsUpdateTimeLimit:5.0]]
[2023.06.07-05.39.51:028][  0]LogConfig: Setting CVar [[s.PriorityLevelStreamingActorsUpdateExtraTime:5.0]]
[2023.06.07-05.39.51:028][  0]LogConfig: Setting CVar [[s.LevelStreamingComponentsRegistrationGranularity:10]]
[2023.06.07-05.39.51:028][  0]LogConfig: Setting CVar [[s.UnregisterComponentsTimeLimit:1.0]]
[2023.06.07-05.39.51:028][  0]LogConfig: Setting CVar [[s.LevelStreamingComponentsUnregistrationGranularity:5]]
[2023.06.07-05.39.51:028][  0]LogConfig: Setting CVar [[s.FlushStreamingOnExit:1]]
[2023.06.07-05.39.51:028][  0]LogConfig: Applying CVar settings from Section [/Script/Engine.GarbageCollectionSettings] File [C:/PG/Ateam_2023/SummerGJ2023/Saved/Config/Windows/Engine.ini]
[2023.06.07-05.39.51:028][  0]LogConfig: Setting CVar [[gc.MaxObjectsNotConsideredByGC:1]]
[2023.06.07-05.39.51:028][  0]LogConfig: Setting CVar [[gc.SizeOfPermanentObjectPool:0]]
[2023.06.07-05.39.51:028][  0]LogConfig: Setting CVar [[gc.FlushStreamingOnGC:0]]
[2023.06.07-05.39.51:028][  0]LogConfig: Setting CVar [[gc.NumRetriesBeforeForcingGC:10]]
[2023.06.07-05.39.51:028][  0]LogConfig: Setting CVar [[gc.AllowParallelGC:1]]
[2023.06.07-05.39.51:028][  0]LogConfig: Setting CVar [[gc.TimeBetweenPurgingPendingKillObjects:61.1]]
[2023.06.07-05.39.51:028][  0]LogConfig: Setting CVar [[gc.MaxObjectsInEditor:25165824]]
[2023.06.07-05.39.51:028][  0]LogConfig: Setting CVar [[gc.IncrementalBeginDestroyEnabled:1]]
[2023.06.07-05.39.51:028][  0]LogConfig: Setting CVar [[gc.CreateGCClusters:1]]
[2023.06.07-05.39.51:028][  0]LogConfig: Setting CVar [[gc.MinGCClusterSize:5]]
[2023.06.07-05.39.51:028][  0]LogConfig: Setting CVar [[gc.ActorClusteringEnabled:0]]
[2023.06.07-05.39.51:028][  0]LogConfig: Setting CVar [[gc.BlueprintClusteringEnabled:0]]
[2023.06.07-05.39.51:028][  0]LogConfig: Setting CVar [[gc.UseDisregardForGCOnDedicatedServers:0]]
[2023.06.07-05.39.51:029][  0]LogConfig: Setting CVar [[gc.MultithreadedDestructionEnabled:1]]
[2023.06.07-05.39.51:029][  0]LogConfig: Applying CVar settings from Section [/Script/Engine.NetworkSettings] File [C:/PG/Ateam_2023/SummerGJ2023/Saved/Config/Windows/Engine.ini]
[2023.06.07-05.39.51:029][  0]LogConfig: Applying CVar settings from Section [/Script/UnrealEd.CookerSettings] File [C:/PG/Ateam_2023/SummerGJ2023/Saved/Config/Windows/Engine.ini]
[2023.06.07-05.39.51:034][  0]LogConfig: Applying CVar settings from Section [ViewDistanceQuality@3] File [C:/PG/Ateam_2023/SummerGJ2023/Saved/Config/Windows/Scalability.ini]
[2023.06.07-05.39.51:034][  0]LogConfig: Setting CVar [[r.SkeletalMeshLODBias:0]]
[2023.06.07-05.39.51:034][  0]LogConfig: Setting CVar [[r.ViewDistanceScale:1.0]]
[2023.06.07-05.39.51:034][  0]LogConfig: Applying CVar settings from Section [AntiAliasingQuality@3] File [C:/PG/Ateam_2023/SummerGJ2023/Saved/Config/Windows/Scalability.ini]
[2023.06.07-05.39.51:035][  0]LogConfig: Setting CVar [[r.PostProcessAAQuality:4]]
[2023.06.07-05.39.51:035][  0]LogConfig: Applying CVar settings from Section [ShadowQuality@3] File [C:/PG/Ateam_2023/SummerGJ2023/Saved/Config/Windows/Scalability.ini]
[2023.06.07-05.39.51:035][  0]LogConfig: Setting CVar [[r.LightFunctionQuality:1]]
[2023.06.07-05.39.51:035][  0]LogConfig: Setting CVar [[r.ShadowQuality:5]]
[2023.06.07-05.39.51:035][  0]LogConfig: Setting CVar [[r.Shadow.CSM.MaxCascades:10]]
[2023.06.07-05.39.51:035][  0]LogConfig: Setting CVar [[r.Shadow.MaxResolution:2048]]
[2023.06.07-05.39.51:035][  0]LogConfig: Setting CVar [[r.Shadow.MaxCSMResolution:2048]]
[2023.06.07-05.39.51:035][  0]LogConfig: Setting CVar [[r.Shadow.RadiusThreshold:0.01]]
[2023.06.07-05.39.51:035][  0]LogConfig: Setting CVar [[r.Shadow.DistanceScale:1.0]]
[2023.06.07-05.39.51:035][  0]LogConfig: Setting CVar [[r.Shadow.CSM.TransitionScale:1.0]]
[2023.06.07-05.39.51:035][  0]LogConfig: Setting CVar [[r.Shadow.PreShadowResolutionFactor:1.0]]
[2023.06.07-05.39.51:035][  0]LogConfig: Setting CVar [[r.DistanceFieldShadowing:1]]
[2023.06.07-05.39.51:035][  0]LogConfig: Setting CVar [[r.DistanceFieldAO:1]]
[2023.06.07-05.39.51:035][  0]LogConfig: Setting CVar [[r.AOQuality:2]]
[2023.06.07-05.39.51:035][  0]LogConfig: Setting CVar [[r.VolumetricFog:1]]
[2023.06.07-05.39.51:035][  0]LogConfig: Setting CVar [[r.VolumetricFog.GridPixelSize:8]]
[2023.06.07-05.39.51:035][  0]LogConfig: Setting CVar [[r.VolumetricFog.GridSizeZ:128]]
[2023.06.07-05.39.51:035][  0]LogConfig: Setting CVar [[r.VolumetricFog.HistoryMissSupersampleCount:4]]
[2023.06.07-05.39.51:035][  0]LogConfig: Setting CVar [[r.LightMaxDrawDistanceScale:1]]
[2023.06.07-05.39.51:035][  0]LogConfig: Setting CVar [[r.CapsuleShadows:1]]
[2023.06.07-05.39.51:035][  0]LogConfig: Applying CVar settings from Section [PostProcessQuality@3] File [C:/PG/Ateam_2023/SummerGJ2023/Saved/Config/Windows/Scalability.ini]
[2023.06.07-05.39.51:035][  0]LogConfig: Setting CVar [[r.MotionBlurQuality:4]]
[2023.06.07-05.39.51:035][  0]LogConfig: Setting CVar [[r.AmbientOcclusionMipLevelFactor:0.4]]
[2023.06.07-05.39.51:035][  0]LogConfig: Setting CVar [[r.AmbientOcclusionMaxQuality:100]]
[2023.06.07-05.39.51:035][  0]LogConfig: Setting CVar [[r.AmbientOcclusionLevels:-1]]
[2023.06.07-05.39.51:035][  0]LogConfig: Setting CVar [[r.AmbientOcclusionRadiusScale:1.0]]
[2023.06.07-05.39.51:035][  0]LogConfig: Setting CVar [[r.DepthOfFieldQuality:2]]
[2023.06.07-05.39.51:035][  0]LogConfig: Setting CVar [[r.RenderTargetPoolMin:400]]
[2023.06.07-05.39.51:035][  0]LogConfig: Setting CVar [[r.LensFlareQuality:2]]
[2023.06.07-05.39.51:035][  0]LogConfig: Setting CVar [[r.SceneColorFringeQuality:1]]
[2023.06.07-05.39.51:035][  0]LogConfig: Setting CVar [[r.EyeAdaptationQuality:2]]
[2023.06.07-05.39.51:035][  0]LogConfig: Setting CVar [[r.BloomQuality:5]]
[2023.06.07-05.39.51:035][  0]LogConfig: Setting CVar [[r.FastBlurThreshold:100]]
[2023.06.07-05.39.51:035][  0]LogConfig: Setting CVar [[r.Upscale.Quality:3]]
[2023.06.07-05.39.51:035][  0]LogConfig: Setting CVar [[r.Tonemapper.GrainQuantization:1]]
[2023.06.07-05.39.51:035][  0]LogConfig: Setting CVar [[r.LightShaftQuality:1]]
[2023.06.07-05.39.51:035][  0]LogConfig: Setting CVar [[r.Filter.SizeScale:1]]
[2023.06.07-05.39.51:035][  0]LogConfig: Setting CVar [[r.Tonemapper.Quality:5]]
[2023.06.07-05.39.51:035][  0]LogConfig: Setting CVar [[r.DOF.Gather.AccumulatorQuality:1        ; higher gathering accumulator quality]]
[2023.06.07-05.39.51:035][  0]LogConfig: Setting CVar [[r.DOF.Gather.PostfilterMethod:1          ; Median3x3 postfilering method]]
[2023.06.07-05.39.51:035][  0]LogConfig: Setting CVar [[r.DOF.Gather.EnableBokehSettings:0       ; no bokeh simulation when gathering]]
[2023.06.07-05.39.51:035][  0]LogConfig: Setting CVar [[r.DOF.Gather.RingCount:4                 ; medium number of samples when gathering]]
[2023.06.07-05.39.51:035][  0]LogConfig: Setting CVar [[r.DOF.Scatter.ForegroundCompositing:1    ; additive foreground scattering]]
[2023.06.07-05.39.51:035][  0]LogConfig: Setting CVar [[r.DOF.Scatter.BackgroundCompositing:2    ; additive background scattering]]
[2023.06.07-05.39.51:035][  0]LogConfig: Setting CVar [[r.DOF.Scatter.EnableBokehSettings:1      ; bokeh simulation when scattering]]
[2023.06.07-05.39.51:035][  0]LogConfig: Setting CVar [[r.DOF.Scatter.MaxSpriteRatio:0.1         ; only a maximum of 10% of scattered bokeh]]
[2023.06.07-05.39.51:035][  0]LogConfig: Setting CVar [[r.DOF.Recombine.Quality:1                ; cheap slight out of focus]]
[2023.06.07-05.39.51:035][  0]LogConfig: Setting CVar [[r.DOF.Recombine.EnableBokehSettings:0    ; no bokeh simulation on slight out of focus]]
[2023.06.07-05.39.51:035][  0]LogConfig: Setting CVar [[r.DOF.TemporalAAQuality:1                ; more stable temporal accumulation]]
[2023.06.07-05.39.51:035][  0]LogConfig: Setting CVar [[r.DOF.Kernel.MaxForegroundRadius:0.025]]
[2023.06.07-05.39.51:035][  0]LogConfig: Setting CVar [[r.DOF.Kernel.MaxBackgroundRadius:0.025]]
[2023.06.07-05.39.51:035][  0]LogConfig: Applying CVar settings from Section [TextureQuality@3] File [C:/PG/Ateam_2023/SummerGJ2023/Saved/Config/Windows/Scalability.ini]
[2023.06.07-05.39.51:035][  0]LogConfig: Setting CVar [[r.Streaming.MipBias:0]]
[2023.06.07-05.39.51:035][  0]LogConfig: Setting CVar [[r.Streaming.AmortizeCPUToGPUCopy:0]]
[2023.06.07-05.39.51:035][  0]LogConfig: Setting CVar [[r.Streaming.MaxNumTexturesToStreamPerFrame:0]]
[2023.06.07-05.39.51:035][  0]LogConfig: Setting CVar [[r.Streaming.Boost:1]]
[2023.06.07-05.39.51:035][  0]LogConfig: Setting CVar [[r.MaxAnisotropy:8]]
[2023.06.07-05.39.51:035][  0]LogConfig: Setting CVar [[r.VT.MaxAnisotropy:8]]
[2023.06.07-05.39.51:035][  0]LogConfig: Setting CVar [[r.Streaming.LimitPoolSizeToVRAM:0]]
[2023.06.07-05.39.51:035][  0]LogConfig: Setting CVar [[r.Streaming.PoolSize:1000]]
[2023.06.07-05.39.51:035][  0]LogConfig: Setting CVar [[r.Streaming.MaxEffectiveScreenSize:0]]
[2023.06.07-05.39.51:035][  0]LogConfig: Applying CVar settings from Section [EffectsQuality@3] File [C:/PG/Ateam_2023/SummerGJ2023/Saved/Config/Windows/Scalability.ini]
[2023.06.07-05.39.51:035][  0]LogConfig: Setting CVar [[r.TranslucencyLightingVolumeDim:64]]
[2023.06.07-05.39.51:035][  0]LogConfig: Setting CVar [[r.RefractionQuality:2]]
[2023.06.07-05.39.51:035][  0]LogConfig: Setting CVar [[r.SSR.Quality:3]]
[2023.06.07-05.39.51:035][  0]LogConfig: Setting CVar [[r.SSR.HalfResSceneColor:0]]
[2023.06.07-05.39.51:035][  0]LogConfig: Setting CVar [[r.SceneColorFormat:4]]
[2023.06.07-05.39.51:035][  0]LogConfig: Setting CVar [[r.DetailMode:2]]
[2023.06.07-05.39.51:035][  0]LogConfig: Setting CVar [[r.TranslucencyVolumeBlur:1]]
[2023.06.07-05.39.51:035][  0]LogConfig: Setting CVar [[r.MaterialQualityLevel:1 ; High quality]]
[2023.06.07-05.39.51:035][  0]LogConfig: Setting CVar [[r.AnisotropicMaterials:1]]
[2023.06.07-05.39.51:035][  0]LogConfig: Setting CVar [[r.SSS.Scale:1]]
[2023.06.07-05.39.51:035][  0]LogConfig: Setting CVar [[r.SSS.SampleSet:2]]
[2023.06.07-05.39.51:035][  0]LogConfig: Setting CVar [[r.SSS.Quality:1]]
[2023.06.07-05.39.51:035][  0]LogConfig: Setting CVar [[r.SSS.HalfRes:0]]
[2023.06.07-05.39.51:035][  0]LogConfig: Setting CVar [[r.SSGI.Quality:3]]
[2023.06.07-05.39.51:035][  0]LogConfig: Setting CVar [[r.EmitterSpawnRateScale:1.0]]
[2023.06.07-05.39.51:035][  0]LogConfig: Setting CVar [[r.ParticleLightQuality:2]]
[2023.06.07-05.39.51:035][  0]LogConfig: Setting CVar [[r.SkyAtmosphere.AerialPerspectiveLUT.FastApplyOnOpaque:1 ; Always have FastSkyLUT 1 in this case to avoid wrong sky]]
[2023.06.07-05.39.51:035][  0]LogConfig: Setting CVar [[r.SkyAtmosphere.AerialPerspectiveLUT.SampleCountMaxPerSlice:4]]
[2023.06.07-05.39.51:035][  0]LogConfig: Setting CVar [[r.SkyAtmosphere.AerialPerspectiveLUT.DepthResolution:16.0]]
[2023.06.07-05.39.51:035][  0]LogConfig: Setting CVar [[r.SkyAtmosphere.FastSkyLUT:1]]
[2023.06.07-05.39.51:035][  0]LogConfig: Setting CVar [[r.SkyAtmosphere.FastSkyLUT.SampleCountMin:4.0]]
[2023.06.07-05.39.51:035][  0]LogConfig: Setting CVar [[r.SkyAtmosphere.FastSkyLUT.SampleCountMax:128.0]]
[2023.06.07-05.39.51:035][  0]LogConfig: Setting CVar [[r.SkyAtmosphere.SampleCountMin:4.0]]
[2023.06.07-05.39.51:036][  0]LogConfig: Setting CVar [[r.SkyAtmosphere.SampleCountMax:128.0]]
[2023.06.07-05.39.51:036][  0]LogConfig: Setting CVar [[r.SkyAtmosphere.TransmittanceLUT.UseSmallFormat:0]]
[2023.06.07-05.39.51:036][  0]LogConfig: Setting CVar [[r.SkyAtmosphere.TransmittanceLUT.SampleCount:10.0]]
[2023.06.07-05.39.51:036][  0]LogConfig: Setting CVar [[r.SkyAtmosphere.MultiScatteringLUT.SampleCount:15.0]]
[2023.06.07-05.39.51:036][  0]LogConfig: Setting CVar [[r.SkyLight.RealTimeReflectionCapture:1]]
[2023.06.07-05.39.51:036][  0]LogConfig: Applying CVar settings from Section [FoliageQuality@3] File [C:/PG/Ateam_2023/SummerGJ2023/Saved/Config/Windows/Scalability.ini]
[2023.06.07-05.39.51:036][  0]LogConfig: Setting CVar [[foliage.DensityScale:1.0]]
[2023.06.07-05.39.51:036][  0]LogConfig: Setting CVar [[grass.DensityScale:1.0]]
[2023.06.07-05.39.51:036][  0]LogConfig: Applying CVar settings from Section [ShadingQuality@3] File [C:/PG/Ateam_2023/SummerGJ2023/Saved/Config/Windows/Scalability.ini]
[2023.06.07-05.39.51:036][  0]LogConfig: Setting CVar [[r.HairStrands.SkyLighting.IntegrationType:2]]
[2023.06.07-05.39.51:036][  0]LogConfig: Setting CVar [[r.HairStrands.SkyAO.SampleCount:4]]
[2023.06.07-05.39.51:036][  0]LogConfig: Setting CVar [[r.HairStrands.Visibility.MSAA.SamplePerPixel:4]]
[2023.06.07-05.39.51:036][  0]LogInit: Selected Device Profile: [Windows]
[2023.06.07-05.39.51:036][  0]LogInit: Applying CVar settings loaded from the selected device profile: [Windows]
[2023.06.07-05.39.51:036][  0]LogHAL: Display: Platform has ~ 16 GB [17016119296 / 17179869184 / 16], which maps to Larger [LargestMinGB=32, LargerMinGB=12, DefaultMinGB=8, SmallerMinGB=6, SmallestMinGB=0)
[2023.06.07-05.39.51:036][  0]LogInit: Going up to parent DeviceProfile []
[2023.06.07-05.39.51:036][  0]LogConfig: Applying CVar settings from Section [ViewDistanceQuality@3] File [C:/PG/Ateam_2023/SummerGJ2023/Saved/Config/Windows/Scalability.ini]
[2023.06.07-05.39.51:036][  0]LogConfig: Setting CVar [[r.SkeletalMeshLODBias:0]]
[2023.06.07-05.39.51:036][  0]LogConfig: Setting CVar [[r.ViewDistanceScale:1.0]]
[2023.06.07-05.39.51:036][  0]LogConfig: Applying CVar settings from Section [AntiAliasingQuality@3] File [C:/PG/Ateam_2023/SummerGJ2023/Saved/Config/Windows/Scalability.ini]
[2023.06.07-05.39.51:036][  0]LogConfig: Setting CVar [[r.PostProcessAAQuality:4]]
[2023.06.07-05.39.51:036][  0]LogConfig: Applying CVar settings from Section [ShadowQuality@3] File [C:/PG/Ateam_2023/SummerGJ2023/Saved/Config/Windows/Scalability.ini]
[2023.06.07-05.39.51:036][  0]LogConfig: Setting CVar [[r.LightFunctionQuality:1]]
[2023.06.07-05.39.51:036][  0]LogConfig: Setting CVar [[r.ShadowQuality:5]]
[2023.06.07-05.39.51:036][  0]LogConfig: Setting CVar [[r.Shadow.CSM.MaxCascades:10]]
[2023.06.07-05.39.51:036][  0]LogConfig: Setting CVar [[r.Shadow.MaxResolution:2048]]
[2023.06.07-05.39.51:036][  0]LogConfig: Setting CVar [[r.Shadow.MaxCSMResolution:2048]]
[2023.06.07-05.39.51:036][  0]LogConfig: Setting CVar [[r.Shadow.RadiusThreshold:0.01]]
[2023.06.07-05.39.51:036][  0]LogConfig: Setting CVar [[r.Shadow.DistanceScale:1.0]]
[2023.06.07-05.39.51:036][  0]LogConfig: Setting CVar [[r.Shadow.CSM.TransitionScale:1.0]]
[2023.06.07-05.39.51:036][  0]LogConfig: Setting CVar [[r.Shadow.PreShadowResolutionFactor:1.0]]
[2023.06.07-05.39.51:036][  0]LogConfig: Setting CVar [[r.DistanceFieldShadowing:1]]
[2023.06.07-05.39.51:036][  0]LogConfig: Setting CVar [[r.DistanceFieldAO:1]]
[2023.06.07-05.39.51:036][  0]LogConfig: Setting CVar [[r.AOQuality:2]]
[2023.06.07-05.39.51:036][  0]LogConfig: Setting CVar [[r.VolumetricFog:1]]
[2023.06.07-05.39.51:036][  0]LogConfig: Setting CVar [[r.VolumetricFog.GridPixelSize:8]]
[2023.06.07-05.39.51:036][  0]LogConfig: Setting CVar [[r.VolumetricFog.GridSizeZ:128]]
[2023.06.07-05.39.51:036][  0]LogConfig: Setting CVar [[r.VolumetricFog.HistoryMissSupersampleCount:4]]
[2023.06.07-05.39.51:036][  0]LogConfig: Setting CVar [[r.LightMaxDrawDistanceScale:1]]
[2023.06.07-05.39.51:036][  0]LogConfig: Setting CVar [[r.CapsuleShadows:1]]
[2023.06.07-05.39.51:036][  0]LogConfig: Applying CVar settings from Section [PostProcessQuality@3] File [C:/PG/Ateam_2023/SummerGJ2023/Saved/Config/Windows/Scalability.ini]
[2023.06.07-05.39.51:036][  0]LogConfig: Setting CVar [[r.MotionBlurQuality:4]]
[2023.06.07-05.39.51:036][  0]LogConfig: Setting CVar [[r.AmbientOcclusionMipLevelFactor:0.4]]
[2023.06.07-05.39.51:036][  0]LogConfig: Setting CVar [[r.AmbientOcclusionMaxQuality:100]]
[2023.06.07-05.39.51:036][  0]LogConfig: Setting CVar [[r.AmbientOcclusionLevels:-1]]
[2023.06.07-05.39.51:036][  0]LogConfig: Setting CVar [[r.AmbientOcclusionRadiusScale:1.0]]
[2023.06.07-05.39.51:036][  0]LogConfig: Setting CVar [[r.DepthOfFieldQuality:2]]
[2023.06.07-05.39.51:036][  0]LogConfig: Setting CVar [[r.RenderTargetPoolMin:400]]
[2023.06.07-05.39.51:036][  0]LogConfig: Setting CVar [[r.LensFlareQuality:2]]
[2023.06.07-05.39.51:036][  0]LogConfig: Setting CVar [[r.SceneColorFringeQuality:1]]
[2023.06.07-05.39.51:036][  0]LogConfig: Setting CVar [[r.EyeAdaptationQuality:2]]
[2023.06.07-05.39.51:036][  0]LogConfig: Setting CVar [[r.BloomQuality:5]]
[2023.06.07-05.39.51:036][  0]LogConfig: Setting CVar [[r.FastBlurThreshold:100]]
[2023.06.07-05.39.51:036][  0]LogConfig: Setting CVar [[r.Upscale.Quality:3]]
[2023.06.07-05.39.51:036][  0]LogConfig: Setting CVar [[r.Tonemapper.GrainQuantization:1]]
[2023.06.07-05.39.51:036][  0]LogConfig: Setting CVar [[r.LightShaftQuality:1]]
[2023.06.07-05.39.51:036][  0]LogConfig: Setting CVar [[r.Filter.SizeScale:1]]
[2023.06.07-05.39.51:036][  0]LogConfig: Setting CVar [[r.Tonemapper.Quality:5]]
[2023.06.07-05.39.51:036][  0]LogConfig: Setting CVar [[r.DOF.Gather.AccumulatorQuality:1        ; higher gathering accumulator quality]]
[2023.06.07-05.39.51:036][  0]LogConfig: Setting CVar [[r.DOF.Gather.PostfilterMethod:1          ; Median3x3 postfilering method]]
[2023.06.07-05.39.51:036][  0]LogConfig: Setting CVar [[r.DOF.Gather.EnableBokehSettings:0       ; no bokeh simulation when gathering]]
[2023.06.07-05.39.51:036][  0]LogConfig: Setting CVar [[r.DOF.Gather.RingCount:4                 ; medium number of samples when gathering]]
[2023.06.07-05.39.51:036][  0]LogConfig: Setting CVar [[r.DOF.Scatter.ForegroundCompositing:1    ; additive foreground scattering]]
[2023.06.07-05.39.51:036][  0]LogConfig: Setting CVar [[r.DOF.Scatter.BackgroundCompositing:2    ; additive background scattering]]
[2023.06.07-05.39.51:036][  0]LogConfig: Setting CVar [[r.DOF.Scatter.EnableBokehSettings:1      ; bokeh simulation when scattering]]
[2023.06.07-05.39.51:036][  0]LogConfig: Setting CVar [[r.DOF.Scatter.MaxSpriteRatio:0.1         ; only a maximum of 10% of scattered bokeh]]
[2023.06.07-05.39.51:036][  0]LogConfig: Setting CVar [[r.DOF.Recombine.Quality:1                ; cheap slight out of focus]]
[2023.06.07-05.39.51:036][  0]LogConfig: Setting CVar [[r.DOF.Recombine.EnableBokehSettings:0    ; no bokeh simulation on slight out of focus]]
[2023.06.07-05.39.51:036][  0]LogConfig: Setting CVar [[r.DOF.TemporalAAQuality:1                ; more stable temporal accumulation]]
[2023.06.07-05.39.51:036][  0]LogConfig: Setting CVar [[r.DOF.Kernel.MaxForegroundRadius:0.025]]
[2023.06.07-05.39.51:036][  0]LogConfig: Setting CVar [[r.DOF.Kernel.MaxBackgroundRadius:0.025]]
[2023.06.07-05.39.51:036][  0]LogConfig: Applying CVar settings from Section [TextureQuality@3] File [C:/PG/Ateam_2023/SummerGJ2023/Saved/Config/Windows/Scalability.ini]
[2023.06.07-05.39.51:036][  0]LogConfig: Setting CVar [[r.Streaming.MipBias:0]]
[2023.06.07-05.39.51:036][  0]LogConfig: Setting CVar [[r.Streaming.AmortizeCPUToGPUCopy:0]]
[2023.06.07-05.39.51:036][  0]LogConfig: Setting CVar [[r.Streaming.MaxNumTexturesToStreamPerFrame:0]]
[2023.06.07-05.39.51:036][  0]LogConfig: Setting CVar [[r.Streaming.Boost:1]]
[2023.06.07-05.39.51:036][  0]LogConfig: Setting CVar [[r.MaxAnisotropy:8]]
[2023.06.07-05.39.51:036][  0]LogConfig: Setting CVar [[r.VT.MaxAnisotropy:8]]
[2023.06.07-05.39.51:036][  0]LogConfig: Setting CVar [[r.Streaming.LimitPoolSizeToVRAM:0]]
[2023.06.07-05.39.51:036][  0]LogConfig: Setting CVar [[r.Streaming.PoolSize:1000]]
[2023.06.07-05.39.51:036][  0]LogConfig: Setting CVar [[r.Streaming.MaxEffectiveScreenSize:0]]
[2023.06.07-05.39.51:037][  0]LogConfig: Applying CVar settings from Section [EffectsQuality@3] File [C:/PG/Ateam_2023/SummerGJ2023/Saved/Config/Windows/Scalability.ini]
[2023.06.07-05.39.51:037][  0]LogConfig: Setting CVar [[r.TranslucencyLightingVolumeDim:64]]
[2023.06.07-05.39.51:037][  0]LogConfig: Setting CVar [[r.RefractionQuality:2]]
[2023.06.07-05.39.51:037][  0]LogConfig: Setting CVar [[r.SSR.Quality:3]]
[2023.06.07-05.39.51:037][  0]LogConfig: Setting CVar [[r.SSR.HalfResSceneColor:0]]
[2023.06.07-05.39.51:037][  0]LogConfig: Setting CVar [[r.SceneColorFormat:4]]
[2023.06.07-05.39.51:037][  0]LogConfig: Setting CVar [[r.DetailMode:2]]
[2023.06.07-05.39.51:037][  0]LogConfig: Setting CVar [[r.TranslucencyVolumeBlur:1]]
[2023.06.07-05.39.51:037][  0]LogConfig: Setting CVar [[r.MaterialQualityLevel:1 ; High quality]]
[2023.06.07-05.39.51:037][  0]LogConfig: Setting CVar [[r.AnisotropicMaterials:1]]
[2023.06.07-05.39.51:037][  0]LogConfig: Setting CVar [[r.SSS.Scale:1]]
[2023.06.07-05.39.51:037][  0]LogConfig: Setting CVar [[r.SSS.SampleSet:2]]
[2023.06.07-05.39.51:037][  0]LogConfig: Setting CVar [[r.SSS.Quality:1]]
[2023.06.07-05.39.51:037][  0]LogConfig: Setting CVar [[r.SSS.HalfRes:0]]
[2023.06.07-05.39.51:037][  0]LogConfig: Setting CVar [[r.SSGI.Quality:3]]
[2023.06.07-05.39.51:037][  0]LogConfig: Setting CVar [[r.EmitterSpawnRateScale:1.0]]
[2023.06.07-05.39.51:037][  0]LogConfig: Setting CVar [[r.ParticleLightQuality:2]]
[2023.06.07-05.39.51:037][  0]LogConfig: Setting CVar [[r.SkyAtmosphere.AerialPerspectiveLUT.FastApplyOnOpaque:1 ; Always have FastSkyLUT 1 in this case to avoid wrong sky]]
[2023.06.07-05.39.51:037][  0]LogConfig: Setting CVar [[r.SkyAtmosphere.AerialPerspectiveLUT.SampleCountMaxPerSlice:4]]
[2023.06.07-05.39.51:037][  0]LogConfig: Setting CVar [[r.SkyAtmosphere.AerialPerspectiveLUT.DepthResolution:16.0]]
[2023.06.07-05.39.51:037][  0]LogConfig: Setting CVar [[r.SkyAtmosphere.FastSkyLUT:1]]
[2023.06.07-05.39.51:037][  0]LogConfig: Setting CVar [[r.SkyAtmosphere.FastSkyLUT.SampleCountMin:4.0]]
[2023.06.07-05.39.51:037][  0]LogConfig: Setting CVar [[r.SkyAtmosphere.FastSkyLUT.SampleCountMax:128.0]]
[2023.06.07-05.39.51:037][  0]LogConfig: Setting CVar [[r.SkyAtmosphere.SampleCountMin:4.0]]
[2023.06.07-05.39.51:037][  0]LogConfig: Setting CVar [[r.SkyAtmosphere.SampleCountMax:128.0]]
[2023.06.07-05.39.51:037][  0]LogConfig: Setting CVar [[r.SkyAtmosphere.TransmittanceLUT.UseSmallFormat:0]]
[2023.06.07-05.39.51:037][  0]LogConfig: Setting CVar [[r.SkyAtmosphere.TransmittanceLUT.SampleCount:10.0]]
[2023.06.07-05.39.51:037][  0]LogConfig: Setting CVar [[r.SkyAtmosphere.MultiScatteringLUT.SampleCount:15.0]]
[2023.06.07-05.39.51:037][  0]LogConfig: Setting CVar [[r.SkyLight.RealTimeReflectionCapture:1]]
[2023.06.07-05.39.51:037][  0]LogConfig: Applying CVar settings from Section [FoliageQuality@3] File [C:/PG/Ateam_2023/SummerGJ2023/Saved/Config/Windows/Scalability.ini]
[2023.06.07-05.39.51:037][  0]LogConfig: Setting CVar [[foliage.DensityScale:1.0]]
[2023.06.07-05.39.51:037][  0]LogConfig: Setting CVar [[grass.DensityScale:1.0]]
[2023.06.07-05.39.51:037][  0]LogConfig: Applying CVar settings from Section [ShadingQuality@3] File [C:/PG/Ateam_2023/SummerGJ2023/Saved/Config/Windows/Scalability.ini]
[2023.06.07-05.39.51:037][  0]LogConfig: Setting CVar [[r.HairStrands.SkyLighting.IntegrationType:2]]
[2023.06.07-05.39.51:037][  0]LogConfig: Setting CVar [[r.HairStrands.SkyAO.SampleCount:4]]
[2023.06.07-05.39.51:037][  0]LogConfig: Setting CVar [[r.HairStrands.Visibility.MSAA.SamplePerPixel:4]]
[2023.06.07-05.39.51:037][  0]LogConfig: Applying CVar settings from Section [Startup] File [../../../Engine/Config/ConsoleVariables.ini]
[2023.06.07-05.39.51:037][  0]LogConfig: Setting CVar [[net.UseAdaptiveNetUpdateFrequency:0]]
[2023.06.07-05.39.51:037][  0]LogConfig: Setting CVar [[p.chaos.AllowCreatePhysxBodies:1]]
[2023.06.07-05.39.51:037][  0]LogConfig: Setting CVar [[fx.SkipVectorVMBackendOptimizations:1]]
[2023.06.07-05.39.51:037][  0]LogConfig: Applying CVar settings from Section [ConsoleVariables] File [C:/PG/Ateam_2023/SummerGJ2023/Saved/Config/Windows/Engine.ini]
[2023.06.07-05.39.51:037][  0]LogConfig: Applying CVar settings from Section [ConsoleVariables] File [C:/PG/Ateam_2023/SummerGJ2023/Saved/Config/Windows/Editor.ini]
[2023.06.07-05.39.51:037][  0]LogInit: Computer: KBC12106116
[2023.06.07-05.39.51:037][  0]LogInit: User: regularshin
[2023.06.07-05.39.51:037][  0]LogInit: CPU Page size=4096, Cores=6
[2023.06.07-05.39.51:037][  0]LogInit: High frequency timer resolution =10.000000 MHz
[2023.06.07-05.39.51:038][  0]LogMemory: Memory total: Physical=15.8GB (16GB approx)
[2023.06.07-05.39.51:038][  0]LogMemory: Platform Memory Stats for Windows
[2023.06.07-05.39.51:038][  0]LogMemory: Process Physical Memory: 146.53 MB used, 146.54 MB peak
[2023.06.07-05.39.51:038][  0]LogMemory: Process Virtual Memory: 131.98 MB used, 131.98 MB peak
[2023.06.07-05.39.51:038][  0]LogMemory: Physical Memory: 10402.71 MB used,  5825.12 MB free, 16227.84 MB total
[2023.06.07-05.39.51:038][  0]LogMemory: Virtual Memory: 134212008.00 MB used,  5723.77 MB free, 134217728.00 MB total
[2023.06.07-05.39.51:081][  0]LogWindows: WindowsPlatformFeatures enabled
[2023.06.07-05.39.51:123][  0]LogInit: Physics initialised using underlying interface: PhysX
[2023.06.07-05.39.51:124][  0]LogInit: Using OS detected language (ja-JP).
[2023.06.07-05.39.51:124][  0]LogInit: Using OS detected locale (ja-JP).
[2023.06.07-05.39.51:127][  0]LogTextLocalizationManager: No specific localization for 'ja-JP' exists, so the 'ja' localization will be used.
[2023.06.07-05.39.51:239][  0]LogWindowsTextInputMethodSystem: Display: IME system deactivated.
[2023.06.07-05.39.51:253][  0]LogSlate: New Slate User Created.  User Index 0, Is Virtual User: 0
[2023.06.07-05.39.51:253][  0]LogSlate: Slate User Registered.  User Index 0, Is Virtual User: 0
[2023.06.07-05.39.51:409][  0]LogD3D11RHI: Loaded GFSDK_Aftermath_Lib.x64.dll
[2023.06.07-05.39.51:457][  0]LogHMD: Failed to initialize OpenVR with code 110
[2023.06.07-05.39.51:457][  0]LogD3D11RHI: D3D11 min allowed feature level: 11_0
[2023.06.07-05.39.51:457][  0]LogD3D11RHI: D3D11 max allowed feature level: 11_0
[2023.06.07-05.39.51:457][  0]LogD3D11RHI: D3D11 adapters:
[2023.06.07-05.39.51:577][  0]LogD3D11RHI:    0. 'NVIDIA GeForce GTX 1660 Ti' (Feature Level 11_0)
[2023.06.07-05.39.51:577][  0]LogD3D11RHI:       5991/0/8113 MB DedicatedVideo/DedicatedSystem/SharedSystem, Outputs:1, VendorId:0x10de
[2023.06.07-05.39.51:606][  0]LogD3D11RHI:    1. 'Intel(R) UHD Graphics 630' (Feature Level 11_0)
[2023.06.07-05.39.51:606][  0]LogD3D11RHI:       128/0/8113 MB DedicatedVideo/DedicatedSystem/SharedSystem, Outputs:0, VendorId:0x8086
[2023.06.07-05.39.51:608][  0]LogD3D11RHI:    2. 'Microsoft Basic Render Driver' (Feature Level 11_0)
[2023.06.07-05.39.51:608][  0]LogD3D11RHI:       0/0/8113 MB DedicatedVideo/DedicatedSystem/SharedSystem, Outputs:0, VendorId:0x1414
[2023.06.07-05.39.51:608][  0]LogD3D11RHI: Chosen D3D11 Adapter:
[2023.06.07-05.39.51:608][  0]LogD3D11RHI:     Description : NVIDIA GeForce GTX 1660 Ti
[2023.06.07-05.39.51:608][  0]LogD3D11RHI:     VendorId    : 10de
[2023.06.07-05.39.51:608][  0]LogD3D11RHI:     DeviceId    : 2191
[2023.06.07-05.39.51:608][  0]LogD3D11RHI:     SubSysId    : 12aa1462
[2023.06.07-05.39.51:608][  0]LogD3D11RHI:     Revision    : 00a1
[2023.06.07-05.39.51:608][  0]LogD3D11RHI:     DedicatedVideoMemory : 6282018816 bytes
[2023.06.07-05.39.51:608][  0]LogD3D11RHI:     DedicatedSystemMemory : 0 bytes
[2023.06.07-05.39.51:608][  0]LogD3D11RHI:     SharedSystemMemory : 8508059648 bytes
[2023.06.07-05.39.51:608][  0]LogD3D11RHI:     AdapterLuid : 0 76296
[2023.06.07-05.39.51:614][  0]LogD3D11RHI: Creating new Direct3DDevice
[2023.06.07-05.39.51:614][  0]LogD3D11RHI:     GPU DeviceId: 0x2191 (for the marketing name, search the web for "GPU Device Id")
[2023.06.07-05.39.51:614][  0]LogWindows: EnumDisplayDevices:
[2023.06.07-05.39.51:614][  0]LogWindows:    0. 'Intel(R) UHD Graphics 630' (P:1 D:1)
[2023.06.07-05.39.51:614][  0]LogWindows:    1. 'Intel(R) UHD Graphics 630' (P:0 D:0)
[2023.06.07-05.39.51:615][  0]LogWindows:    2. 'Intel(R) UHD Graphics 630' (P:0 D:0)
[2023.06.07-05.39.51:615][  0]LogWindows:    3. 'NVIDIA GeForce GTX 1660 Ti' (P:0 D:0)
[2023.06.07-05.39.51:615][  0]LogWindows: DebugString: PrimaryIsNotTheChoosenAdapter PrimaryIsNotTheChoosenAdapter PrimaryIsNotTheChoosenAdapter 
[2023.06.07-05.39.51:615][  0]LogD3D11RHI:     Adapter Name: NVIDIA GeForce GTX 1660 Ti
[2023.06.07-05.39.51:615][  0]LogD3D11RHI:   Driver Version: 466.11 (internal:27.21.14.6611, unified:466.11)
[2023.06.07-05.39.51:615][  0]LogD3D11RHI:      Driver Date: 4-12-2021
[2023.06.07-05.39.51:615][  0]LogRHI: Texture pool is 4193 MB (70% of 5991 MB)
[2023.06.07-05.39.51:615][  0]LogD3D11RHI: Creating D3DDevice using adapter:
[2023.06.07-05.39.51:615][  0]LogD3D11RHI:     Description : NVIDIA GeForce GTX 1660 Ti
[2023.06.07-05.39.51:615][  0]LogD3D11RHI:     VendorId    : 10de
[2023.06.07-05.39.51:615][  0]LogD3D11RHI:     DeviceId    : 2191
[2023.06.07-05.39.51:615][  0]LogD3D11RHI:     SubSysId    : 12aa1462
[2023.06.07-05.39.51:615][  0]LogD3D11RHI:     Revision    : 00a1
[2023.06.07-05.39.51:615][  0]LogD3D11RHI:     DedicatedVideoMemory : 6282018816 bytes
[2023.06.07-05.39.51:615][  0]LogD3D11RHI:     DedicatedSystemMemory : 0 bytes
[2023.06.07-05.39.51:615][  0]LogD3D11RHI:     SharedSystemMemory : 8508059648 bytes
[2023.06.07-05.39.51:615][  0]LogD3D11RHI:     AdapterLuid : 0 76296
[2023.06.07-05.39.51:696][  0]LogD3D11RHI: RHI has support for 64 bit atomics
[2023.06.07-05.39.51:696][  0]LogD3D11RHI: Async texture creation enabled
[2023.06.07-05.39.51:696][  0]LogD3D11RHI: Array index from any shader is supported
[2023.06.07-05.39.51:716][  0]LogD3D11RHI: GPU Timing Frequency: 1000.000000 (Debug: 2 1)
[2023.06.07-05.39.51:755][  0]LogRHI: GeForceNow SDK initialized: 1
[2023.06.07-05.39.52:083][  0]LogTargetPlatformManager: Display: Loaded TargetPlatform 'AllDesktop'
[2023.06.07-05.39.52:103][  0]LogTargetPlatformManager: Display: Loaded TargetPlatform 'Android'
[2023.06.07-05.39.52:103][  0]LogTargetPlatformManager: Display: Loaded TargetPlatform 'Android_ASTC'
[2023.06.07-05.39.52:103][  0]LogTargetPlatformManager: Display: Loaded TargetPlatform 'Android_DXT'
[2023.06.07-05.39.52:103][  0]LogTargetPlatformManager: Display: Loaded TargetPlatform 'Android_ETC2'
[2023.06.07-05.39.52:103][  0]LogTargetPlatformManager: Display: Loaded TargetPlatform 'AndroidClient'
[2023.06.07-05.39.52:103][  0]LogTargetPlatformManager: Display: Loaded TargetPlatform 'Android_ASTCClient'
[2023.06.07-05.39.52:103][  0]LogTargetPlatformManager: Display: Loaded TargetPlatform 'Android_DXTClient'
[2023.06.07-05.39.52:103][  0]LogTargetPlatformManager: Display: Loaded TargetPlatform 'Android_ETC2Client'
[2023.06.07-05.39.52:103][  0]LogTargetPlatformManager: Display: Loaded TargetPlatform 'Android_Multi'
[2023.06.07-05.39.52:103][  0]LogTargetPlatformManager: Display: Loaded TargetPlatform 'Android_MultiClient'
[2023.06.07-05.39.52:122][  0]LogTargetPlatformManager: Display: Loaded TargetPlatform 'IOSClient'
[2023.06.07-05.39.52:122][  0]LogTargetPlatformManager: Display: Loaded TargetPlatform 'IOS'
[2023.06.07-05.39.52:130][  0]LogTargetPlatformManager: Display: Loaded TargetPlatform 'Linux'
[2023.06.07-05.39.52:134][  0]LogTargetPlatformManager: Display: Loaded TargetPlatform 'LinuxNoEditor'
[2023.06.07-05.39.52:138][  0]LogTargetPlatformManager: Display: Loaded TargetPlatform 'LinuxClient'
[2023.06.07-05.39.52:142][  0]LogTargetPlatformManager: Display: Loaded TargetPlatform 'LinuxServer'
[2023.06.07-05.39.52:151][  0]LogTargetPlatformManager: Display: Loaded TargetPlatform 'LinuxAArch64NoEditor'
[2023.06.07-05.39.52:155][  0]LogTargetPlatformManager: Display: Loaded TargetPlatform 'LinuxAArch64Client'
[2023.06.07-05.39.52:159][  0]LogTargetPlatformManager: Display: Loaded TargetPlatform 'LinuxAArch64Server'
[2023.06.07-05.39.52:180][  0]LogTargetPlatformManager: Display: Loaded TargetPlatform 'Lumin'
[2023.06.07-05.39.52:180][  0]LogTargetPlatformManager: Display: Loaded TargetPlatform 'LuminClient'
[2023.06.07-05.39.52:188][  0]LogTargetPlatformManager: Display: Loaded TargetPlatform 'MacNoEditor'
[2023.06.07-05.39.52:191][  0]LogTargetPlatformManager: Display: Loaded TargetPlatform 'Mac'
[2023.06.07-05.39.52:195][  0]LogTargetPlatformManager: Display: Loaded TargetPlatform 'MacClient'
[2023.06.07-05.39.52:199][  0]LogTargetPlatformManager: Display: Loaded TargetPlatform 'MacServer'
[2023.06.07-05.39.52:208][  0]LogTargetPlatformManager: Display: Loaded TargetPlatform 'TVOSClient'
[2023.06.07-05.39.52:208][  0]LogTargetPlatformManager: Display: Loaded TargetPlatform 'TVOS'
[2023.06.07-05.39.52:215][  0]LogTargetPlatformManager: Display: Loaded TargetPlatform 'WindowsNoEditor'
[2023.06.07-05.39.52:220][  0]LogTargetPlatformManager: Display: Loaded TargetPlatform 'Windows'
[2023.06.07-05.39.52:224][  0]LogTargetPlatformManager: Display: Loaded TargetPlatform 'WindowsClient'
[2023.06.07-05.39.52:228][  0]LogTargetPlatformManager: Display: Loaded TargetPlatform 'WindowsServer'
[2023.06.07-05.39.52:228][  0]LogTargetPlatformManager: Display: Building Assets For Windows
[2023.06.07-05.39.52:233][  0]LogAudioDebug: Display: Lib vorbis DLL was dynamically loaded.
[2023.06.07-05.39.52:260][  0]LogTextureFormatOodle: Display: Oodle Texture 2.9.0 init RDO Off
[2023.06.07-05.39.52:287][  0]LogRendererCore: Ray tracing is disabled. Reason: r.RayTracing=0.
[2023.06.07-05.39.52:288][  0]LogShaderCompilers: Guid format shader working directory is 6 characters bigger than the processId version (../../../../../../../PG/Ateam_2023/SummerGJ2023/Intermediate/Shaders/WorkingDirectory/2964/).
[2023.06.07-05.39.52:288][  0]LogShaderCompilers: Cleaned the shader compiler working directory 'C:/Users/regular_shin/AppData/Local/Temp/UnrealShaderWorkingDir/FAB17D93455A2E803985ACBA7AABDD3B/'.
[2023.06.07-05.39.52:288][  0]LogXGEController: Cannot use XGE Controller as Incredibuild is not installed on this machine.
[2023.06.07-05.39.52:288][  0]LogShaderCompilers: Cannot use XGE Shader Compiler as Incredibuild is not installed on this machine.
[2023.06.07-05.39.52:288][  0]LogShaderCompilers: Display: Using Local Shader Compiler.
[2023.06.07-05.39.53:156][  0]LogDerivedDataCache: Display: Max Cache Size: 512 MB
[2023.06.07-05.39.53:211][  0]LogDerivedDataCache: Loaded boot cache 0.06s 94MB C:/Users/regular_shin/AppData/Local/UnrealEngine/4.27/DerivedDataCache/Boot.ddc.
[2023.06.07-05.39.53:211][  0]LogDerivedDataCache: Display: Loaded Boot cache: C:/Users/regular_shin/AppData/Local/UnrealEngine/4.27/DerivedDataCache/Boot.ddc
[2023.06.07-05.39.53:212][  0]LogDerivedDataCache: FDerivedDataBackendGraph:  Pak pak cache file ../../../../../../../PG/Ateam_2023/SummerGJ2023/DerivedDataCache/DDC.ddp not found, will not use a pak cache.
[2023.06.07-05.39.53:212][  0]LogDerivedDataCache: Unable to find inner node Pak for hierarchical cache Hierarchy.
[2023.06.07-05.39.53:212][  0]LogDerivedDataCache: FDerivedDataBackendGraph:  CompressedPak pak cache file ../../../../../../../PG/Ateam_2023/SummerGJ2023/DerivedDataCache/Compressed.ddp not found, will not use a pak cache.
[2023.06.07-05.39.53:212][  0]LogDerivedDataCache: Unable to find inner node CompressedPak for hierarchical cache Hierarchy.
[2023.06.07-05.39.53:229][  0]LogDerivedDataCache: Display: Pak cache opened for reading ../../../Engine/DerivedDataCache/Compressed.ddp.
[2023.06.07-05.39.53:229][  0]LogDerivedDataCache: FDerivedDataBackendGraph:  EnterprisePak pak cache file ../../../Enterprise/DerivedDataCache/Compressed.ddp not found, will not use a pak cache.
[2023.06.07-05.39.53:229][  0]LogDerivedDataCache: Unable to find inner node EnterprisePak for hierarchical cache Hierarchy.
[2023.06.07-05.39.53:235][  0]LogDerivedDataCache: Speed tests for C:/Users/regular_shin/AppData/Local/UnrealEngine/Common/DerivedDataCache took 0.01 seconds
[2023.06.07-05.39.53:236][  0]LogDerivedDataCache: Display: Performance to C:/Users/regular_shin/AppData/Local/UnrealEngine/Common/DerivedDataCache: Latency=0.03ms. RandomReadSpeed=1106.90MBs, RandomWriteSpeed=173.44MBs. Assigned SpeedClass 'Local'
[2023.06.07-05.39.53:236][  0]LogDerivedDataCache: Using Local data cache path C:/Users/regular_shin/AppData/Local/UnrealEngine/Common/DerivedDataCache: Writable
[2023.06.07-05.39.53:236][  0]LogDerivedDataCache: Shared data cache path not found in *engine.ini, will not use an Shared cache.
[2023.06.07-05.39.53:236][  0]LogDerivedDataCache: Unable to find inner node Shared for hierarchical cache Hierarchy.
[2023.06.07-05.39.53:280][  0]LogSlate: Using FreeType 2.10.0
[2023.06.07-05.39.53:280][  0]LogSlate: SlateFontServices - WITH_FREETYPE: 1, WITH_HARFBUZZ: 1
[2023.06.07-05.39.53:305][  0]LogAssetRegistry: FAssetRegistry took 0.0028 seconds to start up
[2023.06.07-05.39.53:545][  0]LogInit: Selected Device Profile: [Windows]
[2023.06.07-05.39.53:545][  0]LogInit: Active device profile: [00000298294CCB00][0000029820CB9BC0 49] Windows
[2023.06.07-05.39.53:545][  0]LogInit: Profiles: [00000298294CCB00][0000029820CB9BC0 49] Windows, [000002982948A100][0000029826A681C0 49] WindowsNoEditor, [00000298294CD900][0000029828E9C340 49] WindowsServer, [000002982948AE00][0000029820FBE4C0 49] WindowsClient, [00000298294CFC00][00000298230E6600 49] IOS, [0000029829488F00][00000298230EA740 49] iPadAir, [00000298294CFE00][0000029826A48880 49] iPadAir2, [0000029829428C00][00000298292A0B00 49] IPadPro, [0000029829428D00][0000029826A4CB40 49] iPadAir3, [000002982948BB00][00000298292A4CC0 49] iPadAir4, [000002982942B600][00000298292A8E40 49] iPadMini2, [000002982948B200][00000298292ACFC0 49] iPadMini3, [000002982942B800][0000029828AFD140 49] iPadMini4, [000002982948B800][0000029828B012C0 49] iPadMini5, [0000029829460600][0000029828B09580 49] iPhone6, [0000029829460700][0000029828B055C0 49] iPodTouch6, [00000298294CE900][00000298213B1880 49] iPhone7, [00000298294CE800][0000029828B0D8C0 49] iPodTouch7, [0000029829460100][00000298213B5A40 49] iPhone5S, [0000029829428700][00000298213B9BC0 49] iPhone6Plus, [0000029829462500][00000298213BC1C0 49] iPhone6S, [0000029829429300][00000298213C0340 49] iPhone6SPlus, [0000029829463B00][00000298213C44C0 49] iPhone7Plus, [000002982942B500][00000298213C8640 49] iPhoneSE, [00000298294CE600][0000029826A50780 49] iPhone8, [0000029829428600][00000298213CC8C0 49] iPhone8Plus, [00000298294CE200][0000029828AA0A00 49] iPhoneX, [000002982942B300][0000029828AA4B40 49] iPhoneXS, [00000298294CF400][0000029828AACCC0 49] iPhoneXSMax, [000002982942AD00][0000029828AB0E40 49] iPhoneXR, [00000298294CC200][0000029828AB4FC0 49] iPhone11, [0000029829429E00][0000029828AB9140 49] iPhone11Pro, [00000298294CEA00][0000029828ABD2C0 49] iPhone11ProMax, [000002982942B700][0000029828AC1440 49] iPhoneSE2, [00000298294CCD00][0000029828AC55C0 49] iPhone12Mini, [0000029829429F00][0000029828AC9740 49] iPhone12, [00000298294CC700][0000029828ACD8C0 49] iPhone12Pro, [0000029829429400][0000029828AD1A40 49] iPhone12ProMax, [00000298294CCC00][0000029828AD5BC0 49] iPadPro105, [0000029829429700][0000029828AD81C0 49] iPadPro129, [00000298294CC100][0000029828ADC340 49] iPadPro97, [000002982942BC00][0000029828AE04C0 49] iPadPro2_129, [00000298294CC800][0000029828AE4640 49] iPad5, [000002982942B100][0000029828AE87C0 49] iPad6, [00000298294CC500][0000029828AEC940 49] iPad7, [000002982942A800][0000029828AA8A80 49] iPad8, [00000298294CD500][0000029823080BC0 49] iPadPro11, [0000029829429500][0000029823084D00 49] iPadPro2_11, [00000298294CCF00][000002982308CE80 49] iPadPro3_129, [000002982942AC00][0000029823091000 49] iPadPro4_129, [00000298294CE500][0000029823095180 49] AppleTV, [0000029829429100][0000029823099300 49] AppleTV4K, [00000298294CC400][000002982309D480 49] TVOS, [000002982942A600][00000298230A1600 49] Mac, [00000298294CFD00][00000298230A5780 49] MacClient, [0000029829429800][00000298230A9900 49] MacNoEditor, [00000298294CF100][00000298230ADA80 49] MacServer, [000002982942B900][00000298230B1C00 49] Linux, [00000298294CC900][00000298230B4200 49] LinuxAArch64, [000002982942BF00][00000298230B8380 49] LinuxNoEditor, [00000298294CDB00][00000298230BC500 49] LinuxAArch64NoEditor, [000002982942B400][00000298230C0680 49] LinuxClient, [00000298294CDC00][00000298230C4800 49] LinuxAArch64Client, [0000029829429D00][00000298230C8980 49] LinuxServer, [00000298294CEF00][00000298230CCB00 49] LinuxAArch64Server, [0000029829428500][0000029823088C40 49] Android, [00000298294CDE00][00000298230D0D80 49] Android_Low, [000002982942B000][00000298230D4EC0 49] Android_Mid, [00000298294CE400][00000298230DD040 49] Android_High, [0000029829428800][00000298230E11C0 49] Android_Default, [00000298294CF200][000002982A2E9340 49] Android_Adreno4xx, [000002982948A400][000002982A2ED4C0 49] Android_Adreno5xx_Low, [0000029829461C00][000002982A2F1640 49] Android_Adreno5xx, [000002982948BD00][000002982A2F57C0 49] Android_Adreno6xx, [0000029829462B00][000002982A2F9940 49] Android_Adreno6xx_Vulkan, [000002982948BE00][000002982A2FDAC0 49] Android_Mali_T6xx, [0000029829460F00][000002982A3000C0 49] Android_Mali_T7xx, [0000029829489300][000002982A304240 49] Android_Mali_T8xx, [0000029829461F00][000002982A3083C0 49] Android_Mali_G71, [0000029829489C00][000002982A30C540 49] Android_Mali_G72, [0000029829462400][000002982A3106C0 49] Android_Mali_G72_Vulkan, [000002982948B600][000002982A314840 49] Android_Mali_G76, [0000029829462100][000002982A3189C0 49] Android_Mali_G76_Vulkan, [0000029829489B00][000002982A31CB40 49] Android_Mali_G77, [0000029829460A00][000002982A320CC0 49] Android_Mali_G77_Vulkan, [000002982948B400][00000298230D8E00 49] Android_Mali_G78, [0000029829461300][000002982A324F40 49] Android_Mali_G78_Vulkan, [000002982948A900][000002982A329080 49] Android_Mali_G710, [0000029829463D00][000002982A32D1C0 49] Android_Mali_G710_Vulkan, [0000029829489E00][000002982A335340 49] Android_Vulkan_SM5, [0000029829460900][000002982A3394C0 49] Android_PowerVR_G6xxx, [0000029829489F00][000002982A33D640 49] Android_PowerVR_GT7xxx, [0000029829462700][000002982A3417C0 49] Android_PowerVR_GE8xxx, [000002982948A300][000002982A345940 49] Android_PowerVR_GM9xxx, [0000029829463200][000002982A349AC0 49] Android_PowerVR_GM9xxx_Vulkan, [000002982948B000][000002982A34C0C0 49] Android_TegraK1, [0000029829461700][000002982A350240 49] Android_Unknown_Vulkan, [000002982948B700][000002982A3543C0 49] Lumin, [0000029829460200][000002982A358540 49] Lumin_Desktop, [000002982948A200][0000029828B5A6C0 49] HoloLens, 
[2023.06.07-05.39.53:659][  0]LogMeshReduction: Using QuadricMeshReduction for automatic static mesh reduction
[2023.06.07-05.39.53:659][  0]LogMeshReduction: Using SimplygonMeshReduction for automatic skeletal mesh reduction
[2023.06.07-05.39.53:659][  0]LogMeshReduction: Using ProxyLODMeshReduction for automatic mesh merging
[2023.06.07-05.39.53:659][  0]LogMeshReduction: No distributed automatic mesh merging module available
[2023.06.07-05.39.53:659][  0]LogMeshMerging: No distributed automatic mesh merging module available
[2023.06.07-05.39.53:675][  0]LogNetVersion: SummerGJ2023 1.0.0, NetCL: 17155196, EngineNetVer: 17, GameNetVer: 0 (Checksum: 2361992904)
[2023.06.07-05.39.54:089][  0]LogTexture: Default maximum texture size for cubemaps generated from long-lat sources has been changed from 512 to unlimited. In order to preserve old behaiour for '/Engine/MapTemplates/Sky/DaylightAmbientCubemap.DaylightAmbientCubemap', its maximum texture size has been explicitly set to 512.
[2023.06.07-05.39.54:141][  0]LogHMD: PokeAHoleMaterial loaded successfully
[2023.06.07-05.39.54:146][  0]LogUObjectArray: 17178 objects as part of root set at end of initial load.
[2023.06.07-05.39.54:146][  0]LogUObjectAllocator: 4302048 out of 0 bytes used by permanent object pool.
[2023.06.07-05.39.54:146][  0]LogUObjectArray: CloseDisregardForGC: 0/0 objects in disregard for GC pool
[2023.06.07-05.39.54:498][  0]LogNiagaraDebuggerClient: Niagara Debugger Client Initialized | Session: 9EB7CC6A4025C62C01A254817E646A75 | Instance: DC413857496F69D8C50DACAFE4EABF2B (KBC12106116-2964).
[2023.06.07-05.39.54:689][  0]LogPython: Using Python 3.7.7
[2023.06.07-05.39.55:358][  0]LogTcpMessaging: Initializing TcpMessaging bridge
[2023.06.07-05.39.55:365][  0]LogUdpMessaging: Initializing bridge on interface 0.0.0.0:0 to multicast group 230.0.0.1:6666.
[2023.06.07-05.39.55:553][  0]SourceControl: ソースコントロールは無効です
[2023.06.07-05.39.55:553][  0]SourceControl: ソースコントロールは無効です
[2023.06.07-05.39.56:229][  0]LogUProjectInfo: Found projects:
[2023.06.07-05.39.56:473][  0]LogOpenImageDenoise: OIDN starting up
[2023.06.07-05.39.56:507][  0]LogAndroidPermission: UAndroidPermissionCallbackProxy::GetInstance
[2023.06.07-05.39.56:531][  0]LogAudioCaptureCore: Display: No Audio Capture implementations found. Audio input will be silent.
[2023.06.07-05.39.56:531][  0]LogAudioCaptureCore: Display: No Audio Capture implementations found. Audio input will be silent.
[2023.06.07-05.39.56:682][  0]LogCollectionManager: Loaded 0 collections in 0.001741 seconds
[2023.06.07-05.39.56:710][  0]LogFileCache: Scanning file cache for directory 'C:/PG/Ateam_2023/SummerGJ2023/Saved/Collections/' took 0.00s
[2023.06.07-05.39.56:710][  0]LogFileCache: Scanning file cache for directory 'C:/PG/Ateam_2023/SummerGJ2023/Content/Developers/regularshin/Collections/' took 0.00s
[2023.06.07-05.39.56:710][  0]LogFileCache: Scanning file cache for directory 'C:/PG/Ateam_2023/SummerGJ2023/Content/Collections/' took 0.00s
[2023.06.07-05.39.56:710][  0]LogOcInput: OculusInput pre-init called
[2023.06.07-05.39.57:013][  0]LogEngine: Initializing Engine...
[2023.06.07-05.39.57:015][  0]LogHMD: Failed to enumerate extensions. Please check that you have a valid OpenXR runtime installed.
[2023.06.07-05.39.57:015][  0]LogHMD: Failed to initialize OpenVR with code 110
[2023.06.07-05.39.57:015][  0]LogMagicLeap: Warning: VR disabled because ZI is not enabled.  To enable, in the editor, Edit -> Project Settings -> Plugins -> Magic Leap Plugin -> Enable Zero Iteration
[2023.06.07-05.39.57:017][  0]LogStats: UGameplayTagsManager::InitializeManager -  0.000 s
[2023.06.07-05.39.57:147][  0]LogInit: Initializing FReadOnlyCVARCache
[2023.06.07-05.39.57:156][  0]LogAIModule: Creating AISystem for world Untitled
[2023.06.07-05.39.57:159][  0]LogAudio: Display: Initializing Audio Device Manager...
[2023.06.07-05.39.57:162][  0]LogAudio: Display: Loading Default Audio Settings Objects...
[2023.06.07-05.39.57:162][  0]LogAudio: Display: No default SoundConcurrencyObject specified (or failed to load).
[2023.06.07-05.39.57:163][  0]LogAudio: Display: Audio Device Manager Initialized
[2023.06.07-05.39.57:163][  0]LogAudio: Display: Creating Audio Device:                 Id: 1, Scope: Shared, Realtime: True
[2023.06.07-05.39.57:163][  0]LogAudioMixer: Display: Audio Mixer Platform Settings:
[2023.06.07-05.39.57:163][  0]LogAudioMixer: Display: 	Sample Rate:						  48000
[2023.06.07-05.39.57:163][  0]LogAudioMixer: Display: 	Callback Buffer Frame Size Requested: 1024
[2023.06.07-05.39.57:163][  0]LogAudioMixer: Display: 	Callback Buffer Frame Size To Use:	  1024
[2023.06.07-05.39.57:163][  0]LogAudioMixer: Display: 	Number of buffers to queue:			  2
[2023.06.07-05.39.57:163][  0]LogAudioMixer: Display: 	Max Channels (voices):				  32
[2023.06.07-05.39.57:163][  0]LogAudioMixer: Display: 	Number of Async Source Workers:		  0
[2023.06.07-05.39.57:163][  0]LogAudio: Display: AudioDevice MaxSources: 32
[2023.06.07-05.39.57:163][  0]LogAudio: Display: Audio Spatialization Plugin: None (built-in).
[2023.06.07-05.39.57:163][  0]LogAudio: Display: Audio Reverb Plugin: None (built-in).
[2023.06.07-05.39.57:163][  0]LogAudio: Display: Audio Occlusion Plugin: None (built-in).
[2023.06.07-05.39.57:163][  0]LogAudioMixer: Display: Initializing audio mixer.
[2023.06.07-05.39.57:231][  0]LogAudioMixer: Display: 0: FrontLeft
[2023.06.07-05.39.57:231][  0]LogAudioMixer: Display: 1: FrontRight
[2023.06.07-05.39.57:248][  0]LogAudioMixer: Display: Using Audio Device ヘッドホン (LE_ATH-CKS30TW Stereo)
[2023.06.07-05.39.57:251][  0]LogAudioMixer: Display: Initializing Sound Submixes...
[2023.06.07-05.39.57:253][  0]LogAudioMixer: Display: Creating Master Submix 'MasterSubmixDefault'
[2023.06.07-05.39.57:254][  0]LogAudioMixer: Display: Creating Master Submix 'MasterReverbSubmixDefault'
[2023.06.07-05.39.57:254][  0]LogAudioMixer: Display: Creating Master Submix 'MasterEQSubmixDefault'
[2023.06.07-05.39.57:254][  0]LogAudioMixer: FMixerPlatformXAudio2::StartAudioStream() called
[2023.06.07-05.39.57:254][  0]LogAudioMixer: Display: Output buffers initialized: Frames=1024, Channels=2, Samples=2048
[2023.06.07-05.39.57:255][  0]LogAudioMixer: Display: Starting AudioMixerPlatformInterface::RunInternal()
[2023.06.07-05.39.57:255][  0]LogAudioMixer: Display: FMixerPlatformXAudio2::SubmitBuffer() called for the first time
[2023.06.07-05.39.57:255][  0]LogInit: FAudioDevice initialized.
[2023.06.07-05.39.57:256][  0]LogAudio: Display: Audio Device (ID: 1) registered with world 'Untitled'.
[2023.06.07-05.39.57:256][  0]LogNetVersion: Set ProjectVersion to 1.0.0.0. Version Checksum will be recalculated on next use.
[2023.06.07-05.39.57:303][  0]LogDerivedDataCache: Saved boot cache 0.05s 94MB C:/Users/regular_shin/AppData/Local/UnrealEngine/4.27/DerivedDataCache/Boot.ddc.
[2023.06.07-05.39.57:303][  0]LogInit: Texture streaming: Enabled
[2023.06.07-05.39.57:314][  0]LogAnalytics: Display: [UEEditor.Rocket.Release] APIServer = https://datarouter.ol.epicgames.com/. AppVersion = 4.27.2-18319896+++UE4+Release-4.27
[2023.06.07-05.39.57:318][  0]LogEngineSessionManager: EngineSessionManager initialized
[2023.06.07-05.39.57:318][  0]LogEditorSessionSummary: Verbose: Initializing EditorSessionSummaryWriter for editor session tracking
[2023.06.07-05.39.57:323][  0]LogEditorSessionSummary: EditorSessionSummaryWriter initialized
[2023.06.07-05.39.57:347][  0]LogInit: Transaction tracking system initialized
[2023.06.07-05.39.57:365][  0]BlueprintLog: New page: エディタの読み込み
[2023.06.07-05.39.57:423][  0]LocalizationService: ローカライズのサービスが無効になりました
[2023.06.07-05.39.57:447][  0]TimingProfiler: Initialize
[2023.06.07-05.39.57:447][  0]TimingProfiler: OnSessionChanged
[2023.06.07-05.39.57:447][  0]LoadingProfiler: Initialize
[2023.06.07-05.39.57:447][  0]LoadingProfiler: OnSessionChanged
[2023.06.07-05.39.57:447][  0]NetworkingProfiler: Initialize
[2023.06.07-05.39.57:447][  0]NetworkingProfiler: OnSessionChanged
[2023.06.07-05.39.57:447][  0]MemoryProfiler: Initialize
[2023.06.07-05.39.57:447][  0]MemoryProfiler: OnSessionChanged
[2023.06.07-05.39.57:594][  0]LogCook: Display: CookSettings for Memory: MemoryMaxUsedVirtual 0MiB, MemoryMaxUsedPhysical 16384MiB, MemoryMinFreeVirtual 0MiB, MemoryMinFreePhysical 1024MiB
[2023.06.07-05.39.57:594][  0]LogCook: Display: Mobile HDR setting 1
[2023.06.07-05.39.57:768][  0]LogFileCache: Scanning file cache for directory 'C:/PG/Ateam_2023/SummerGJ2023/Content/' took 0.00s
[2023.06.07-05.39.58:003][  0]LogInit: Display: Engine is initialized. Leaving FEngineLoop::Init()
[2023.06.07-05.39.58:007][  0]LogUnrealEdMisc: Loading editor; pre map load, took 8.172
[2023.06.07-05.39.58:007][  0]Cmd: MAP LOAD FILE="../../../Engine/Content/Maps/Templates/Template_Default.umap" TEMPLATE=1 SHOWPROGRESS=1 FEATURELEVEL=3
[2023.06.07-05.39.58:007][  0]LightingResults: New page: ライティングのビルド
[2023.06.07-05.39.58:008][  0]LogWorld: UWorld::CleanupWorld for Untitled, bSessionEnded=true, bCleanupResources=true
[2023.06.07-05.39.58:008][  0]LogSlate: InvalidateAllWidgets triggered.  All widgets were invalidated
[2023.06.07-05.39.58:008][  0]MapCheck: New page: マップをチェック
[2023.06.07-05.39.58:008][  0]LightingResults: New page: <何も選択されていません>
[2023.06.07-05.39.58:013][  0]LogAudio: Display: Audio Device unregistered from world 'None'.
[2023.06.07-05.39.58:017][  0]LogUObjectHash: Compacting FUObjectHashTables data took   1.31ms
[2023.06.07-05.39.58:066][  0]LogTexture: Display: テクスチャをビルドしています:DeprecatedTextureEB9CBE3C423008B5E8E130901E171C89 (BGRA8、128X128)
[2023.06.07-05.39.58:070][  0]LogAudio: Display: Audio Device (ID: 1) registered with world 'Untitled_1'.
[2023.06.07-05.39.58:070][  0]LogAIModule: Creating AISystem for world Untitled_1
[2023.06.07-05.39.58:073][  0]LogEditorServer: Finished looking for orphan Actors (0.000 secs)
[2023.06.07-05.39.58:081][  0]LogUObjectHash: Compacting FUObjectHashTables data took   0.85ms
[2023.06.07-05.39.58:081][  0]Cmd: MAP CHECKDEP NOCLEARLOG
[2023.06.07-05.39.58:081][  0]MapCheck: マップチェックが完了: 0 エラー、 0 警告、完了に 0.18ミリ秒かかりました。
[2023.06.07-05.39.58:081][  0]LogFileHelpers: Loading map 'Template_Default' took 0.075
[2023.06.07-05.39.58:083][  0]LogUnrealEdMisc: Total Editor Startup Time, took 8.249
[2023.06.07-05.39.58:155][  0]LogWindowsTextInputMethodSystem: Display: IME system activated using TSF (Microsoft IME).
[2023.06.07-05.39.58:210][  0]LogNativeClassHierarchy: Verbose: Native class hierarchy populated in 0.0090 seconds. Added 3833 classes and 939 folders.
[2023.06.07-05.39.58:212][  0]LogNativeClassHierarchy: Verbose: Native class hierarchy updated for 'WidgetCarousel' in 0.0003 seconds. Added 0 classes and 0 folders.
[2023.06.07-05.39.58:214][  0]LogPakFile: PakFile PrimaryIndexSize=187
[2023.06.07-05.39.58:214][  0]LogPakFile: PakFile PathHashIndexSize=101
[2023.06.07-05.39.58:215][  0]LogPakFile: PakFile FullDirectoryIndexSize=148
[2023.06.07-05.39.58:215][  0]LogShaderLibrary: Display: ShaderCodeLibraryPakFileMountedCallback: PakFile 'C:/Users/regular_shin/Desktop/UE_4.27/FeaturePacks/FP_FirstPerson.upack' (chunk index -1, root 'root:/') mounted
[2023.06.07-05.39.58:215][  0]LogShaderLibrary: Display: ShaderCodeLibraryPakFileMountedCallback: pending pak file info (ChunkID:-1 Root:root:/ File:C:/Users/regular_shin/Desktop/UE_4.27/FeaturePacks/FP_FirstPerson.upack)
[2023.06.07-05.39.58:215][  0]LogPakFile: OnPakFileMounted2Time == 0.000123
[2023.06.07-05.39.58:216][  0]LogPakFile: PakFile PrimaryIndexSize=189
[2023.06.07-05.39.58:216][  0]LogPakFile: PakFile PathHashIndexSize=101
[2023.06.07-05.39.58:216][  0]LogPakFile: PakFile FullDirectoryIndexSize=152
[2023.06.07-05.39.58:216][  0]LogShaderLibrary: Display: ShaderCodeLibraryPakFileMountedCallback: PakFile 'C:/Users/regular_shin/Desktop/UE_4.27/FeaturePacks/FP_FirstPersonBP.upack' (chunk index -1, root 'root:/') mounted
[2023.06.07-05.39.58:216][  0]LogShaderLibrary: Display: ShaderCodeLibraryPakFileMountedCallback: pending pak file info (ChunkID:-1 Root:root:/ File:C:/Users/regular_shin/Desktop/UE_4.27/FeaturePacks/FP_FirstPersonBP.upack)
[2023.06.07-05.39.58:216][  0]LogPakFile: OnPakFileMounted2Time == 0.000081
[2023.06.07-05.39.58:217][  0]LogPakFile: PakFile PrimaryIndexSize=191
[2023.06.07-05.39.58:217][  0]LogPakFile: PakFile PathHashIndexSize=101
[2023.06.07-05.39.58:217][  0]LogPakFile: PakFile FullDirectoryIndexSize=160
[2023.06.07-05.39.58:217][  0]LogShaderLibrary: Display: ShaderCodeLibraryPakFileMountedCallback: PakFile 'C:/Users/regular_shin/Desktop/UE_4.27/FeaturePacks/MobileStarterContent.upack' (chunk index -1, root 'root:/') mounted
[2023.06.07-05.39.58:217][  0]LogShaderLibrary: Display: ShaderCodeLibraryPakFileMountedCallback: pending pak file info (ChunkID:-1 Root:root:/ File:C:/Users/regular_shin/Desktop/UE_4.27/FeaturePacks/MobileStarterContent.upack)
[2023.06.07-05.39.58:217][  0]LogPakFile: OnPakFileMounted2Time == 0.000043
[2023.06.07-05.39.58:218][  0]LogPakFile: PakFile PrimaryIndexSize=185
[2023.06.07-05.39.58:218][  0]LogPakFile: PakFile PathHashIndexSize=101
[2023.06.07-05.39.58:218][  0]LogPakFile: PakFile FullDirectoryIndexSize=148
[2023.06.07-05.39.58:218][  0]LogShaderLibrary: Display: ShaderCodeLibraryPakFileMountedCallback: PakFile 'C:/Users/regular_shin/Desktop/UE_4.27/FeaturePacks/StarterContent.upack' (chunk index -1, root 'root:/') mounted
[2023.06.07-05.39.58:218][  0]LogShaderLibrary: Display: ShaderCodeLibraryPakFileMountedCallback: pending pak file info (ChunkID:-1 Root:root:/ File:C:/Users/regular_shin/Desktop/UE_4.27/FeaturePacks/StarterContent.upack)
[2023.06.07-05.39.58:218][  0]LogPakFile: OnPakFileMounted2Time == 0.000042
[2023.06.07-05.39.58:219][  0]LogPakFile: PakFile PrimaryIndexSize=190
[2023.06.07-05.39.58:219][  0]LogPakFile: PakFile PathHashIndexSize=101
[2023.06.07-05.39.58:219][  0]LogPakFile: PakFile FullDirectoryIndexSize=154
[2023.06.07-05.39.58:219][  0]LogShaderLibrary: Display: ShaderCodeLibraryPakFileMountedCallback: PakFile 'C:/Users/regular_shin/Desktop/UE_4.27/FeaturePacks/TP_2DSideScroller.upack' (chunk index -1, root 'root:/') mounted
[2023.06.07-05.39.58:219][  0]LogShaderLibrary: Display: ShaderCodeLibraryPakFileMountedCallback: pending pak file info (ChunkID:-1 Root:root:/ File:C:/Users/regular_shin/Desktop/UE_4.27/FeaturePacks/TP_2DSideScroller.upack)
[2023.06.07-05.39.58:219][  0]LogPakFile: OnPakFileMounted2Time == 0.000039
[2023.06.07-05.39.58:219][  0]LogPakFile: PakFile PrimaryIndexSize=192
[2023.06.07-05.39.58:219][  0]LogPakFile: PakFile PathHashIndexSize=101
[2023.06.07-05.39.58:219][  0]LogPakFile: PakFile FullDirectoryIndexSize=158
[2023.06.07-05.39.58:219][  0]LogShaderLibrary: Display: ShaderCodeLibraryPakFileMountedCallback: PakFile 'C:/Users/regular_shin/Desktop/UE_4.27/FeaturePacks/TP_2DSideScrollerBP.upack' (chunk index -1, root 'root:/') mounted
[2023.06.07-05.39.58:219][  0]LogShaderLibrary: Display: ShaderCodeLibraryPakFileMountedCallback: pending pak file info (ChunkID:-1 Root:root:/ File:C:/Users/regular_shin/Desktop/UE_4.27/FeaturePacks/TP_2DSideScrollerBP.upack)
[2023.06.07-05.39.58:219][  0]LogPakFile: OnPakFileMounted2Time == 0.000035
[2023.06.07-05.39.58:220][  0]LogPakFile: PakFile PrimaryIndexSize=182
[2023.06.07-05.39.58:220][  0]LogPakFile: PakFile PathHashIndexSize=101
[2023.06.07-05.39.58:220][  0]LogPakFile: PakFile FullDirectoryIndexSize=138
[2023.06.07-05.39.58:220][  0]LogShaderLibrary: Display: ShaderCodeLibraryPakFileMountedCallback: PakFile 'C:/Users/regular_shin/Desktop/UE_4.27/FeaturePacks/TP_Flying.upack' (chunk index -1, root 'root:/') mounted
[2023.06.07-05.39.58:220][  0]LogShaderLibrary: Display: ShaderCodeLibraryPakFileMountedCallback: pending pak file info (ChunkID:-1 Root:root:/ File:C:/Users/regular_shin/Desktop/UE_4.27/FeaturePacks/TP_Flying.upack)
[2023.06.07-05.39.58:220][  0]LogPakFile: OnPakFileMounted2Time == 0.000065
[2023.06.07-05.39.58:220][  0]LogPakFile: PakFile PrimaryIndexSize=184
[2023.06.07-05.39.58:220][  0]LogPakFile: PakFile PathHashIndexSize=101
[2023.06.07-05.39.58:220][  0]LogPakFile: PakFile FullDirectoryIndexSize=142
[2023.06.07-05.39.58:220][  0]LogShaderLibrary: Display: ShaderCodeLibraryPakFileMountedCallback: PakFile 'C:/Users/regular_shin/Desktop/UE_4.27/FeaturePacks/TP_FlyingBP.upack' (chunk index -1, root 'root:/') mounted
[2023.06.07-05.39.58:220][  0]LogShaderLibrary: Display: ShaderCodeLibraryPakFileMountedCallback: pending pak file info (ChunkID:-1 Root:root:/ File:C:/Users/regular_shin/Desktop/UE_4.27/FeaturePacks/TP_FlyingBP.upack)
[2023.06.07-05.39.58:220][  0]LogPakFile: OnPakFileMounted2Time == 0.000036
[2023.06.07-05.39.58:221][  0]LogPakFile: PakFile PrimaryIndexSize=188
[2023.06.07-05.39.58:221][  0]LogPakFile: PakFile PathHashIndexSize=101
[2023.06.07-05.39.58:221][  0]LogPakFile: PakFile FullDirectoryIndexSize=150
[2023.06.07-05.39.58:221][  0]LogShaderLibrary: Display: ShaderCodeLibraryPakFileMountedCallback: PakFile 'C:/Users/regular_shin/Desktop/UE_4.27/FeaturePacks/TP_HandheldARBP.upack' (chunk index -1, root 'root:/') mounted
[2023.06.07-05.39.58:221][  0]LogShaderLibrary: Display: ShaderCodeLibraryPakFileMountedCallback: pending pak file info (ChunkID:-1 Root:root:/ File:C:/Users/regular_shin/Desktop/UE_4.27/FeaturePacks/TP_HandheldARBP.upack)
[2023.06.07-05.39.58:221][  0]LogPakFile: OnPakFileMounted2Time == 0.000036
[2023.06.07-05.39.58:223][  0]LogPakFile: PakFile PrimaryIndexSize=182
[2023.06.07-05.39.58:223][  0]LogPakFile: PakFile PathHashIndexSize=101
[2023.06.07-05.39.58:223][  0]LogPakFile: PakFile FullDirectoryIndexSize=138
[2023.06.07-05.39.58:223][  0]LogShaderLibrary: Display: ShaderCodeLibraryPakFileMountedCallback: PakFile 'C:/Users/regular_shin/Desktop/UE_4.27/FeaturePacks/TP_Puzzle.upack' (chunk index -1, root 'root:/') mounted
[2023.06.07-05.39.58:223][  0]LogShaderLibrary: Display: ShaderCodeLibraryPakFileMountedCallback: pending pak file info (ChunkID:-1 Root:root:/ File:C:/Users/regular_shin/Desktop/UE_4.27/FeaturePacks/TP_Puzzle.upack)
[2023.06.07-05.39.58:223][  0]LogPakFile: OnPakFileMounted2Time == 0.000038
[2023.06.07-05.39.58:223][  0]LogPakFile: PakFile PrimaryIndexSize=184
[2023.06.07-05.39.58:223][  0]LogPakFile: PakFile PathHashIndexSize=101
[2023.06.07-05.39.58:223][  0]LogPakFile: PakFile FullDirectoryIndexSize=142
[2023.06.07-05.39.58:223][  0]LogShaderLibrary: Display: ShaderCodeLibraryPakFileMountedCallback: PakFile 'C:/Users/regular_shin/Desktop/UE_4.27/FeaturePacks/TP_PuzzleBP.upack' (chunk index -1, root 'root:/') mounted
[2023.06.07-05.39.58:223][  0]LogShaderLibrary: Display: ShaderCodeLibraryPakFileMountedCallback: pending pak file info (ChunkID:-1 Root:root:/ File:C:/Users/regular_shin/Desktop/UE_4.27/FeaturePacks/TP_PuzzleBP.upack)
[2023.06.07-05.39.58:223][  0]LogPakFile: OnPakFileMounted2Time == 0.000037
[2023.06.07-05.39.58:223][  0]LogPakFile: PakFile PrimaryIndexSize=183
[2023.06.07-05.39.58:223][  0]LogPakFile: PakFile PathHashIndexSize=101
[2023.06.07-05.39.58:223][  0]LogPakFile: PakFile FullDirectoryIndexSize=140
[2023.06.07-05.39.58:223][  0]LogShaderLibrary: Display: ShaderCodeLibraryPakFileMountedCallback: PakFile 'C:/Users/regular_shin/Desktop/UE_4.27/FeaturePacks/TP_Rolling.upack' (chunk index -1, root 'root:/') mounted
[2023.06.07-05.39.58:223][  0]LogShaderLibrary: Display: ShaderCodeLibraryPakFileMountedCallback: pending pak file info (ChunkID:-1 Root:root:/ File:C:/Users/regular_shin/Desktop/UE_4.27/FeaturePacks/TP_Rolling.upack)
[2023.06.07-05.39.58:223][  0]LogPakFile: OnPakFileMounted2Time == 0.000038
[2023.06.07-05.39.58:224][  0]LogPakFile: PakFile PrimaryIndexSize=185
[2023.06.07-05.39.58:224][  0]LogPakFile: PakFile PathHashIndexSize=101
[2023.06.07-05.39.58:224][  0]LogPakFile: PakFile FullDirectoryIndexSize=144
[2023.06.07-05.39.58:224][  0]LogShaderLibrary: Display: ShaderCodeLibraryPakFileMountedCallback: PakFile 'C:/Users/regular_shin/Desktop/UE_4.27/FeaturePacks/TP_RollingBP.upack' (chunk index -1, root 'root:/') mounted
[2023.06.07-05.39.58:224][  0]LogShaderLibrary: Display: ShaderCodeLibraryPakFileMountedCallback: pending pak file info (ChunkID:-1 Root:root:/ File:C:/Users/regular_shin/Desktop/UE_4.27/FeaturePacks/TP_RollingBP.upack)
[2023.06.07-05.39.58:224][  0]LogPakFile: OnPakFileMounted2Time == 0.000040
[2023.06.07-05.39.58:225][  0]LogPakFile: PakFile PrimaryIndexSize=188
[2023.06.07-05.39.58:225][  0]LogPakFile: PakFile PathHashIndexSize=101
[2023.06.07-05.39.58:225][  0]LogPakFile: PakFile FullDirectoryIndexSize=150
[2023.06.07-05.39.58:225][  0]LogShaderLibrary: Display: ShaderCodeLibraryPakFileMountedCallback: PakFile 'C:/Users/regular_shin/Desktop/UE_4.27/FeaturePacks/TP_SideScroller.upack' (chunk index -1, root 'root:/') mounted
[2023.06.07-05.39.58:225][  0]LogShaderLibrary: Display: ShaderCodeLibraryPakFileMountedCallback: pending pak file info (ChunkID:-1 Root:root:/ File:C:/Users/regular_shin/Desktop/UE_4.27/FeaturePacks/TP_SideScroller.upack)
[2023.06.07-05.39.58:225][  0]LogPakFile: OnPakFileMounted2Time == 0.000089
[2023.06.07-05.39.58:226][  0]LogPakFile: PakFile PrimaryIndexSize=190
[2023.06.07-05.39.58:226][  0]LogPakFile: PakFile PathHashIndexSize=101
[2023.06.07-05.39.58:226][  0]LogPakFile: PakFile FullDirectoryIndexSize=154
[2023.06.07-05.39.58:226][  0]LogShaderLibrary: Display: ShaderCodeLibraryPakFileMountedCallback: PakFile 'C:/Users/regular_shin/Desktop/UE_4.27/FeaturePacks/TP_SideScrollerBP.upack' (chunk index -1, root 'root:/') mounted
[2023.06.07-05.39.58:226][  0]LogShaderLibrary: Display: ShaderCodeLibraryPakFileMountedCallback: pending pak file info (ChunkID:-1 Root:root:/ File:C:/Users/regular_shin/Desktop/UE_4.27/FeaturePacks/TP_SideScrollerBP.upack)
[2023.06.07-05.39.58:226][  0]LogPakFile: OnPakFileMounted2Time == 0.000084
[2023.06.07-05.39.58:227][  0]LogPakFile: PakFile PrimaryIndexSize=187
[2023.06.07-05.39.58:227][  0]LogPakFile: PakFile PathHashIndexSize=101
[2023.06.07-05.39.58:227][  0]LogPakFile: PakFile FullDirectoryIndexSize=148
[2023.06.07-05.39.58:227][  0]LogShaderLibrary: Display: ShaderCodeLibraryPakFileMountedCallback: PakFile 'C:/Users/regular_shin/Desktop/UE_4.27/FeaturePacks/TP_ThirdPerson.upack' (chunk index -1, root 'root:/') mounted
[2023.06.07-05.39.58:227][  0]LogShaderLibrary: Display: ShaderCodeLibraryPakFileMountedCallback: pending pak file info (ChunkID:-1 Root:root:/ File:C:/Users/regular_shin/Desktop/UE_4.27/FeaturePacks/TP_ThirdPerson.upack)
[2023.06.07-05.39.58:227][  0]LogPakFile: OnPakFileMounted2Time == 0.000039
[2023.06.07-05.39.58:228][  0]LogPakFile: PakFile PrimaryIndexSize=189
[2023.06.07-05.39.58:228][  0]LogPakFile: PakFile PathHashIndexSize=101
[2023.06.07-05.39.58:228][  0]LogPakFile: PakFile FullDirectoryIndexSize=152
[2023.06.07-05.39.58:228][  0]LogShaderLibrary: Display: ShaderCodeLibraryPakFileMountedCallback: PakFile 'C:/Users/regular_shin/Desktop/UE_4.27/FeaturePacks/TP_ThirdPersonBP.upack' (chunk index -1, root 'root:/') mounted
[2023.06.07-05.39.58:228][  0]LogShaderLibrary: Display: ShaderCodeLibraryPakFileMountedCallback: pending pak file info (ChunkID:-1 Root:root:/ File:C:/Users/regular_shin/Desktop/UE_4.27/FeaturePacks/TP_ThirdPersonBP.upack)
[2023.06.07-05.39.58:228][  0]LogPakFile: OnPakFileMounted2Time == 0.000036
[2023.06.07-05.39.58:229][  0]LogPakFile: PakFile PrimaryIndexSize=183
[2023.06.07-05.39.58:229][  0]LogPakFile: PakFile PathHashIndexSize=101
[2023.06.07-05.39.58:229][  0]LogPakFile: PakFile FullDirectoryIndexSize=140
[2023.06.07-05.39.58:229][  0]LogShaderLibrary: Display: ShaderCodeLibraryPakFileMountedCallback: PakFile 'C:/Users/regular_shin/Desktop/UE_4.27/FeaturePacks/TP_TopDown.upack' (chunk index -1, root 'root:/') mounted
[2023.06.07-05.39.58:229][  0]LogShaderLibrary: Display: ShaderCodeLibraryPakFileMountedCallback: pending pak file info (ChunkID:-1 Root:root:/ File:C:/Users/regular_shin/Desktop/UE_4.27/FeaturePacks/TP_TopDown.upack)
[2023.06.07-05.39.58:229][  0]LogPakFile: OnPakFileMounted2Time == 0.000095
[2023.06.07-05.39.58:230][  0]LogPakFile: PakFile PrimaryIndexSize=185
[2023.06.07-05.39.58:230][  0]LogPakFile: PakFile PathHashIndexSize=101
[2023.06.07-05.39.58:230][  0]LogPakFile: PakFile FullDirectoryIndexSize=144
[2023.06.07-05.39.58:230][  0]LogShaderLibrary: Display: ShaderCodeLibraryPakFileMountedCallback: PakFile 'C:/Users/regular_shin/Desktop/UE_4.27/FeaturePacks/TP_TopDownBP.upack' (chunk index -1, root 'root:/') mounted
[2023.06.07-05.39.58:230][  0]LogShaderLibrary: Display: ShaderCodeLibraryPakFileMountedCallback: pending pak file info (ChunkID:-1 Root:root:/ File:C:/Users/regular_shin/Desktop/UE_4.27/FeaturePacks/TP_TopDownBP.upack)
[2023.06.07-05.39.58:230][  0]LogPakFile: OnPakFileMounted2Time == 0.000091
[2023.06.07-05.39.58:231][  0]LogPakFile: PakFile PrimaryIndexSize=185
[2023.06.07-05.39.58:231][  0]LogPakFile: PakFile PathHashIndexSize=101
[2023.06.07-05.39.58:231][  0]LogPakFile: PakFile FullDirectoryIndexSize=144
[2023.06.07-05.39.58:231][  0]LogShaderLibrary: Display: ShaderCodeLibraryPakFileMountedCallback: PakFile 'C:/Users/regular_shin/Desktop/UE_4.27/FeaturePacks/TP_TwinStick.upack' (chunk index -1, root 'root:/') mounted
[2023.06.07-05.39.58:231][  0]LogShaderLibrary: Display: ShaderCodeLibraryPakFileMountedCallback: pending pak file info (ChunkID:-1 Root:root:/ File:C:/Users/regular_shin/Desktop/UE_4.27/FeaturePacks/TP_TwinStick.upack)
[2023.06.07-05.39.58:231][  0]LogPakFile: OnPakFileMounted2Time == 0.000095
[2023.06.07-05.39.58:233][  0]LogPakFile: PakFile PrimaryIndexSize=187
[2023.06.07-05.39.58:233][  0]LogPakFile: PakFile PathHashIndexSize=101
[2023.06.07-05.39.58:233][  0]LogPakFile: PakFile FullDirectoryIndexSize=148
[2023.06.07-05.39.58:233][  0]LogShaderLibrary: Display: ShaderCodeLibraryPakFileMountedCallback: PakFile 'C:/Users/regular_shin/Desktop/UE_4.27/FeaturePacks/TP_TwinStickBP.upack' (chunk index -1, root 'root:/') mounted
[2023.06.07-05.39.58:233][  0]LogShaderLibrary: Display: ShaderCodeLibraryPakFileMountedCallback: pending pak file info (ChunkID:-1 Root:root:/ File:C:/Users/regular_shin/Desktop/UE_4.27/FeaturePacks/TP_TwinStickBP.upack)
[2023.06.07-05.39.58:233][  0]LogPakFile: OnPakFileMounted2Time == 0.000093
[2023.06.07-05.39.58:235][  0]LogPakFile: PakFile PrimaryIndexSize=183
[2023.06.07-05.39.58:235][  0]LogPakFile: PakFile PathHashIndexSize=101
[2023.06.07-05.39.58:235][  0]LogPakFile: PakFile FullDirectoryIndexSize=140
[2023.06.07-05.39.58:235][  0]LogShaderLibrary: Display: ShaderCodeLibraryPakFileMountedCallback: PakFile 'C:/Users/regular_shin/Desktop/UE_4.27/FeaturePacks/TP_Vehicle.upack' (chunk index -1, root 'root:/') mounted
[2023.06.07-05.39.58:235][  0]LogShaderLibrary: Display: ShaderCodeLibraryPakFileMountedCallback: pending pak file info (ChunkID:-1 Root:root:/ File:C:/Users/regular_shin/Desktop/UE_4.27/FeaturePacks/TP_Vehicle.upack)
[2023.06.07-05.39.58:235][  0]LogPakFile: OnPakFileMounted2Time == 0.000114
[2023.06.07-05.39.58:236][  0]LogPakFile: PakFile PrimaryIndexSize=186
[2023.06.07-05.39.58:236][  0]LogPakFile: PakFile PathHashIndexSize=101
[2023.06.07-05.39.58:236][  0]LogPakFile: PakFile FullDirectoryIndexSize=146
[2023.06.07-05.39.58:236][  0]LogShaderLibrary: Display: ShaderCodeLibraryPakFileMountedCallback: PakFile 'C:/Users/regular_shin/Desktop/UE_4.27/FeaturePacks/TP_VehicleAdv.upack' (chunk index -1, root 'root:/') mounted
[2023.06.07-05.39.58:236][  0]LogShaderLibrary: Display: ShaderCodeLibraryPakFileMountedCallback: pending pak file info (ChunkID:-1 Root:root:/ File:C:/Users/regular_shin/Desktop/UE_4.27/FeaturePacks/TP_VehicleAdv.upack)
[2023.06.07-05.39.58:236][  0]LogPakFile: OnPakFileMounted2Time == 0.000078
[2023.06.07-05.39.58:237][  0]LogPakFile: PakFile PrimaryIndexSize=188
[2023.06.07-05.39.58:237][  0]LogPakFile: PakFile PathHashIndexSize=101
[2023.06.07-05.39.58:237][  0]LogPakFile: PakFile FullDirectoryIndexSize=150
[2023.06.07-05.39.58:237][  0]LogShaderLibrary: Display: ShaderCodeLibraryPakFileMountedCallback: PakFile 'C:/Users/regular_shin/Desktop/UE_4.27/FeaturePacks/TP_VehicleAdvBP.upack' (chunk index -1, root 'root:/') mounted
[2023.06.07-05.39.58:237][  0]LogShaderLibrary: Display: ShaderCodeLibraryPakFileMountedCallback: pending pak file info (ChunkID:-1 Root:root:/ File:C:/Users/regular_shin/Desktop/UE_4.27/FeaturePacks/TP_VehicleAdvBP.upack)
[2023.06.07-05.39.58:237][  0]LogPakFile: OnPakFileMounted2Time == 0.000083
[2023.06.07-05.39.58:238][  0]LogPakFile: PakFile PrimaryIndexSize=185
[2023.06.07-05.39.58:238][  0]LogPakFile: PakFile PathHashIndexSize=101
[2023.06.07-05.39.58:238][  0]LogPakFile: PakFile FullDirectoryIndexSize=144
[2023.06.07-05.39.58:238][  0]LogShaderLibrary: Display: ShaderCodeLibraryPakFileMountedCallback: PakFile 'C:/Users/regular_shin/Desktop/UE_4.27/FeaturePacks/TP_VehicleBP.upack' (chunk index -1, root 'root:/') mounted
[2023.06.07-05.39.58:238][  0]LogShaderLibrary: Display: ShaderCodeLibraryPakFileMountedCallback: pending pak file info (ChunkID:-1 Root:root:/ File:C:/Users/regular_shin/Desktop/UE_4.27/FeaturePacks/TP_VehicleBP.upack)
[2023.06.07-05.39.58:238][  0]LogPakFile: OnPakFileMounted2Time == 0.000083
[2023.06.07-05.39.58:239][  0]LogPakFile: PakFile PrimaryIndexSize=192
[2023.06.07-05.39.58:239][  0]LogPakFile: PakFile PathHashIndexSize=101
[2023.06.07-05.39.58:239][  0]LogPakFile: PakFile FullDirectoryIndexSize=158
[2023.06.07-05.39.58:239][  0]LogShaderLibrary: Display: ShaderCodeLibraryPakFileMountedCallback: PakFile 'C:/Users/regular_shin/Desktop/UE_4.27/FeaturePacks/TP_VirtualRealityBP.upack' (chunk index -1, root 'root:/') mounted
[2023.06.07-05.39.58:239][  0]LogShaderLibrary: Display: ShaderCodeLibraryPakFileMountedCallback: pending pak file info (ChunkID:-1 Root:root:/ File:C:/Users/regular_shin/Desktop/UE_4.27/FeaturePacks/TP_VirtualRealityBP.upack)
[2023.06.07-05.39.58:239][  0]LogPakFile: OnPakFileMounted2Time == 0.000078
[2023.06.07-05.39.58:295][  0]LogNativeClassHierarchy: Verbose: Native class hierarchy updated for 'AddContentDialog' in 0.0003 seconds. Added 0 classes and 0 folders.
[2023.06.07-05.39.58:314][  0]LogSlate: Updating window title bar state: overlay mode, drag disabled, window buttons hidden, title bar hidden
[2023.06.07-05.39.58:321][  0]LogSlate: Updating window title bar state: overlay mode, drag disabled, window buttons hidden, title bar hidden
[2023.06.07-05.39.58:327][  0]LogSlate: Updating window title bar state: overlay mode, drag disabled, window buttons hidden, title bar hidden
[2023.06.07-05.39.58:334][  0]LogSlate: Updating window title bar state: overlay mode, drag disabled, window buttons hidden, title bar hidden
[2023.06.07-05.39.58:345][  0]LogNativeClassHierarchy: Verbose: Native class hierarchy updated for 'SceneOutliner' in 0.0003 seconds. Added 2 classes and 0 folders.
[2023.06.07-05.39.58:499][  0]LogSlate: Took 0.000212 seconds to synchronously load lazily loaded font '../../../Engine/Content/Slate/Fonts/Roboto-Regular.ttf' (155K)
[2023.06.07-05.39.58:500][  0]LogSlate: Took 0.000395 seconds to synchronously load lazily loaded font '../../../Engine/Content/Editor/Slate/Fonts/GenEiGothicPro-Regular.otf' (707K)
[2023.06.07-05.39.58:501][  0]LogSlate: Took 0.000557 seconds to synchronously load lazily loaded font '../../../Engine/Content/Editor/Slate/Fonts/FontAwesome.ttf' (139K)
[2023.06.07-05.39.58:503][  0]LogSlate: Took 0.000409 seconds to synchronously load lazily loaded font '../../../Engine/Content/Editor/Slate/Fonts/GenEiGothicPro-Bold.otf' (698K)
[2023.06.07-05.39.58:503][  0]LogSlate: Took 0.000346 seconds to synchronously load lazily loaded font '../../../Engine/Content/Slate/Fonts/Roboto-Bold.ttf' (160K)
[2023.06.07-05.39.58:641][  0]LogRenderer: Reallocating scene render targets to support 880x468 Format 10 NumSamples 1 (Frame:1).
[2023.06.07-05.39.58:797][  0]LogNativeClassHierarchy: Verbose: Native class hierarchy updated for 'HierarchicalLODOutliner' in 0.0005 seconds. Added 0 classes and 0 folders.
[2023.06.07-05.39.58:797][  0]LogLoad: (Engine Initialization) Total time: 8.96 seconds
[2023.06.07-05.39.58:797][  0]LogLoad: (Engine Initialization) Total Blueprint compile time: 0.00 seconds
[2023.06.07-05.39.58:856][  0]LogAssetRegistry: Asset discovery search completed in 5.5519 seconds
[2023.06.07-05.39.58:861][  0]LogCollectionManager: Fixed up redirectors for 0 collections in 0.000003 seconds (updated 0 objects)
[2023.06.07-05.39.58:862][  0]LogContentStreaming: Texture pool size now 1000 MB
[2023.06.07-05.39.58:952][  2]LogSlate: Took 0.000201 seconds to synchronously load lazily loaded font '../../../Engine/Content/Slate/Fonts/Roboto-Light.ttf' (167K)
