Log file open, 06/06/23 09:49:40
LogWindows: Failed to load 'aqProf.dll' (GetLastError=126)
LogWindows: File 'aqProf.dll' does not exist
LogWindows: Failed to load 'VtuneApi.dll' (GetLastError=126)
LogWindows: File 'VtuneApi.dll' does not exist
LogWindows: Failed to load 'VtuneApi32e.dll' (GetLastError=126)
LogWindows: File 'VtuneApi32e.dll' does not exist
LogConsoleResponse: Display: Failed to find resolution value strings in scalability ini. Falling back to default.
LogConsoleResponse: Display: Failed to find resolution value strings in scalability ini. Falling back to default.
LogInit: Display: Running engine for game: SummerGJ2023
LogPlatformFile: Not using cached read wrapper
LogTaskGraph: Started task graph with 5 named threads and 47 total threads with 3 sets of task threads.
LogStats: Stats thread started at 0.222265
LogICUInternationalization: ICU TimeZone Detection - Raw Offset: +9:00, Platform Override: ''
LogInit: Display: Loading text-based GConfig....
LogPluginManager: Mounting plugin MeshPainting
LogPluginManager: Mounting plugin XGEController
LogPluginManager: Mounting plugin Paper2D
LogPluginManager: Mounting plugin LiveLink
LogPluginManager: Mounting plugin AISupport
LogPluginManager: Mounting plugin EnvironmentQueryEditor
LogPluginManager: Mounting plugin LightPropagationVolume
LogPluginManager: Mounting plugin CameraShakePreviewer
LogPluginManager: Mounting plugin AnimationSharing
LogPluginManager: Mounting plugin OodleData
LogPluginManager: Mounting plugin OodleNetwork
LogPluginManager: Mounting plugin GameplayCameras
LogPluginManager: Mounting plugin CodeLiteSourceCodeAccess
LogPluginManager: Mounting plugin CLionSourceCodeAccess
LogPluginManager: Mounting plugin KDevelopSourceCodeAccess
LogPluginManager: Mounting plugin NullSourceCodeAccess
LogPluginManager: Mounting plugin PerforceSourceControl
LogPluginManager: Mounting plugin GitSourceControl
LogPluginManager: Mounting plugin PlasticSourceControl
LogPluginManager: Mounting plugin PixWinPlugin
LogPluginManager: Mounting plugin PropertyAccessNode
LogPluginManager: Mounting plugin PluginUtils
LogPluginManager: Mounting plugin SubversionSourceControl
LogPluginManager: Mounting plugin TextureFormatOodle
LogPluginManager: Mounting plugin RiderSourceCodeAccess
LogPluginManager: Mounting plugin VisualStudioSourceCodeAccess
LogPluginManager: Mounting plugin UObjectPlugin
LogPluginManager: Mounting plugin DatasmithContent
LogPluginManager: Mounting plugin VariantManagerContent
LogPluginManager: Mounting plugin AssetManagerEditor
LogPluginManager: Mounting plugin CryptoKeys
LogPluginManager: Mounting plugin CurveEditorTools
LogPluginManager: Mounting plugin Niagara
LogPluginManager: Mounting plugin VisualStudioCodeSourceCodeAccess
LogPluginManager: Mounting plugin XCodeSourceCodeAccess
LogPluginManager: Mounting plugin GameplayTagsEditor
LogPluginManager: Mounting plugin MaterialAnalyzer
LogPluginManager: Mounting plugin FacialAnimation
LogPluginManager: Mounting plugin MacGraphicsSwitching
LogPluginManager: Mounting plugin MobileLauncherProfileWizard
LogPluginManager: Mounting plugin PluginBrowser
LogPluginManager: Mounting plugin SpeedTreeImporter
LogPluginManager: Mounting plugin DataValidation
LogPluginManager: Mounting plugin GeometryMode
LogPluginManager: Mounting plugin AlembicImporter
LogPluginManager: Mounting plugin AutomationUtils
LogPluginManager: Mounting plugin BackChannel
LogPluginManager: Mounting plugin ChaosEditor
LogPluginManager: Mounting plugin ChaosClothEditor
LogPluginManager: Mounting plugin ChaosCloth
LogPluginManager: Mounting plugin ChaosNiagara
LogPluginManager: Mounting plugin ChaosSolverPlugin
LogPluginManager: Mounting plugin CharacterAI
LogPluginManager: Mounting plugin FieldSystemPlugin
LogPluginManager: Mounting plugin GeometryCache
LogPluginManager: Mounting plugin GeometryProcessing
LogPluginManager: Mounting plugin GeometryCollectionPlugin
LogPluginManager: Mounting plugin OpenImageDenoise
LogPluginManager: Mounting plugin PlanarCut
LogPluginManager: Mounting plugin MotoSynth
LogPluginManager: Mounting plugin PlatformCrypto
LogPluginManager: Mounting plugin ProxyLODPlugin
LogPluginManager: Mounting plugin PythonScriptPlugin
LogPluginManager: Mounting plugin SkeletalReduction
LogPluginManager: Mounting plugin LuminPlatformFeatures
LogPluginManager: Mounting plugin MagicLeap
LogPluginManager: Mounting plugin MagicLeapLightEstimation
LogPluginManager: Mounting plugin MagicLeapMedia
LogPluginManager: Mounting plugin MagicLeapPassableWorld
LogPluginManager: Mounting plugin MLSDK
LogPluginManager: Mounting plugin AndroidMedia
LogPluginManager: Mounting plugin ImgMedia
LogPluginManager: Mounting plugin AvfMedia
LogPluginManager: Mounting plugin MediaCompositing
LogPluginManager: Mounting plugin MediaPlayerEditor
LogPluginManager: Mounting plugin WebMMedia
LogPluginManager: Mounting plugin WmfMedia
LogPluginManager: Mounting plugin LevelSequenceEditor
LogPluginManager: Mounting plugin ActorSequence
LogPluginManager: Mounting plugin MatineeToLevelSequence
LogPluginManager: Mounting plugin TemplateSequence
LogPluginManager: Mounting plugin OnlineSubsystem
LogPluginManager: Mounting plugin OnlineSubsystemNull
LogPluginManager: Mounting plugin OnlineSubsystemUtils
LogPluginManager: Mounting plugin ActorLayerUtilities
LogPluginManager: Mounting plugin LauncherChunkInstaller
LogPluginManager: Mounting plugin AndroidDeviceProfileSelector
LogPluginManager: Mounting plugin AndroidMoviePlayer
LogPluginManager: Mounting plugin AndroidPermission
LogPluginManager: Mounting plugin AppleImageUtils
LogPluginManager: Mounting plugin ArchVisCharacter
LogPluginManager: Mounting plugin AppleMoviePlayer
LogPluginManager: Mounting plugin AssetTags
LogPluginManager: Mounting plugin AudioCapture
LogPluginManager: Mounting plugin CableComponent
LogPluginManager: Mounting plugin ApexDestruction
LogPluginManager: Mounting plugin AudioSynesthesia
LogPluginManager: Mounting plugin CustomMeshComponent
LogPluginManager: Mounting plugin EditableMesh
LogPluginManager: Mounting plugin ExampleDeviceProfileSelector
LogPluginManager: Mounting plugin GoogleCloudMessaging
LogPluginManager: Mounting plugin GooglePAD
LogPluginManager: Mounting plugin ChunkDownloader
LogPluginManager: Mounting plugin IOSDeviceProfileSelector
LogPluginManager: Mounting plugin LinuxDeviceProfileSelector
LogPluginManager: Mounting plugin LocationServicesBPLibrary
LogPluginManager: Mounting plugin OpenXREyeTracker
LogPluginManager: Mounting plugin OpenXR
LogPluginManager: Mounting plugin MobilePatchingUtils
LogPluginManager: Mounting plugin ScreenshotTools
LogPluginManager: Mounting plugin OpenXRHandTracking
LogPluginManager: Mounting plugin PhysXVehicles
LogPluginManager: Mounting plugin PostSplashScreen
LogPluginManager: Mounting plugin PropertyAccessEditor
LogPluginManager: Mounting plugin ProceduralMeshComponent
LogPluginManager: Mounting plugin RuntimePhysXCooking
LogPluginManager: Mounting plugin SignificanceManager
LogPluginManager: Mounting plugin SoundFields
LogPluginManager: Mounting plugin Synthesis
LogPluginManager: Mounting plugin WebMMoviePlayer
LogPluginManager: Mounting plugin WindowsMoviePlayer
LogPluginManager: Mounting plugin Takes
LogPluginManager: Mounting plugin UdpMessaging
LogPluginManager: Mounting plugin TcpMessaging
LogPluginManager: Mounting plugin ContentBrowserFileDataSource
LogPluginManager: Mounting plugin ContentBrowserClassDataSource
LogPluginManager: Mounting plugin ContentBrowserAssetDataSource
LogPluginManager: Mounting plugin OnlineSubsystemIOS
LogPluginManager: Mounting plugin OnlineSubsystemGooglePlay
LogPluginManager: Mounting plugin OculusVR
LogPluginManager: Mounting plugin SteamVR
PixWinPlugin: PIX capture plugin failed to initialize! Check that the process is launched from PIX.
LogInit: Using libcurl 7.55.1-DEV
LogInit:  - built for x86_64-pc-win32
LogInit:  - supports SSL with OpenSSL/1.1.1
LogInit:  - supports HTTP deflate (compression) using libz 1.2.8
LogInit:  - other features:
LogInit:      CURL_VERSION_SSL
LogInit:      CURL_VERSION_LIBZ
LogInit:      CURL_VERSION_IPV6
LogInit:      CURL_VERSION_ASYNCHDNS
LogInit:      CURL_VERSION_LARGEFILE
LogInit:      CURL_VERSION_IDN
LogInit:  CurlRequestOptions (configurable via config and command line):
LogInit:  - bVerifyPeer = true  - Libcurl will verify peer certificate
LogInit:  - bUseHttpProxy = false  - Libcurl will NOT use HTTP proxy
LogInit:  - bDontReuseConnections = false  - Libcurl will reuse connections
LogInit:  - MaxHostConnections = 16  - Libcurl will limit the number of connections to a host
LogInit:  - LocalHostAddr = Default
LogInit:  - BufferSize = 65536
LogOnline: OSS: Creating online subsystem instance for: NULL
LogInit: WinSock: version 1.1 (2.2), MaxSocks=32767, MaxUdp=65467
LogOnline: OSS: TryLoadSubsystemAndSetDefault: Loaded subsystem for module [NULL]
LogOculusPluginWrapper: OculusPlugin initialized successfully
LogHMD: Failed initializing OVRPlugin 1.59.0
LogInit: Build: ++UE4+Release-4.27-CL-18319896
LogInit: Engine Version: 4.27.2-18319896+++UE4+Release-4.27
LogInit: Compatible Engine Version: 4.27.0-17155196+++UE4+Release-4.27
LogInit: Net CL: 17155196
LogInit: OS: Windows 10 (Release 2009) (), CPU: 11th Gen Intel(R) Core(TM) i7-11800H @ 2.30GHz, GPU: Intel(R) UHD Graphics
LogInit: Compiled (64-bit): Nov 30 2021 07:12:08
LogInit: Compiled with Visual C++: 19.24.28315.00
LogInit: Build Configuration: Development
LogInit: Branch Name: ++UE4+Release-4.27
LogInit: Command Line: 
LogInit: Base Directory: C:/Program Files/Epic Games/UE_4.27/Engine/Binaries/Win64/
LogInit: Allocator: TBB
LogInit: Installed Engine Build: 1
LogDevObjectVersion: Number of dev versions registered: 29
LogDevObjectVersion:   Dev-Blueprints (B0D832E4-1F89-4F0D-ACCF-7EB736FD4AA2): 10
LogDevObjectVersion:   Dev-Build (E1C64328-A22C-4D53-A36C-8E866417BD8C): 0
LogDevObjectVersion:   Dev-Core (375EC13C-06E4-48FB-B500-84F0262A717E): 4
LogDevObjectVersion:   Dev-Editor (E4B068ED-F494-42E9-A231-DA0B2E46BB41): 40
LogDevObjectVersion:   Dev-Framework (CFFC743F-43B0-4480-9391-14DF171D2073): 37
LogDevObjectVersion:   Dev-Mobile (B02B49B5-BB20-44E9-A304-32B752E40360): 3
LogDevObjectVersion:   Dev-Networking (A4E4105C-59A1-49B5-A7C5-40C4547EDFEE): 0
LogDevObjectVersion:   Dev-Online (39C831C9-5AE6-47DC-9A44-9C173E1C8E7C): 0
LogDevObjectVersion:   Dev-Physics (78F01B33-EBEA-4F98-B9B4-84EACCB95AA2): 14
LogDevObjectVersion:   Dev-Platform (6631380F-2D4D-43E0-8009-CF276956A95A): 0
LogDevObjectVersion:   Dev-Rendering (12F88B9F-8875-4AFC-A67C-D90C383ABD29): 45
LogDevObjectVersion:   Dev-Sequencer (7B5AE74C-D270-4C10-A958-57980B212A5A): 13
LogDevObjectVersion:   Dev-VR (D7296918-1DD6-4BDD-9DE2-64A83CC13884): 3
LogDevObjectVersion:   Dev-LoadTimes (C2A15278-BFE7-4AFE-6C17-90FF531DF755): 1
LogDevObjectVersion:   Private-Geometry (6EACA3D4-40EC-4CC1-B786-8BED09428FC5): 3
LogDevObjectVersion:   Dev-AnimPhys (29E575DD-E0A3-4627-9D10-D276232CDCEA): 17
LogDevObjectVersion:   Dev-Anim (AF43A65D-7FD3-4947-9873-3E8ED9C1BB05): 15
LogDevObjectVersion:   Dev-ReflectionCapture (6B266CEC-1EC7-4B8F-A30B-E4D90942FC07): 1
LogDevObjectVersion:   Dev-Automation (0DF73D61-A23F-47EA-B727-89E90C41499A): 1
LogDevObjectVersion:   FortniteMain (601D1886-AC64-4F84-AA16-D3DE0DEAC7D6): 47
LogDevObjectVersion:   FortniteRelease (E7086368-6B23-4C58-8439-1B7016265E91): 1
LogDevObjectVersion:   Dev-Enterprise (9DFFBCD6-494F-0158-E221-12823C92A888): 10
LogDevObjectVersion:   Dev-Niagara (F2AED0AC-9AFE-416F-8664-AA7FFA26D6FC): 1
LogDevObjectVersion:   Dev-Destruction (174F1F0B-B4C6-45A5-B13F-2EE8D0FB917D): 10
LogDevObjectVersion:   Dev-Physics-Ext (35F94A83-E258-406C-A318-09F59610247C): 41
LogDevObjectVersion:   Dev-PhysicsMaterial-Chaos (B68FC16E-8B1B-42E2-B453-215C058844FE): 1
LogDevObjectVersion:   Dev-CineCamera (B2E18506-4273-CFC2-A54E-F4BB758BBA07): 1
LogDevObjectVersion:   Dev-VirtualProduction (64F58936-FD1B-42BA-BA96-7289D5D0FA4E): 1
LogDevObjectVersion:   Dev-MediaFramework (6F0ED827-A609-4895-9C91-998D90180EA4): 2
LogInit: Presizing for max 25165824 objects, including 0 objects not considered by GC, pre-allocating 0 bytes for permanent pool.
LogConfig: Applying CVar settings from Section [/Script/Engine.StreamingSettings] File [C:/PG/Git_Tutorial/Ateam_2023/SummerGJ2023/Saved/Config/Windows/Engine.ini]
LogConfig: Setting CVar [[s.MinBulkDataSizeForAsyncLoading:131072]]
LogConfig: Setting CVar [[s.AsyncLoadingThreadEnabled:0]]
LogConfig: Setting CVar [[s.EventDrivenLoaderEnabled:1]]
LogConfig: Setting CVar [[s.WarnIfTimeLimitExceeded:0]]
LogConfig: Setting CVar [[s.TimeLimitExceededMultiplier:1.5]]
LogConfig: Setting CVar [[s.TimeLimitExceededMinTime:0.005]]
LogConfig: Setting CVar [[s.UseBackgroundLevelStreaming:1]]
LogConfig: Setting CVar [[s.PriorityAsyncLoadingExtraTime:15.0]]
LogConfig: Setting CVar [[s.LevelStreamingActorsUpdateTimeLimit:5.0]]
LogConfig: Setting CVar [[s.PriorityLevelStreamingActorsUpdateExtraTime:5.0]]
LogConfig: Setting CVar [[s.LevelStreamingComponentsRegistrationGranularity:10]]
LogConfig: Setting CVar [[s.UnregisterComponentsTimeLimit:1.0]]
LogConfig: Setting CVar [[s.LevelStreamingComponentsUnregistrationGranularity:5]]
LogConfig: Setting CVar [[s.FlushStreamingOnExit:1]]
LogInit: Object subsystem initialized
LogConfig: Setting CVar [[con.DebugEarlyDefault:1]]
LogConfig: Setting CVar [[r.setres:1280x720]]
[2023.06.06-00.49.40:374][  0]LogConfig: Setting CVar [[r.VSync:0]]
[2023.06.06-00.49.40:374][  0]LogConfig: Setting CVar [[r.RHICmdBypass:0]]
[2023.06.06-00.49.40:374][  0]LogConfig: Applying CVar settings from Section [/Script/Engine.RendererSettings] File [C:/PG/Git_Tutorial/Ateam_2023/SummerGJ2023/Saved/Config/Windows/Engine.ini]
[2023.06.06-00.49.40:374][  0]LogConfig: Setting CVar [[r.GPUCrashDebugging:0]]
[2023.06.06-00.49.40:374][  0]LogConfig: Applying CVar settings from Section [/Script/Engine.RendererOverrideSettings] File [C:/PG/Git_Tutorial/Ateam_2023/SummerGJ2023/Saved/Config/Windows/Engine.ini]
[2023.06.06-00.49.40:374][  0]LogConfig: Applying CVar settings from Section [/Script/Engine.StreamingSettings] File [C:/PG/Git_Tutorial/Ateam_2023/SummerGJ2023/Saved/Config/Windows/Engine.ini]
[2023.06.06-00.49.40:374][  0]LogConfig: Setting CVar [[s.MinBulkDataSizeForAsyncLoading:131072]]
[2023.06.06-00.49.40:374][  0]LogConfig: Setting CVar [[s.AsyncLoadingThreadEnabled:0]]
[2023.06.06-00.49.40:374][  0]LogConfig: Setting CVar [[s.EventDrivenLoaderEnabled:1]]
[2023.06.06-00.49.40:374][  0]LogConfig: Setting CVar [[s.WarnIfTimeLimitExceeded:0]]
[2023.06.06-00.49.40:374][  0]LogConfig: Setting CVar [[s.TimeLimitExceededMultiplier:1.5]]
[2023.06.06-00.49.40:374][  0]LogConfig: Setting CVar [[s.TimeLimitExceededMinTime:0.005]]
[2023.06.06-00.49.40:374][  0]LogConfig: Setting CVar [[s.UseBackgroundLevelStreaming:1]]
[2023.06.06-00.49.40:374][  0]LogConfig: Setting CVar [[s.PriorityAsyncLoadingExtraTime:15.0]]
[2023.06.06-00.49.40:374][  0]LogConfig: Setting CVar [[s.LevelStreamingActorsUpdateTimeLimit:5.0]]
[2023.06.06-00.49.40:374][  0]LogConfig: Setting CVar [[s.PriorityLevelStreamingActorsUpdateExtraTime:5.0]]
[2023.06.06-00.49.40:374][  0]LogConfig: Setting CVar [[s.LevelStreamingComponentsRegistrationGranularity:10]]
[2023.06.06-00.49.40:374][  0]LogConfig: Setting CVar [[s.UnregisterComponentsTimeLimit:1.0]]
[2023.06.06-00.49.40:374][  0]LogConfig: Setting CVar [[s.LevelStreamingComponentsUnregistrationGranularity:5]]
[2023.06.06-00.49.40:374][  0]LogConfig: Setting CVar [[s.FlushStreamingOnExit:1]]
[2023.06.06-00.49.40:374][  0]LogConfig: Applying CVar settings from Section [/Script/Engine.GarbageCollectionSettings] File [C:/PG/Git_Tutorial/Ateam_2023/SummerGJ2023/Saved/Config/Windows/Engine.ini]
[2023.06.06-00.49.40:374][  0]LogConfig: Setting CVar [[gc.MaxObjectsNotConsideredByGC:1]]
[2023.06.06-00.49.40:374][  0]LogConfig: Setting CVar [[gc.SizeOfPermanentObjectPool:0]]
[2023.06.06-00.49.40:374][  0]LogConfig: Setting CVar [[gc.FlushStreamingOnGC:0]]
[2023.06.06-00.49.40:374][  0]LogConfig: Setting CVar [[gc.NumRetriesBeforeForcingGC:10]]
[2023.06.06-00.49.40:374][  0]LogConfig: Setting CVar [[gc.AllowParallelGC:1]]
[2023.06.06-00.49.40:374][  0]LogConfig: Setting CVar [[gc.TimeBetweenPurgingPendingKillObjects:61.1]]
[2023.06.06-00.49.40:374][  0]LogConfig: Setting CVar [[gc.MaxObjectsInEditor:25165824]]
[2023.06.06-00.49.40:374][  0]LogConfig: Setting CVar [[gc.IncrementalBeginDestroyEnabled:1]]
[2023.06.06-00.49.40:374][  0]LogConfig: Setting CVar [[gc.CreateGCClusters:1]]
[2023.06.06-00.49.40:374][  0]LogConfig: Setting CVar [[gc.MinGCClusterSize:5]]
[2023.06.06-00.49.40:374][  0]LogConfig: Setting CVar [[gc.ActorClusteringEnabled:0]]
[2023.06.06-00.49.40:374][  0]LogConfig: Setting CVar [[gc.BlueprintClusteringEnabled:0]]
[2023.06.06-00.49.40:374][  0]LogConfig: Setting CVar [[gc.UseDisregardForGCOnDedicatedServers:0]]
[2023.06.06-00.49.40:374][  0]LogConfig: Setting CVar [[gc.MultithreadedDestructionEnabled:1]]
[2023.06.06-00.49.40:374][  0]LogConfig: Applying CVar settings from Section [/Script/Engine.NetworkSettings] File [C:/PG/Git_Tutorial/Ateam_2023/SummerGJ2023/Saved/Config/Windows/Engine.ini]
[2023.06.06-00.49.40:374][  0]LogConfig: Applying CVar settings from Section [/Script/UnrealEd.CookerSettings] File [C:/PG/Git_Tutorial/Ateam_2023/SummerGJ2023/Saved/Config/Windows/Engine.ini]
[2023.06.06-00.49.40:380][  0]LogConfig: Applying CVar settings from Section [ViewDistanceQuality@3] File [C:/PG/Git_Tutorial/Ateam_2023/SummerGJ2023/Saved/Config/Windows/Scalability.ini]
[2023.06.06-00.49.40:380][  0]LogConfig: Setting CVar [[r.SkeletalMeshLODBias:0]]
[2023.06.06-00.49.40:380][  0]LogConfig: Setting CVar [[r.ViewDistanceScale:1.0]]
[2023.06.06-00.49.40:380][  0]LogConfig: Applying CVar settings from Section [AntiAliasingQuality@3] File [C:/PG/Git_Tutorial/Ateam_2023/SummerGJ2023/Saved/Config/Windows/Scalability.ini]
[2023.06.06-00.49.40:380][  0]LogConfig: Setting CVar [[r.PostProcessAAQuality:4]]
[2023.06.06-00.49.40:380][  0]LogConfig: Applying CVar settings from Section [ShadowQuality@3] File [C:/PG/Git_Tutorial/Ateam_2023/SummerGJ2023/Saved/Config/Windows/Scalability.ini]
[2023.06.06-00.49.40:380][  0]LogConfig: Setting CVar [[r.LightFunctionQuality:1]]
[2023.06.06-00.49.40:380][  0]LogConfig: Setting CVar [[r.ShadowQuality:5]]
[2023.06.06-00.49.40:380][  0]LogConfig: Setting CVar [[r.Shadow.CSM.MaxCascades:10]]
[2023.06.06-00.49.40:380][  0]LogConfig: Setting CVar [[r.Shadow.MaxResolution:2048]]
[2023.06.06-00.49.40:380][  0]LogConfig: Setting CVar [[r.Shadow.MaxCSMResolution:2048]]
[2023.06.06-00.49.40:380][  0]LogConfig: Setting CVar [[r.Shadow.RadiusThreshold:0.01]]
[2023.06.06-00.49.40:380][  0]LogConfig: Setting CVar [[r.Shadow.DistanceScale:1.0]]
[2023.06.06-00.49.40:380][  0]LogConfig: Setting CVar [[r.Shadow.CSM.TransitionScale:1.0]]
[2023.06.06-00.49.40:380][  0]LogConfig: Setting CVar [[r.Shadow.PreShadowResolutionFactor:1.0]]
[2023.06.06-00.49.40:380][  0]LogConfig: Setting CVar [[r.DistanceFieldShadowing:1]]
[2023.06.06-00.49.40:380][  0]LogConfig: Setting CVar [[r.DistanceFieldAO:1]]
[2023.06.06-00.49.40:380][  0]LogConfig: Setting CVar [[r.AOQuality:2]]
[2023.06.06-00.49.40:380][  0]LogConfig: Setting CVar [[r.VolumetricFog:1]]
[2023.06.06-00.49.40:380][  0]LogConfig: Setting CVar [[r.VolumetricFog.GridPixelSize:8]]
[2023.06.06-00.49.40:380][  0]LogConfig: Setting CVar [[r.VolumetricFog.GridSizeZ:128]]
[2023.06.06-00.49.40:380][  0]LogConfig: Setting CVar [[r.VolumetricFog.HistoryMissSupersampleCount:4]]
[2023.06.06-00.49.40:380][  0]LogConfig: Setting CVar [[r.LightMaxDrawDistanceScale:1]]
[2023.06.06-00.49.40:380][  0]LogConfig: Setting CVar [[r.CapsuleShadows:1]]
[2023.06.06-00.49.40:380][  0]LogConfig: Applying CVar settings from Section [PostProcessQuality@3] File [C:/PG/Git_Tutorial/Ateam_2023/SummerGJ2023/Saved/Config/Windows/Scalability.ini]
[2023.06.06-00.49.40:380][  0]LogConfig: Setting CVar [[r.MotionBlurQuality:4]]
[2023.06.06-00.49.40:380][  0]LogConfig: Setting CVar [[r.AmbientOcclusionMipLevelFactor:0.4]]
[2023.06.06-00.49.40:380][  0]LogConfig: Setting CVar [[r.AmbientOcclusionMaxQuality:100]]
[2023.06.06-00.49.40:380][  0]LogConfig: Setting CVar [[r.AmbientOcclusionLevels:-1]]
[2023.06.06-00.49.40:380][  0]LogConfig: Setting CVar [[r.AmbientOcclusionRadiusScale:1.0]]
[2023.06.06-00.49.40:380][  0]LogConfig: Setting CVar [[r.DepthOfFieldQuality:2]]
[2023.06.06-00.49.40:380][  0]LogConfig: Setting CVar [[r.RenderTargetPoolMin:400]]
[2023.06.06-00.49.40:380][  0]LogConfig: Setting CVar [[r.LensFlareQuality:2]]
[2023.06.06-00.49.40:380][  0]LogConfig: Setting CVar [[r.SceneColorFringeQuality:1]]
[2023.06.06-00.49.40:380][  0]LogConfig: Setting CVar [[r.EyeAdaptationQuality:2]]
[2023.06.06-00.49.40:380][  0]LogConfig: Setting CVar [[r.BloomQuality:5]]
[2023.06.06-00.49.40:380][  0]LogConfig: Setting CVar [[r.FastBlurThreshold:100]]
[2023.06.06-00.49.40:380][  0]LogConfig: Setting CVar [[r.Upscale.Quality:3]]
[2023.06.06-00.49.40:380][  0]LogConfig: Setting CVar [[r.Tonemapper.GrainQuantization:1]]
[2023.06.06-00.49.40:380][  0]LogConfig: Setting CVar [[r.LightShaftQuality:1]]
[2023.06.06-00.49.40:380][  0]LogConfig: Setting CVar [[r.Filter.SizeScale:1]]
[2023.06.06-00.49.40:380][  0]LogConfig: Setting CVar [[r.Tonemapper.Quality:5]]
[2023.06.06-00.49.40:380][  0]LogConfig: Setting CVar [[r.DOF.Gather.AccumulatorQuality:1        ; higher gathering accumulator quality]]
[2023.06.06-00.49.40:380][  0]LogConfig: Setting CVar [[r.DOF.Gather.PostfilterMethod:1          ; Median3x3 postfilering method]]
[2023.06.06-00.49.40:380][  0]LogConfig: Setting CVar [[r.DOF.Gather.EnableBokehSettings:0       ; no bokeh simulation when gathering]]
[2023.06.06-00.49.40:380][  0]LogConfig: Setting CVar [[r.DOF.Gather.RingCount:4                 ; medium number of samples when gathering]]
[2023.06.06-00.49.40:380][  0]LogConfig: Setting CVar [[r.DOF.Scatter.ForegroundCompositing:1    ; additive foreground scattering]]
[2023.06.06-00.49.40:380][  0]LogConfig: Setting CVar [[r.DOF.Scatter.BackgroundCompositing:2    ; additive background scattering]]
[2023.06.06-00.49.40:381][  0]LogConfig: Setting CVar [[r.DOF.Scatter.EnableBokehSettings:1      ; bokeh simulation when scattering]]
[2023.06.06-00.49.40:381][  0]LogConfig: Setting CVar [[r.DOF.Scatter.MaxSpriteRatio:0.1         ; only a maximum of 10% of scattered bokeh]]
[2023.06.06-00.49.40:381][  0]LogConfig: Setting CVar [[r.DOF.Recombine.Quality:1                ; cheap slight out of focus]]
[2023.06.06-00.49.40:381][  0]LogConfig: Setting CVar [[r.DOF.Recombine.EnableBokehSettings:0    ; no bokeh simulation on slight out of focus]]
[2023.06.06-00.49.40:381][  0]LogConfig: Setting CVar [[r.DOF.TemporalAAQuality:1                ; more stable temporal accumulation]]
[2023.06.06-00.49.40:381][  0]LogConfig: Setting CVar [[r.DOF.Kernel.MaxForegroundRadius:0.025]]
[2023.06.06-00.49.40:381][  0]LogConfig: Setting CVar [[r.DOF.Kernel.MaxBackgroundRadius:0.025]]
[2023.06.06-00.49.40:381][  0]LogConfig: Applying CVar settings from Section [TextureQuality@3] File [C:/PG/Git_Tutorial/Ateam_2023/SummerGJ2023/Saved/Config/Windows/Scalability.ini]
[2023.06.06-00.49.40:381][  0]LogConfig: Setting CVar [[r.Streaming.MipBias:0]]
[2023.06.06-00.49.40:381][  0]LogConfig: Setting CVar [[r.Streaming.AmortizeCPUToGPUCopy:0]]
[2023.06.06-00.49.40:381][  0]LogConfig: Setting CVar [[r.Streaming.MaxNumTexturesToStreamPerFrame:0]]
[2023.06.06-00.49.40:381][  0]LogConfig: Setting CVar [[r.Streaming.Boost:1]]
[2023.06.06-00.49.40:381][  0]LogConfig: Setting CVar [[r.MaxAnisotropy:8]]
[2023.06.06-00.49.40:381][  0]LogConfig: Setting CVar [[r.VT.MaxAnisotropy:8]]
[2023.06.06-00.49.40:381][  0]LogConfig: Setting CVar [[r.Streaming.LimitPoolSizeToVRAM:0]]
[2023.06.06-00.49.40:381][  0]LogConfig: Setting CVar [[r.Streaming.PoolSize:1000]]
[2023.06.06-00.49.40:381][  0]LogConfig: Setting CVar [[r.Streaming.MaxEffectiveScreenSize:0]]
[2023.06.06-00.49.40:381][  0]LogConfig: Applying CVar settings from Section [EffectsQuality@3] File [C:/PG/Git_Tutorial/Ateam_2023/SummerGJ2023/Saved/Config/Windows/Scalability.ini]
[2023.06.06-00.49.40:381][  0]LogConfig: Setting CVar [[r.TranslucencyLightingVolumeDim:64]]
[2023.06.06-00.49.40:381][  0]LogConfig: Setting CVar [[r.RefractionQuality:2]]
[2023.06.06-00.49.40:381][  0]LogConfig: Setting CVar [[r.SSR.Quality:3]]
[2023.06.06-00.49.40:381][  0]LogConfig: Setting CVar [[r.SSR.HalfResSceneColor:0]]
[2023.06.06-00.49.40:381][  0]LogConfig: Setting CVar [[r.SceneColorFormat:4]]
[2023.06.06-00.49.40:381][  0]LogConfig: Setting CVar [[r.DetailMode:2]]
[2023.06.06-00.49.40:381][  0]LogConfig: Setting CVar [[r.TranslucencyVolumeBlur:1]]
[2023.06.06-00.49.40:381][  0]LogConfig: Setting CVar [[r.MaterialQualityLevel:1 ; High quality]]
[2023.06.06-00.49.40:381][  0]LogConfig: Setting CVar [[r.AnisotropicMaterials:1]]
[2023.06.06-00.49.40:381][  0]LogConfig: Setting CVar [[r.SSS.Scale:1]]
[2023.06.06-00.49.40:381][  0]LogConfig: Setting CVar [[r.SSS.SampleSet:2]]
[2023.06.06-00.49.40:381][  0]LogConfig: Setting CVar [[r.SSS.Quality:1]]
[2023.06.06-00.49.40:381][  0]LogConfig: Setting CVar [[r.SSS.HalfRes:0]]
[2023.06.06-00.49.40:381][  0]LogConfig: Setting CVar [[r.SSGI.Quality:3]]
[2023.06.06-00.49.40:381][  0]LogConfig: Setting CVar [[r.EmitterSpawnRateScale:1.0]]
[2023.06.06-00.49.40:381][  0]LogConfig: Setting CVar [[r.ParticleLightQuality:2]]
[2023.06.06-00.49.40:381][  0]LogConfig: Setting CVar [[r.SkyAtmosphere.AerialPerspectiveLUT.FastApplyOnOpaque:1 ; Always have FastSkyLUT 1 in this case to avoid wrong sky]]
[2023.06.06-00.49.40:381][  0]LogConfig: Setting CVar [[r.SkyAtmosphere.AerialPerspectiveLUT.SampleCountMaxPerSlice:4]]
[2023.06.06-00.49.40:381][  0]LogConfig: Setting CVar [[r.SkyAtmosphere.AerialPerspectiveLUT.DepthResolution:16.0]]
[2023.06.06-00.49.40:381][  0]LogConfig: Setting CVar [[r.SkyAtmosphere.FastSkyLUT:1]]
[2023.06.06-00.49.40:381][  0]LogConfig: Setting CVar [[r.SkyAtmosphere.FastSkyLUT.SampleCountMin:4.0]]
[2023.06.06-00.49.40:381][  0]LogConfig: Setting CVar [[r.SkyAtmosphere.FastSkyLUT.SampleCountMax:128.0]]
[2023.06.06-00.49.40:381][  0]LogConfig: Setting CVar [[r.SkyAtmosphere.SampleCountMin:4.0]]
[2023.06.06-00.49.40:381][  0]LogConfig: Setting CVar [[r.SkyAtmosphere.SampleCountMax:128.0]]
[2023.06.06-00.49.40:381][  0]LogConfig: Setting CVar [[r.SkyAtmosphere.TransmittanceLUT.UseSmallFormat:0]]
[2023.06.06-00.49.40:381][  0]LogConfig: Setting CVar [[r.SkyAtmosphere.TransmittanceLUT.SampleCount:10.0]]
[2023.06.06-00.49.40:381][  0]LogConfig: Setting CVar [[r.SkyAtmosphere.MultiScatteringLUT.SampleCount:15.0]]
[2023.06.06-00.49.40:381][  0]LogConfig: Setting CVar [[r.SkyLight.RealTimeReflectionCapture:1]]
[2023.06.06-00.49.40:381][  0]LogConfig: Applying CVar settings from Section [FoliageQuality@3] File [C:/PG/Git_Tutorial/Ateam_2023/SummerGJ2023/Saved/Config/Windows/Scalability.ini]
[2023.06.06-00.49.40:381][  0]LogConfig: Setting CVar [[foliage.DensityScale:1.0]]
[2023.06.06-00.49.40:381][  0]LogConfig: Setting CVar [[grass.DensityScale:1.0]]
[2023.06.06-00.49.40:381][  0]LogConfig: Applying CVar settings from Section [ShadingQuality@3] File [C:/PG/Git_Tutorial/Ateam_2023/SummerGJ2023/Saved/Config/Windows/Scalability.ini]
[2023.06.06-00.49.40:381][  0]LogConfig: Setting CVar [[r.HairStrands.SkyLighting.IntegrationType:2]]
[2023.06.06-00.49.40:381][  0]LogConfig: Setting CVar [[r.HairStrands.SkyAO.SampleCount:4]]
[2023.06.06-00.49.40:381][  0]LogConfig: Setting CVar [[r.HairStrands.Visibility.MSAA.SamplePerPixel:4]]
[2023.06.06-00.49.40:381][  0]LogInit: Selected Device Profile: [Windows]
[2023.06.06-00.49.40:381][  0]LogInit: Applying CVar settings loaded from the selected device profile: [Windows]
[2023.06.06-00.49.40:381][  0]LogHAL: Display: Platform has ~ 32 GB [34046345216 / 34359738368 / 32], which maps to Largest [LargestMinGB=32, LargerMinGB=12, DefaultMinGB=8, SmallerMinGB=6, SmallestMinGB=0)
[2023.06.06-00.49.40:381][  0]LogInit: Going up to parent DeviceProfile []
[2023.06.06-00.49.40:381][  0]LogConfig: Applying CVar settings from Section [ViewDistanceQuality@3] File [C:/PG/Git_Tutorial/Ateam_2023/SummerGJ2023/Saved/Config/Windows/Scalability.ini]
[2023.06.06-00.49.40:381][  0]LogConfig: Setting CVar [[r.SkeletalMeshLODBias:0]]
[2023.06.06-00.49.40:381][  0]LogConfig: Setting CVar [[r.ViewDistanceScale:1.0]]
[2023.06.06-00.49.40:381][  0]LogConfig: Applying CVar settings from Section [AntiAliasingQuality@3] File [C:/PG/Git_Tutorial/Ateam_2023/SummerGJ2023/Saved/Config/Windows/Scalability.ini]
[2023.06.06-00.49.40:381][  0]LogConfig: Setting CVar [[r.PostProcessAAQuality:4]]
[2023.06.06-00.49.40:381][  0]LogConfig: Applying CVar settings from Section [ShadowQuality@3] File [C:/PG/Git_Tutorial/Ateam_2023/SummerGJ2023/Saved/Config/Windows/Scalability.ini]
[2023.06.06-00.49.40:381][  0]LogConfig: Setting CVar [[r.LightFunctionQuality:1]]
[2023.06.06-00.49.40:381][  0]LogConfig: Setting CVar [[r.ShadowQuality:5]]
[2023.06.06-00.49.40:381][  0]LogConfig: Setting CVar [[r.Shadow.CSM.MaxCascades:10]]
[2023.06.06-00.49.40:381][  0]LogConfig: Setting CVar [[r.Shadow.MaxResolution:2048]]
[2023.06.06-00.49.40:381][  0]LogConfig: Setting CVar [[r.Shadow.MaxCSMResolution:2048]]
[2023.06.06-00.49.40:381][  0]LogConfig: Setting CVar [[r.Shadow.RadiusThreshold:0.01]]
[2023.06.06-00.49.40:381][  0]LogConfig: Setting CVar [[r.Shadow.DistanceScale:1.0]]
[2023.06.06-00.49.40:381][  0]LogConfig: Setting CVar [[r.Shadow.CSM.TransitionScale:1.0]]
[2023.06.06-00.49.40:381][  0]LogConfig: Setting CVar [[r.Shadow.PreShadowResolutionFactor:1.0]]
[2023.06.06-00.49.40:381][  0]LogConfig: Setting CVar [[r.DistanceFieldShadowing:1]]
[2023.06.06-00.49.40:381][  0]LogConfig: Setting CVar [[r.DistanceFieldAO:1]]
[2023.06.06-00.49.40:381][  0]LogConfig: Setting CVar [[r.AOQuality:2]]
[2023.06.06-00.49.40:381][  0]LogConfig: Setting CVar [[r.VolumetricFog:1]]
[2023.06.06-00.49.40:381][  0]LogConfig: Setting CVar [[r.VolumetricFog.GridPixelSize:8]]
[2023.06.06-00.49.40:381][  0]LogConfig: Setting CVar [[r.VolumetricFog.GridSizeZ:128]]
[2023.06.06-00.49.40:381][  0]LogConfig: Setting CVar [[r.VolumetricFog.HistoryMissSupersampleCount:4]]
[2023.06.06-00.49.40:381][  0]LogConfig: Setting CVar [[r.LightMaxDrawDistanceScale:1]]
[2023.06.06-00.49.40:381][  0]LogConfig: Setting CVar [[r.CapsuleShadows:1]]
[2023.06.06-00.49.40:381][  0]LogConfig: Applying CVar settings from Section [PostProcessQuality@3] File [C:/PG/Git_Tutorial/Ateam_2023/SummerGJ2023/Saved/Config/Windows/Scalability.ini]
[2023.06.06-00.49.40:381][  0]LogConfig: Setting CVar [[r.MotionBlurQuality:4]]
[2023.06.06-00.49.40:381][  0]LogConfig: Setting CVar [[r.AmbientOcclusionMipLevelFactor:0.4]]
[2023.06.06-00.49.40:381][  0]LogConfig: Setting CVar [[r.AmbientOcclusionMaxQuality:100]]
[2023.06.06-00.49.40:381][  0]LogConfig: Setting CVar [[r.AmbientOcclusionLevels:-1]]
[2023.06.06-00.49.40:381][  0]LogConfig: Setting CVar [[r.AmbientOcclusionRadiusScale:1.0]]
[2023.06.06-00.49.40:381][  0]LogConfig: Setting CVar [[r.DepthOfFieldQuality:2]]
[2023.06.06-00.49.40:381][  0]LogConfig: Setting CVar [[r.RenderTargetPoolMin:400]]
[2023.06.06-00.49.40:381][  0]LogConfig: Setting CVar [[r.LensFlareQuality:2]]
[2023.06.06-00.49.40:381][  0]LogConfig: Setting CVar [[r.SceneColorFringeQuality:1]]
[2023.06.06-00.49.40:381][  0]LogConfig: Setting CVar [[r.EyeAdaptationQuality:2]]
[2023.06.06-00.49.40:381][  0]LogConfig: Setting CVar [[r.BloomQuality:5]]
[2023.06.06-00.49.40:381][  0]LogConfig: Setting CVar [[r.FastBlurThreshold:100]]
[2023.06.06-00.49.40:381][  0]LogConfig: Setting CVar [[r.Upscale.Quality:3]]
[2023.06.06-00.49.40:381][  0]LogConfig: Setting CVar [[r.Tonemapper.GrainQuantization:1]]
[2023.06.06-00.49.40:381][  0]LogConfig: Setting CVar [[r.LightShaftQuality:1]]
[2023.06.06-00.49.40:381][  0]LogConfig: Setting CVar [[r.Filter.SizeScale:1]]
[2023.06.06-00.49.40:381][  0]LogConfig: Setting CVar [[r.Tonemapper.Quality:5]]
[2023.06.06-00.49.40:381][  0]LogConfig: Setting CVar [[r.DOF.Gather.AccumulatorQuality:1        ; higher gathering accumulator quality]]
[2023.06.06-00.49.40:381][  0]LogConfig: Setting CVar [[r.DOF.Gather.PostfilterMethod:1          ; Median3x3 postfilering method]]
[2023.06.06-00.49.40:381][  0]LogConfig: Setting CVar [[r.DOF.Gather.EnableBokehSettings:0       ; no bokeh simulation when gathering]]
[2023.06.06-00.49.40:381][  0]LogConfig: Setting CVar [[r.DOF.Gather.RingCount:4                 ; medium number of samples when gathering]]
[2023.06.06-00.49.40:381][  0]LogConfig: Setting CVar [[r.DOF.Scatter.ForegroundCompositing:1    ; additive foreground scattering]]
[2023.06.06-00.49.40:381][  0]LogConfig: Setting CVar [[r.DOF.Scatter.BackgroundCompositing:2    ; additive background scattering]]
[2023.06.06-00.49.40:381][  0]LogConfig: Setting CVar [[r.DOF.Scatter.EnableBokehSettings:1      ; bokeh simulation when scattering]]
[2023.06.06-00.49.40:381][  0]LogConfig: Setting CVar [[r.DOF.Scatter.MaxSpriteRatio:0.1         ; only a maximum of 10% of scattered bokeh]]
[2023.06.06-00.49.40:381][  0]LogConfig: Setting CVar [[r.DOF.Recombine.Quality:1                ; cheap slight out of focus]]
[2023.06.06-00.49.40:381][  0]LogConfig: Setting CVar [[r.DOF.Recombine.EnableBokehSettings:0    ; no bokeh simulation on slight out of focus]]
[2023.06.06-00.49.40:381][  0]LogConfig: Setting CVar [[r.DOF.TemporalAAQuality:1                ; more stable temporal accumulation]]
[2023.06.06-00.49.40:381][  0]LogConfig: Setting CVar [[r.DOF.Kernel.MaxForegroundRadius:0.025]]
[2023.06.06-00.49.40:381][  0]LogConfig: Setting CVar [[r.DOF.Kernel.MaxBackgroundRadius:0.025]]
[2023.06.06-00.49.40:381][  0]LogConfig: Applying CVar settings from Section [TextureQuality@3] File [C:/PG/Git_Tutorial/Ateam_2023/SummerGJ2023/Saved/Config/Windows/Scalability.ini]
[2023.06.06-00.49.40:381][  0]LogConfig: Setting CVar [[r.Streaming.MipBias:0]]
[2023.06.06-00.49.40:381][  0]LogConfig: Setting CVar [[r.Streaming.AmortizeCPUToGPUCopy:0]]
[2023.06.06-00.49.40:381][  0]LogConfig: Setting CVar [[r.Streaming.MaxNumTexturesToStreamPerFrame:0]]
[2023.06.06-00.49.40:381][  0]LogConfig: Setting CVar [[r.Streaming.Boost:1]]
[2023.06.06-00.49.40:381][  0]LogConfig: Setting CVar [[r.MaxAnisotropy:8]]
[2023.06.06-00.49.40:381][  0]LogConfig: Setting CVar [[r.VT.MaxAnisotropy:8]]
[2023.06.06-00.49.40:381][  0]LogConfig: Setting CVar [[r.Streaming.LimitPoolSizeToVRAM:0]]
[2023.06.06-00.49.40:381][  0]LogConfig: Setting CVar [[r.Streaming.PoolSize:1000]]
[2023.06.06-00.49.40:381][  0]LogConfig: Setting CVar [[r.Streaming.MaxEffectiveScreenSize:0]]
[2023.06.06-00.49.40:381][  0]LogConfig: Applying CVar settings from Section [EffectsQuality@3] File [C:/PG/Git_Tutorial/Ateam_2023/SummerGJ2023/Saved/Config/Windows/Scalability.ini]
[2023.06.06-00.49.40:381][  0]LogConfig: Setting CVar [[r.TranslucencyLightingVolumeDim:64]]
[2023.06.06-00.49.40:381][  0]LogConfig: Setting CVar [[r.RefractionQuality:2]]
[2023.06.06-00.49.40:381][  0]LogConfig: Setting CVar [[r.SSR.Quality:3]]
[2023.06.06-00.49.40:381][  0]LogConfig: Setting CVar [[r.SSR.HalfResSceneColor:0]]
[2023.06.06-00.49.40:382][  0]LogConfig: Setting CVar [[r.SceneColorFormat:4]]
[2023.06.06-00.49.40:382][  0]LogConfig: Setting CVar [[r.DetailMode:2]]
[2023.06.06-00.49.40:382][  0]LogConfig: Setting CVar [[r.TranslucencyVolumeBlur:1]]
[2023.06.06-00.49.40:382][  0]LogConfig: Setting CVar [[r.MaterialQualityLevel:1 ; High quality]]
[2023.06.06-00.49.40:382][  0]LogConfig: Setting CVar [[r.AnisotropicMaterials:1]]
[2023.06.06-00.49.40:382][  0]LogConfig: Setting CVar [[r.SSS.Scale:1]]
[2023.06.06-00.49.40:382][  0]LogConfig: Setting CVar [[r.SSS.SampleSet:2]]
[2023.06.06-00.49.40:382][  0]LogConfig: Setting CVar [[r.SSS.Quality:1]]
[2023.06.06-00.49.40:382][  0]LogConfig: Setting CVar [[r.SSS.HalfRes:0]]
[2023.06.06-00.49.40:382][  0]LogConfig: Setting CVar [[r.SSGI.Quality:3]]
[2023.06.06-00.49.40:382][  0]LogConfig: Setting CVar [[r.EmitterSpawnRateScale:1.0]]
[2023.06.06-00.49.40:382][  0]LogConfig: Setting CVar [[r.ParticleLightQuality:2]]
[2023.06.06-00.49.40:382][  0]LogConfig: Setting CVar [[r.SkyAtmosphere.AerialPerspectiveLUT.FastApplyOnOpaque:1 ; Always have FastSkyLUT 1 in this case to avoid wrong sky]]
[2023.06.06-00.49.40:382][  0]LogConfig: Setting CVar [[r.SkyAtmosphere.AerialPerspectiveLUT.SampleCountMaxPerSlice:4]]
[2023.06.06-00.49.40:382][  0]LogConfig: Setting CVar [[r.SkyAtmosphere.AerialPerspectiveLUT.DepthResolution:16.0]]
[2023.06.06-00.49.40:382][  0]LogConfig: Setting CVar [[r.SkyAtmosphere.FastSkyLUT:1]]
[2023.06.06-00.49.40:382][  0]LogConfig: Setting CVar [[r.SkyAtmosphere.FastSkyLUT.SampleCountMin:4.0]]
[2023.06.06-00.49.40:382][  0]LogConfig: Setting CVar [[r.SkyAtmosphere.FastSkyLUT.SampleCountMax:128.0]]
[2023.06.06-00.49.40:382][  0]LogConfig: Setting CVar [[r.SkyAtmosphere.SampleCountMin:4.0]]
[2023.06.06-00.49.40:382][  0]LogConfig: Setting CVar [[r.SkyAtmosphere.SampleCountMax:128.0]]
[2023.06.06-00.49.40:382][  0]LogConfig: Setting CVar [[r.SkyAtmosphere.TransmittanceLUT.UseSmallFormat:0]]
[2023.06.06-00.49.40:382][  0]LogConfig: Setting CVar [[r.SkyAtmosphere.TransmittanceLUT.SampleCount:10.0]]
[2023.06.06-00.49.40:382][  0]LogConfig: Setting CVar [[r.SkyAtmosphere.MultiScatteringLUT.SampleCount:15.0]]
[2023.06.06-00.49.40:382][  0]LogConfig: Setting CVar [[r.SkyLight.RealTimeReflectionCapture:1]]
[2023.06.06-00.49.40:382][  0]LogConfig: Applying CVar settings from Section [FoliageQuality@3] File [C:/PG/Git_Tutorial/Ateam_2023/SummerGJ2023/Saved/Config/Windows/Scalability.ini]
[2023.06.06-00.49.40:382][  0]LogConfig: Setting CVar [[foliage.DensityScale:1.0]]
[2023.06.06-00.49.40:382][  0]LogConfig: Setting CVar [[grass.DensityScale:1.0]]
[2023.06.06-00.49.40:382][  0]LogConfig: Applying CVar settings from Section [ShadingQuality@3] File [C:/PG/Git_Tutorial/Ateam_2023/SummerGJ2023/Saved/Config/Windows/Scalability.ini]
[2023.06.06-00.49.40:382][  0]LogConfig: Setting CVar [[r.HairStrands.SkyLighting.IntegrationType:2]]
[2023.06.06-00.49.40:382][  0]LogConfig: Setting CVar [[r.HairStrands.SkyAO.SampleCount:4]]
[2023.06.06-00.49.40:382][  0]LogConfig: Setting CVar [[r.HairStrands.Visibility.MSAA.SamplePerPixel:4]]
[2023.06.06-00.49.40:382][  0]LogConfig: Applying CVar settings from Section [Startup] File [../../../Engine/Config/ConsoleVariables.ini]
[2023.06.06-00.49.40:382][  0]LogConfig: Setting CVar [[net.UseAdaptiveNetUpdateFrequency:0]]
[2023.06.06-00.49.40:382][  0]LogConfig: Setting CVar [[p.chaos.AllowCreatePhysxBodies:1]]
[2023.06.06-00.49.40:382][  0]LogConfig: Setting CVar [[fx.SkipVectorVMBackendOptimizations:1]]
[2023.06.06-00.49.40:382][  0]LogConfig: Applying CVar settings from Section [ConsoleVariables] File [C:/PG/Git_Tutorial/Ateam_2023/SummerGJ2023/Saved/Config/Windows/Engine.ini]
[2023.06.06-00.49.40:382][  0]LogConfig: Applying CVar settings from Section [ConsoleVariables] File [C:/PG/Git_Tutorial/Ateam_2023/SummerGJ2023/Saved/Config/Windows/Editor.ini]
[2023.06.06-00.49.40:382][  0]LogInit: Computer: KBC12205168
[2023.06.06-00.49.40:382][  0]LogInit: User: KBC12205168
[2023.06.06-00.49.40:382][  0]LogInit: CPU Page size=4096, Cores=8
[2023.06.06-00.49.40:382][  0]LogInit: High frequency timer resolution =10.000000 MHz
[2023.06.06-00.49.40:382][  0]LogMemory: Memory total: Physical=31.7GB (32GB approx)
[2023.06.06-00.49.40:382][  0]LogMemory: Platform Memory Stats for Windows
[2023.06.06-00.49.40:382][  0]LogMemory: Process Physical Memory: 144.45 MB used, 144.45 MB peak
[2023.06.06-00.49.40:382][  0]LogMemory: Process Virtual Memory: 129.30 MB used, 129.30 MB peak
[2023.06.06-00.49.40:382][  0]LogMemory: Physical Memory: 9866.13 MB used,  22603.00 MB free, 32469.12 MB total
[2023.06.06-00.49.40:382][  0]LogMemory: Virtual Memory: 134191848.00 MB used,  25883.76 MB free, 134217728.00 MB total
[2023.06.06-00.49.40:562][  0]LogWindows: WindowsPlatformFeatures enabled
[2023.06.06-00.49.40:594][  0]LogInit: Physics initialised using underlying interface: PhysX
[2023.06.06-00.49.40:595][  0]LogInit: Using OS detected language (ja-JP).
[2023.06.06-00.49.40:595][  0]LogInit: Using OS detected locale (ja-JP).
[2023.06.06-00.49.40:598][  0]LogTextLocalizationManager: No specific localization for 'ja-JP' exists, so the 'ja' localization will be used.
[2023.06.06-00.49.40:660][  0]LogInit: Setting process to per monitor DPI aware
[2023.06.06-00.49.40:677][  0]LogWindowsTextInputMethodSystem: Display: IME system deactivated.
[2023.06.06-00.49.40:686][  0]LogSlate: New Slate User Created.  User Index 0, Is Virtual User: 0
[2023.06.06-00.49.40:686][  0]LogSlate: Slate User Registered.  User Index 0, Is Virtual User: 0
[2023.06.06-00.49.40:769][  0]LogD3D11RHI: Loaded GFSDK_Aftermath_Lib.x64.dll
[2023.06.06-00.49.40:799][  0]LogHMD: Failed to initialize OpenVR with code 110
[2023.06.06-00.49.40:799][  0]LogD3D11RHI: D3D11 min allowed feature level: 11_0
[2023.06.06-00.49.40:799][  0]LogD3D11RHI: D3D11 max allowed feature level: 11_0
[2023.06.06-00.49.40:799][  0]LogD3D11RHI: D3D11 adapters:
[2023.06.06-00.49.40:873][  0]LogD3D11RHI:    0. 'NVIDIA GeForce RTX 3070 Laptop GPU' (Feature Level 11_0)
[2023.06.06-00.49.40:873][  0]LogD3D11RHI:       8044/0/16234 MB DedicatedVideo/DedicatedSystem/SharedSystem, Outputs:1, VendorId:0x10de
[2023.06.06-00.49.40:900][  0]LogD3D11RHI:    1. 'Intel(R) UHD Graphics' (Feature Level 11_0)
[2023.06.06-00.49.40:900][  0]LogD3D11RHI:       128/0/16234 MB DedicatedVideo/DedicatedSystem/SharedSystem, Outputs:0, VendorId:0x8086
[2023.06.06-00.49.40:902][  0]LogD3D11RHI:    2. 'Microsoft Basic Render Driver' (Feature Level 11_0)
[2023.06.06-00.49.40:902][  0]LogD3D11RHI:       0/0/16234 MB DedicatedVideo/DedicatedSystem/SharedSystem, Outputs:0, VendorId:0x1414
[2023.06.06-00.49.40:902][  0]LogD3D11RHI: Chosen D3D11 Adapter:
[2023.06.06-00.49.40:902][  0]LogD3D11RHI:     Description : NVIDIA GeForce RTX 3070 Laptop GPU
[2023.06.06-00.49.40:902][  0]LogD3D11RHI:     VendorId    : 10de
[2023.06.06-00.49.40:902][  0]LogD3D11RHI:     DeviceId    : 249d
[2023.06.06-00.49.40:902][  0]LogD3D11RHI:     SubSysId    : 12f51462
[2023.06.06-00.49.40:902][  0]LogD3D11RHI:     Revision    : 00a1
[2023.06.06-00.49.40:902][  0]LogD3D11RHI:     DedicatedVideoMemory : 8434745344 bytes
[2023.06.06-00.49.40:902][  0]LogD3D11RHI:     DedicatedSystemMemory : 0 bytes
[2023.06.06-00.49.40:902][  0]LogD3D11RHI:     SharedSystemMemory : 17023172608 bytes
[2023.06.06-00.49.40:902][  0]LogD3D11RHI:     AdapterLuid : 0 76466
[2023.06.06-00.49.40:908][  0]LogD3D11RHI: Creating new Direct3DDevice
[2023.06.06-00.49.40:908][  0]LogD3D11RHI:     GPU DeviceId: 0x249d (for the marketing name, search the web for "GPU Device Id")
[2023.06.06-00.49.40:908][  0]LogWindows: EnumDisplayDevices:
[2023.06.06-00.49.40:908][  0]LogWindows:    0. 'Intel(R) UHD Graphics' (P:1 D:1)
[2023.06.06-00.49.40:908][  0]LogWindows:    1. 'Intel(R) UHD Graphics' (P:0 D:0)
[2023.06.06-00.49.40:908][  0]LogWindows:    2. 'Intel(R) UHD Graphics' (P:0 D:0)
[2023.06.06-00.49.40:909][  0]LogWindows:    3. 'Intel(R) UHD Graphics' (P:0 D:0)
[2023.06.06-00.49.40:909][  0]LogWindows:    4. 'NVIDIA GeForce RTX 3070 Laptop GPU' (P:0 D:0)
[2023.06.06-00.49.40:909][  0]LogWindows:    5. 'NVIDIA GeForce RTX 3070 Laptop GPU' (P:0 D:0)
[2023.06.06-00.49.40:909][  0]LogWindows:    6. 'NVIDIA GeForce RTX 3070 Laptop GPU' (P:0 D:0)
[2023.06.06-00.49.40:909][  0]LogWindows:    7. 'NVIDIA GeForce RTX 3070 Laptop GPU' (P:0 D:0)
[2023.06.06-00.49.40:909][  0]LogWindows: DebugString: PrimaryIsNotTheChoosenAdapter PrimaryIsNotTheChoosenAdapter PrimaryIsNotTheChoosenAdapter PrimaryIsNotTheChoosenAdapter FoundDriverCount:4 
[2023.06.06-00.49.40:909][  0]LogD3D11RHI:     Adapter Name: NVIDIA GeForce RTX 3070 Laptop GPU
[2023.06.06-00.49.40:909][  0]LogD3D11RHI:   Driver Version: 471.41 (internal:30.0.14.7141, unified:471.41)
[2023.06.06-00.49.40:909][  0]LogD3D11RHI:      Driver Date: 7-12-2021
[2023.06.06-00.49.40:909][  0]LogRHI: Texture pool is 5630 MB (70% of 8044 MB)
[2023.06.06-00.49.40:909][  0]LogD3D11RHI: Creating D3DDevice using adapter:
[2023.06.06-00.49.40:909][  0]LogD3D11RHI:     Description : NVIDIA GeForce RTX 3070 Laptop GPU
[2023.06.06-00.49.40:909][  0]LogD3D11RHI:     VendorId    : 10de
[2023.06.06-00.49.40:909][  0]LogD3D11RHI:     DeviceId    : 249d
[2023.06.06-00.49.40:909][  0]LogD3D11RHI:     SubSysId    : 12f51462
[2023.06.06-00.49.40:909][  0]LogD3D11RHI:     Revision    : 00a1
[2023.06.06-00.49.40:909][  0]LogD3D11RHI:     DedicatedVideoMemory : 8434745344 bytes
[2023.06.06-00.49.40:909][  0]LogD3D11RHI:     DedicatedSystemMemory : 0 bytes
[2023.06.06-00.49.40:909][  0]LogD3D11RHI:     SharedSystemMemory : 17023172608 bytes
[2023.06.06-00.49.40:909][  0]LogD3D11RHI:     AdapterLuid : 0 76466
[2023.06.06-00.49.40:963][  0]LogD3D11RHI: RHI has support for 64 bit atomics
[2023.06.06-00.49.40:963][  0]LogD3D11RHI: Async texture creation enabled
[2023.06.06-00.49.40:963][  0]LogD3D11RHI: Array index from any shader is supported
[2023.06.06-00.49.40:974][  0]LogD3D11RHI: GPU Timing Frequency: 1000.000000 (Debug: 2 1)
[2023.06.06-00.49.40:994][  0]LogRHI: GeForceNow SDK initialized: 1
[2023.06.06-00.49.41:217][  0]LogTargetPlatformManager: Display: Loaded TargetPlatform 'AllDesktop'
[2023.06.06-00.49.41:231][  0]LogTargetPlatformManager: Display: Loaded TargetPlatform 'Android'
[2023.06.06-00.49.41:232][  0]LogTargetPlatformManager: Display: Loaded TargetPlatform 'Android_ASTC'
[2023.06.06-00.49.41:232][  0]LogTargetPlatformManager: Display: Loaded TargetPlatform 'Android_DXT'
[2023.06.06-00.49.41:232][  0]LogTargetPlatformManager: Display: Loaded TargetPlatform 'Android_ETC2'
[2023.06.06-00.49.41:232][  0]LogTargetPlatformManager: Display: Loaded TargetPlatform 'AndroidClient'
[2023.06.06-00.49.41:232][  0]LogTargetPlatformManager: Display: Loaded TargetPlatform 'Android_ASTCClient'
[2023.06.06-00.49.41:232][  0]LogTargetPlatformManager: Display: Loaded TargetPlatform 'Android_DXTClient'
[2023.06.06-00.49.41:232][  0]LogTargetPlatformManager: Display: Loaded TargetPlatform 'Android_ETC2Client'
[2023.06.06-00.49.41:232][  0]LogTargetPlatformManager: Display: Loaded TargetPlatform 'Android_Multi'
[2023.06.06-00.49.41:232][  0]LogTargetPlatformManager: Display: Loaded TargetPlatform 'Android_MultiClient'
[2023.06.06-00.49.41:244][  0]LogTargetPlatformManager: Display: Loaded TargetPlatform 'IOSClient'
[2023.06.06-00.49.41:244][  0]LogTargetPlatformManager: Display: Loaded TargetPlatform 'IOS'
[2023.06.06-00.49.41:251][  0]LogTargetPlatformManager: Display: Loaded TargetPlatform 'Linux'
[2023.06.06-00.49.41:255][  0]LogTargetPlatformManager: Display: Loaded TargetPlatform 'LinuxNoEditor'
[2023.06.06-00.49.41:257][  0]LogTargetPlatformManager: Display: Loaded TargetPlatform 'LinuxClient'
[2023.06.06-00.49.41:261][  0]LogTargetPlatformManager: Display: Loaded TargetPlatform 'LinuxServer'
[2023.06.06-00.49.41:266][  0]LogTargetPlatformManager: Display: Loaded TargetPlatform 'LinuxAArch64NoEditor'
[2023.06.06-00.49.41:270][  0]LogTargetPlatformManager: Display: Loaded TargetPlatform 'LinuxAArch64Client'
[2023.06.06-00.49.41:274][  0]LogTargetPlatformManager: Display: Loaded TargetPlatform 'LinuxAArch64Server'
[2023.06.06-00.49.41:289][  0]LogTargetPlatformManager: Display: Loaded TargetPlatform 'Lumin'
[2023.06.06-00.49.41:289][  0]LogTargetPlatformManager: Display: Loaded TargetPlatform 'LuminClient'
[2023.06.06-00.49.41:294][  0]LogTargetPlatformManager: Display: Loaded TargetPlatform 'MacNoEditor'
[2023.06.06-00.49.41:297][  0]LogTargetPlatformManager: Display: Loaded TargetPlatform 'Mac'
[2023.06.06-00.49.41:300][  0]LogTargetPlatformManager: Display: Loaded TargetPlatform 'MacClient'
[2023.06.06-00.49.41:303][  0]LogTargetPlatformManager: Display: Loaded TargetPlatform 'MacServer'
[2023.06.06-00.49.41:311][  0]LogTargetPlatformManager: Display: Loaded TargetPlatform 'TVOSClient'
[2023.06.06-00.49.41:311][  0]LogTargetPlatformManager: Display: Loaded TargetPlatform 'TVOS'
[2023.06.06-00.49.41:317][  0]LogTargetPlatformManager: Display: Loaded TargetPlatform 'WindowsNoEditor'
[2023.06.06-00.49.41:319][  0]LogTargetPlatformManager: Display: Loaded TargetPlatform 'Windows'
[2023.06.06-00.49.41:323][  0]LogTargetPlatformManager: Display: Loaded TargetPlatform 'WindowsClient'
[2023.06.06-00.49.41:326][  0]LogTargetPlatformManager: Display: Loaded TargetPlatform 'WindowsServer'
[2023.06.06-00.49.41:326][  0]LogTargetPlatformManager: Display: Building Assets For Windows
[2023.06.06-00.49.41:332][  0]LogAudioDebug: Display: Lib vorbis DLL was dynamically loaded.
[2023.06.06-00.49.41:355][  0]LogTextureFormatOodle: Display: Oodle Texture 2.9.0 init RDO Off
[2023.06.06-00.49.41:379][  0]LogRendererCore: Ray tracing is disabled. Reason: r.RayTracing=0.
[2023.06.06-00.49.41:379][  0]LogShaderCompilers: Guid format shader working directory is -5 characters bigger than the processId version (../../../../../../PG/Git_Tutorial/Ateam_2023/SummerGJ2023/Intermediate/Shaders/WorkingDirectory/6732/).
[2023.06.06-00.49.41:379][  0]LogShaderCompilers: Cleaned the shader compiler working directory 'C:/Users/KBC12205168/AppData/Local/Temp/UnrealShaderWorkingDir/A87964B34DCDB94DB6E117AB335F5338/'.
[2023.06.06-00.49.41:380][  0]LogXGEController: Cannot use XGE Controller as Incredibuild is not installed on this machine.
[2023.06.06-00.49.41:380][  0]LogShaderCompilers: Cannot use XGE Shader Compiler as Incredibuild is not installed on this machine.
[2023.06.06-00.49.41:380][  0]LogShaderCompilers: Display: Using Local Shader Compiler.
[2023.06.06-00.49.41:929][  0]LogDerivedDataCache: Display: Max Cache Size: 512 MB
[2023.06.06-00.49.41:971][  0]LogDerivedDataCache: Loaded boot cache 0.04s 94MB C:/Users/KBC12205168/AppData/Local/UnrealEngine/4.27/DerivedDataCache/Boot.ddc.
[2023.06.06-00.49.41:971][  0]LogDerivedDataCache: Display: Loaded Boot cache: C:/Users/KBC12205168/AppData/Local/UnrealEngine/4.27/DerivedDataCache/Boot.ddc
[2023.06.06-00.49.41:971][  0]LogDerivedDataCache: FDerivedDataBackendGraph:  Pak pak cache file ../../../../../../PG/Git_Tutorial/Ateam_2023/SummerGJ2023/DerivedDataCache/DDC.ddp not found, will not use a pak cache.
[2023.06.06-00.49.41:971][  0]LogDerivedDataCache: Unable to find inner node Pak for hierarchical cache Hierarchy.
[2023.06.06-00.49.41:971][  0]LogDerivedDataCache: FDerivedDataBackendGraph:  CompressedPak pak cache file ../../../../../../PG/Git_Tutorial/Ateam_2023/SummerGJ2023/DerivedDataCache/Compressed.ddp not found, will not use a pak cache.
[2023.06.06-00.49.41:971][  0]LogDerivedDataCache: Unable to find inner node CompressedPak for hierarchical cache Hierarchy.
[2023.06.06-00.49.41:983][  0]LogDerivedDataCache: Display: Pak cache opened for reading ../../../Engine/DerivedDataCache/Compressed.ddp.
[2023.06.06-00.49.41:983][  0]LogDerivedDataCache: FDerivedDataBackendGraph:  EnterprisePak pak cache file ../../../Enterprise/DerivedDataCache/Compressed.ddp not found, will not use a pak cache.
[2023.06.06-00.49.41:983][  0]LogDerivedDataCache: Unable to find inner node EnterprisePak for hierarchical cache Hierarchy.
[2023.06.06-00.49.41:989][  0]LogDerivedDataCache: Speed tests for C:/Users/KBC12205168/AppData/Local/UnrealEngine/Common/DerivedDataCache took 0.01 seconds
[2023.06.06-00.49.41:989][  0]LogDerivedDataCache: Display: Performance to C:/Users/KBC12205168/AppData/Local/UnrealEngine/Common/DerivedDataCache: Latency=0.03ms. RandomReadSpeed=2142.63MBs, RandomWriteSpeed=206.93MBs. Assigned SpeedClass 'Local'
[2023.06.06-00.49.41:990][  0]LogDerivedDataCache: Using Local data cache path C:/Users/KBC12205168/AppData/Local/UnrealEngine/Common/DerivedDataCache: Writable
[2023.06.06-00.49.41:990][  0]LogDerivedDataCache: Shared data cache path not found in *engine.ini, will not use an Shared cache.
[2023.06.06-00.49.41:990][  0]LogDerivedDataCache: Unable to find inner node Shared for hierarchical cache Hierarchy.
[2023.06.06-00.49.42:022][  0]LogSlate: Using FreeType 2.10.0
[2023.06.06-00.49.42:023][  0]LogSlate: SlateFontServices - WITH_FREETYPE: 1, WITH_HARFBUZZ: 1
[2023.06.06-00.49.42:042][  0]LogAssetRegistry: FAssetRegistry took 0.0024 seconds to start up
[2023.06.06-00.49.42:201][  0]LogInit: Selected Device Profile: [Windows]
[2023.06.06-00.49.42:201][  0]LogInit: Active device profile: [00000238EBA10900][00000238EA879140 49] Windows
[2023.06.06-00.49.42:201][  0]LogInit: Profiles: [00000238EBA10900][00000238EA879140 49] Windows, [00000238EB9CF800][00000238EA8812C0 49] WindowsNoEditor, [00000238EBA13500][00000238EA885440 49] WindowsServer, [00000238EB9CCE00][00000238EA8895C0 49] WindowsClient, [00000238EBA13800][00000238EA88D740 49] IOS, [00000238EB9CE800][00000238EA8918C0 49] iPadAir, [00000238EBA12000][00000238EA895A40 49] iPadAir2, [00000238EB984A00][00000238EA89C180 49] IPadPro, [00000238EB984B00][00000238EA8981C0 49] iPadAir3, [00000238EB9CD900][00000238EA8A0340 49] iPadAir4, [00000238EB987400][00000238EA8A44C0 49] iPadMini2, [00000238EB9CEA00][00000238EA8A8640 49] iPadMini3, [00000238EB985700][00000238EA87C780 49] iPadMini4, [00000238EBA11100][00000238EA8AC8C0 49] iPadMini5, [00000238EB98C300][00000238EA8B4B00 49] iPhone6, [00000238EB98C400][00000238EA8B0B40 49] iPodTouch6, [00000238EB983F00][00000238EA8C4E00 49] iPhone7, [00000238EB983E00][00000238EA8BCE40 49] iPodTouch7, [00000238EB9CE500][00000238EA8C8FC0 49] iPhone5S, [00000238EB981A00][00000238ECBDF140 49] iPhone6Plus, [00000238EB98C200][00000238ECC672C0 49] iPhone6S, [00000238EB980600][00000238ECCC3440 49] iPhone6SPlus, [00000238EB98E900][00000238ECCF15C0 49] iPhone7Plus, [00000238EB983100][00000238E54B3740 49] iPhoneSE, [00000238EB98E200][00000238E54B78C0 49] iPhone8, [00000238EB983B00][00000238E54BBA40 49] iPhone8Plus, [00000238EB98C800][00000238E54C3BC0 49] iPhoneX, [00000238EB981600][00000238E54CA1C0 49] iPhoneXS, [00000238EB98FC00][00000238E54CE340 49] iPhoneXSMax, [00000238EB980700][00000238E54D24C0 49] iPhoneXR, [00000238EB98D300][00000238E54FC640 49] iPhone11, [00000238EB982700][00000238E55047C0 49] iPhone11Pro, [00000238EB98D000][00000238ED0E4940 49] iPhone11ProMax, [00000238EB982A00][00000238EA8B8A80 49] iPhoneSE2, [00000238EB98D400][00000238ECB1ABC0 49] iPhone12Mini, [00000238EB982400][00000238ECBEAD00 49] iPhone12, [00000238EB98CD00][00000238ECBF2E80 49] iPhone12Pro, [00000238EB982B00][00000238E5399000 49] iPhone12ProMax, [00000238EB98F000][00000238E540B180 49] iPadPro105, [00000238EB980200][00000238E540F300 49] iPadPro129, [00000238EB98EB00][00000238E5413480 49] iPadPro97, [00000238EB982600][00000238E5417600 49] iPadPro2_129, [00000238EB98FB00][00000238E541B780 49] iPad5, [00000238EB982200][00000238E541F900 49] iPad6, [00000238EB98CF00][00000238E9357A80 49] iPad7, [00000238EB981D00][00000238E935BC00 49] iPad8, [00000238EB98C900][00000238E935E200 49] iPadPro11, [00000238EB980F00][00000238E9372380 49] iPadPro2_11, [00000238EB98F200][00000238E9382500 49] iPadPro3_129, [00000238EB983C00][00000238ECB92680 49] iPadPro4_129, [00000238EB98CC00][00000238ECB96800 49] AppleTV, [00000238EB982100][00000238ECB9A980 49] AppleTV4K, [00000238EB98F100][00000238ECB9EB00 49] TVOS, [00000238EB983400][00000238ECBEEC40 49] Mac, [00000238EB98F800][00000238ECBA6D80 49] MacClient, [00000238EB981E00][00000238ECBAAEC0 49] MacNoEditor, [00000238EB98FF00][00000238E5431040 49] MacServer, [00000238EB982E00][00000238E54351C0 49] Linux, [00000238EB98CB00][00000238E5439340 49] LinuxAArch64, [00000238EB981F00][00000238E543D4C0 49] LinuxNoEditor, [00000238EB98DB00][00000238ECBF7640 49] LinuxAArch64NoEditor, [00000238EB983900][00000238ECC0F7C0 49] LinuxClient, [00000238EB98F500][00000238E5471940 49] LinuxAArch64Client, [00000238EB982300][00000238E5479AC0 49] LinuxServer, [00000238EB98C500][00000238E547C0C0 49] LinuxAArch64Server, [00000238EB980D00][00000238E5480240 49] Android, [00000238EB98D900][00000238E54843C0 49] Android_Low, [00000238EB983600][00000238E548C540 49] Android_Mid, [00000238EB98ED00][00000238E54906C0 49] Android_High, [00000238EB983800][00000238E5498840 49] Android_Default, [00000238EB98E100][00000238E549C9C0 49] Android_Adreno4xx, [00000238EB980900][00000238E54A0B40 49] Android_Adreno5xx_Low, [00000238EB987600][00000238E54A4CC0 49] Android_Adreno5xx, [00000238EB9CC900][00000238E542CE00 49] Android_Adreno6xx, [00000238EB985800][00000238E5402F40 49] Android_Adreno6xx_Vulkan, [00000238EB9CCF00][00000238E5407080 49] Android_Mali_T6xx, [00000238EB985200][00000238E54A91C0 49] Android_Mali_T7xx, [00000238EB9CF900][00000238ECC53340 49] Android_Mali_T8xx, [00000238EB985E00][00000238ECC574C0 49] Android_Mali_G71, [00000238EB9CC500][00000238E5489640 49] Android_Mali_G72, [00000238EB984600][00000238E54957C0 49] Android_Mali_G72_Vulkan, [00000238EB9CD200][00000238ECC5B940 49] Android_Mali_G76, [00000238EB984100][00000238ECC5FAC0 49] Android_Mali_G76_Vulkan, [00000238EB9CDF00][00000238ECC620C0 49] Android_Mali_G77, [00000238EB984C00][00000238ECB34240 49] Android_Mali_G77_Vulkan, [00000238EB9CCA00][00000238ECB383C0 49] Android_Mali_G78, [00000238EB986C00][00000238ECB3C540 49] Android_Mali_G78_Vulkan, [00000238EB9CF600][00000238ECB406C0 49] Android_Mali_G710, [00000238EB986400][00000238ECB44840 49] Android_Mali_G710_Vulkan, [00000238EB9CE700][00000238E936E9C0 49] Android_Vulkan_SM5, [00000238EB987B00][00000238E5500B40 49] Android_PowerVR_G6xxx, [00000238EB9CF400][00000238E5474CC0 49] Android_PowerVR_GT7xxx, [00000238EB986300][00000238ECB48E40 49] Android_PowerVR_GE8xxx, [00000238EB9CEE00][00000238E54ACF80 49] Android_PowerVR_GM9xxx, [00000238EB987F00][00000238ECB4D0C0 49] Android_PowerVR_GM9xxx_Vulkan, [00000238EB9CD600][00000238ECB51200 49] Android_TegraK1, [00000238EB984400][00000238ECB55340 49] Android_Unknown_Vulkan, [00000238EB9CED00][00000238E53A14C0 49] Lumin, [00000238EB984500][00000238E53A5640 49] Lumin_Desktop, [00000238EB9CCD00][00000238E53A97C0 49] HoloLens, 
[2023.06.06-00.49.42:292][  0]LogMeshReduction: Using QuadricMeshReduction for automatic static mesh reduction
[2023.06.06-00.49.42:292][  0]LogMeshReduction: Using SimplygonMeshReduction for automatic skeletal mesh reduction
[2023.06.06-00.49.42:293][  0]LogMeshReduction: Using ProxyLODMeshReduction for automatic mesh merging
[2023.06.06-00.49.42:293][  0]LogMeshReduction: No distributed automatic mesh merging module available
[2023.06.06-00.49.42:293][  0]LogMeshMerging: No distributed automatic mesh merging module available
[2023.06.06-00.49.42:303][  0]LogNetVersion: SummerGJ2023 1.0.0, NetCL: 17155196, EngineNetVer: 17, GameNetVer: 0 (Checksum: 2361992904)
[2023.06.06-00.49.42:573][  0]LogTexture: Default maximum texture size for cubemaps generated from long-lat sources has been changed from 512 to unlimited. In order to preserve old behaiour for '/Engine/MapTemplates/Sky/DaylightAmbientCubemap.DaylightAmbientCubemap', its maximum texture size has been explicitly set to 512.
[2023.06.06-00.49.42:613][  0]LogHMD: PokeAHoleMaterial loaded successfully
[2023.06.06-00.49.42:617][  0]LogUObjectArray: 17178 objects as part of root set at end of initial load.
[2023.06.06-00.49.42:617][  0]LogUObjectAllocator: 4302048 out of 0 bytes used by permanent object pool.
[2023.06.06-00.49.42:617][  0]LogUObjectArray: CloseDisregardForGC: 0/0 objects in disregard for GC pool
[2023.06.06-00.49.42:802][  0]LogNiagaraDebuggerClient: Niagara Debugger Client Initialized | Session: B9CEFF8A451CF37745BD9D885B9C3341 | Instance: 09AE97274BA566F9B688ACA3BF892F5F (KBC12205168-6732).
[2023.06.06-00.49.42:842][  0]LogPython: Using Python 3.7.7
[2023.06.06-00.49.43:294][  0]LogUdpMessaging: Initializing bridge on interface 0.0.0.0:0 to multicast group 230.0.0.1:6666.
[2023.06.06-00.49.43:300][  0]LogTcpMessaging: Initializing TcpMessaging bridge
[2023.06.06-00.49.43:375][  0]SourceControl: ソースコントロールは無効です
[2023.06.06-00.49.43:375][  0]SourceControl: ソースコントロールは無効です
[2023.06.06-00.49.43:377][  0]SourceControl: ソースコントロールは無効です
[2023.06.06-00.49.43:380][  0]SourceControl: ソースコントロールは無効です
[2023.06.06-00.49.43:383][  0]SourceControl: ソースコントロールは無効です
[2023.06.06-00.49.43:388][  0]LogUProjectInfo: Found projects:
[2023.06.06-00.49.43:543][  0]LogOpenImageDenoise: OIDN starting up
[2023.06.06-00.49.43:579][  0]LogAndroidPermission: UAndroidPermissionCallbackProxy::GetInstance
[2023.06.06-00.49.43:595][  0]LogAudioCaptureCore: Display: No Audio Capture implementations found. Audio input will be silent.
[2023.06.06-00.49.43:595][  0]LogAudioCaptureCore: Display: No Audio Capture implementations found. Audio input will be silent.
[2023.06.06-00.49.43:681][  0]LogCollectionManager: Loaded 0 collections in 0.001281 seconds
[2023.06.06-00.49.43:698][  0]LogFileCache: Scanning file cache for directory 'C:/PG/Git_Tutorial/Ateam_2023/SummerGJ2023/Saved/Collections/' took 0.00s
[2023.06.06-00.49.43:698][  0]LogFileCache: Scanning file cache for directory 'C:/PG/Git_Tutorial/Ateam_2023/SummerGJ2023/Content/Developers/KBC12205168/Collections/' took 0.00s
[2023.06.06-00.49.43:698][  0]LogFileCache: Scanning file cache for directory 'C:/PG/Git_Tutorial/Ateam_2023/SummerGJ2023/Content/Collections/' took 0.00s
[2023.06.06-00.49.43:698][  0]LogOcInput: OculusInput pre-init called
[2023.06.06-00.49.43:880][  0]LogEngine: Initializing Engine...
[2023.06.06-00.49.43:883][  0]LogHMD: Failed to enumerate extensions. Please check that you have a valid OpenXR runtime installed.
[2023.06.06-00.49.43:883][  0]LogHMD: Failed to initialize OpenVR with code 110
[2023.06.06-00.49.43:883][  0]LogMagicLeap: Warning: VR disabled because ZI is not enabled.  To enable, in the editor, Edit -> Project Settings -> Plugins -> Magic Leap Plugin -> Enable Zero Iteration
[2023.06.06-00.49.43:883][  0]LogStats: UGameplayTagsManager::InitializeManager -  0.000 s
[2023.06.06-00.49.43:966][  0]LogInit: Initializing FReadOnlyCVARCache
[2023.06.06-00.49.43:971][  0]LogAIModule: Creating AISystem for world Untitled
[2023.06.06-00.49.43:976][  0]LogAudio: Display: Initializing Audio Device Manager...
[2023.06.06-00.49.43:979][  0]LogAudio: Display: Loading Default Audio Settings Objects...
[2023.06.06-00.49.43:980][  0]LogAudio: Display: No default SoundConcurrencyObject specified (or failed to load).
[2023.06.06-00.49.43:980][  0]LogAudio: Display: Audio Device Manager Initialized
[2023.06.06-00.49.43:980][  0]LogAudio: Display: Creating Audio Device:                 Id: 1, Scope: Shared, Realtime: True
[2023.06.06-00.49.43:980][  0]LogAudioMixer: Display: Audio Mixer Platform Settings:
[2023.06.06-00.49.43:980][  0]LogAudioMixer: Display: 	Sample Rate:						  48000
[2023.06.06-00.49.43:980][  0]LogAudioMixer: Display: 	Callback Buffer Frame Size Requested: 1024
[2023.06.06-00.49.43:980][  0]LogAudioMixer: Display: 	Callback Buffer Frame Size To Use:	  1024
[2023.06.06-00.49.43:980][  0]LogAudioMixer: Display: 	Number of buffers to queue:			  2
[2023.06.06-00.49.43:980][  0]LogAudioMixer: Display: 	Max Channels (voices):				  32
[2023.06.06-00.49.43:980][  0]LogAudioMixer: Display: 	Number of Async Source Workers:		  0
[2023.06.06-00.49.43:980][  0]LogAudio: Display: AudioDevice MaxSources: 32
[2023.06.06-00.49.43:980][  0]LogAudio: Display: Audio Spatialization Plugin: None (built-in).
[2023.06.06-00.49.43:980][  0]LogAudio: Display: Audio Reverb Plugin: None (built-in).
[2023.06.06-00.49.43:980][  0]LogAudio: Display: Audio Occlusion Plugin: None (built-in).
[2023.06.06-00.49.43:980][  0]LogAudioMixer: Display: Initializing audio mixer.
[2023.06.06-00.49.44:019][  0]LogAudioMixer: Display: 0: FrontLeft
[2023.06.06-00.49.44:019][  0]LogAudioMixer: Display: 1: FrontRight
[2023.06.06-00.49.44:258][  0]LogAudioMixer: Display: Using Audio Device スピーカー (Realtek(R) Audio)
[2023.06.06-00.49.44:259][  0]LogAudioMixer: Display: Initializing Sound Submixes...
[2023.06.06-00.49.44:260][  0]LogAudioMixer: Display: Creating Master Submix 'MasterSubmixDefault'
[2023.06.06-00.49.44:260][  0]LogAudioMixer: Display: Creating Master Submix 'MasterReverbSubmixDefault'
[2023.06.06-00.49.44:261][  0]LogAudioMixer: Display: Creating Master Submix 'MasterEQSubmixDefault'
[2023.06.06-00.49.44:261][  0]LogAudioMixer: FMixerPlatformXAudio2::StartAudioStream() called
[2023.06.06-00.49.44:261][  0]LogAudioMixer: Display: Output buffers initialized: Frames=1024, Channels=2, Samples=2048
[2023.06.06-00.49.44:262][  0]LogAudioMixer: Display: Starting AudioMixerPlatformInterface::RunInternal()
[2023.06.06-00.49.44:262][  0]LogAudioMixer: Display: FMixerPlatformXAudio2::SubmitBuffer() called for the first time
[2023.06.06-00.49.44:262][  0]LogInit: FAudioDevice initialized.
[2023.06.06-00.49.44:262][  0]LogAudio: Display: Audio Device (ID: 1) registered with world 'Untitled'.
[2023.06.06-00.49.44:262][  0]LogNetVersion: Set ProjectVersion to 1.0.0.0. Version Checksum will be recalculated on next use.
[2023.06.06-00.49.44:301][  0]LogDerivedDataCache: Saved boot cache 0.04s 94MB C:/Users/KBC12205168/AppData/Local/UnrealEngine/4.27/DerivedDataCache/Boot.ddc.
[2023.06.06-00.49.44:301][  0]LogInit: Texture streaming: Enabled
[2023.06.06-00.49.44:311][  0]LogAnalytics: Display: [UEEditor.Rocket.Release] APIServer = https://datarouter.ol.epicgames.com/. AppVersion = 4.27.2-18319896+++UE4+Release-4.27
[2023.06.06-00.49.44:314][  0]LogEngineSessionManager: EngineSessionManager initialized
[2023.06.06-00.49.44:314][  0]LogEditorSessionSummary: Verbose: Initializing EditorSessionSummaryWriter for editor session tracking
[2023.06.06-00.49.44:317][  0]LogEditorSessionSummary: EditorSessionSummaryWriter initialized
[2023.06.06-00.49.44:337][  0]LogInit: Transaction tracking system initialized
[2023.06.06-00.49.44:353][  0]BlueprintLog: New page: エディタの読み込み
[2023.06.06-00.49.44:400][  0]LocalizationService: ローカライズのサービスが無効になりました
[2023.06.06-00.49.44:418][  0]TimingProfiler: Initialize
[2023.06.06-00.49.44:418][  0]TimingProfiler: OnSessionChanged
[2023.06.06-00.49.44:418][  0]LoadingProfiler: Initialize
[2023.06.06-00.49.44:418][  0]LoadingProfiler: OnSessionChanged
[2023.06.06-00.49.44:418][  0]NetworkingProfiler: Initialize
[2023.06.06-00.49.44:418][  0]NetworkingProfiler: OnSessionChanged
[2023.06.06-00.49.44:418][  0]MemoryProfiler: Initialize
[2023.06.06-00.49.44:418][  0]MemoryProfiler: OnSessionChanged
[2023.06.06-00.49.44:519][  0]LogCook: Display: CookSettings for Memory: MemoryMaxUsedVirtual 0MiB, MemoryMaxUsedPhysical 16384MiB, MemoryMinFreeVirtual 0MiB, MemoryMinFreePhysical 1024MiB
[2023.06.06-00.49.44:519][  0]LogCook: Display: Mobile HDR setting 1
[2023.06.06-00.49.44:662][  0]LogFileCache: Scanning file cache for directory 'C:/PG/Git_Tutorial/Ateam_2023/SummerGJ2023/Content/' took 0.00s
[2023.06.06-00.49.44:801][  0]LogInit: Display: Engine is initialized. Leaving FEngineLoop::Init()
[2023.06.06-00.49.44:804][  0]SourceControl: ソースコントロールは無効です
[2023.06.06-00.49.44:804][  0]LogUnrealEdMisc: Loading editor; pre map load, took 5.258
[2023.06.06-00.49.44:804][  0]Cmd: MAP LOAD FILE="../../../../../../PG/Git_Tutorial/Ateam_2023/SummerGJ2023/Content/FirstPersonBP/Maps/FirstPersonExampleMap.umap" TEMPLATE=0 SHOWPROGRESS=1 FEATURELEVEL=3
[2023.06.06-00.49.44:804][  0]LightingResults: New page: ライティングのビルド
[2023.06.06-00.49.44:805][  0]LogWorld: UWorld::CleanupWorld for Untitled, bSessionEnded=true, bCleanupResources=true
[2023.06.06-00.49.44:805][  0]LogSlate: InvalidateAllWidgets triggered.  All widgets were invalidated
[2023.06.06-00.49.44:806][  0]MapCheck: New page: マップをチェック
[2023.06.06-00.49.44:806][  0]LightingResults: New page: <何も選択されていません>
[2023.06.06-00.49.44:812][  0]LogAudio: Display: Audio Device unregistered from world 'None'.
[2023.06.06-00.49.44:814][  0]LogUObjectHash: Compacting FUObjectHashTables data took   0.53ms
[2023.06.06-00.49.44:943][  0]LogTexture: Display: テクスチャをビルドしています:DeprecatedTexture4E9A31EC459F824B7293D9A5960F381F (BGRA8、128X128)
[2023.06.06-00.49.44:992][  0]LogAudio: Display: Audio Device (ID: 1) registered with world 'FirstPersonExampleMap'.
[2023.06.06-00.49.44:992][  0]LogAIModule: Creating AISystem for world FirstPersonExampleMap
[2023.06.06-00.49.44:998][  0]LogEditorServer: Finished looking for orphan Actors (0.000 secs)
[2023.06.06-00.49.45:005][  0]LogUObjectHash: Compacting FUObjectHashTables data took   0.68ms
[2023.06.06-00.49.45:005][  0]Cmd: MAP CHECKDEP NOCLEARLOG
[2023.06.06-00.49.45:005][  0]MapCheck: マップチェックが完了: 0 エラー、 0 警告、完了に 0.114ミリ秒かかりました。
[2023.06.06-00.49.45:006][  0]LogFileHelpers: Loading map 'FirstPersonExampleMap' took 0.202
[2023.06.06-00.49.45:007][  0]LogUnrealEdMisc: Total Editor Startup Time, took 5.461
[2023.06.06-00.49.45:075][  0]LogWindowsTextInputMethodSystem: Display: IME system activated using TSF (Microsoft IME).
[2023.06.06-00.49.45:102][  0]LogSlate: Updating window title bar state: overlay mode, drag disabled, window buttons hidden, title bar hidden
[2023.06.06-00.49.45:106][  0]LogSlate: Updating window title bar state: overlay mode, drag disabled, window buttons hidden, title bar hidden
[2023.06.06-00.49.45:111][  0]LogSlate: Updating window title bar state: overlay mode, drag disabled, window buttons hidden, title bar hidden
[2023.06.06-00.49.45:114][  0]LogSlate: Updating window title bar state: overlay mode, drag disabled, window buttons hidden, title bar hidden
[2023.06.06-00.49.45:126][  0]LogNativeClassHierarchy: Verbose: Native class hierarchy populated in 0.0073 seconds. Added 3833 classes and 939 folders.
[2023.06.06-00.49.45:127][  0]LogNativeClassHierarchy: Verbose: Native class hierarchy updated for 'WidgetCarousel' in 0.0002 seconds. Added 0 classes and 0 folders.
[2023.06.06-00.49.45:130][  0]LogNativeClassHierarchy: Verbose: Native class hierarchy updated for 'AddContentDialog' in 0.0002 seconds. Added 0 classes and 0 folders.
[2023.06.06-00.49.45:131][  0]LogNativeClassHierarchy: Verbose: Native class hierarchy updated for 'SceneOutliner' in 0.0001 seconds. Added 2 classes and 0 folders.
[2023.06.06-00.49.45:394][  0]LogSlate: Only BGRA pngs, bmps or icos are supported in by External Image Picker
[2023.06.06-00.49.45:467][  0]LogNativeClassHierarchy: Verbose: Native class hierarchy updated for 'HierarchicalLODOutliner' in 0.0002 seconds. Added 0 classes and 0 folders.
[2023.06.06-00.49.45:467][  0]LogLoad: (Engine Initialization) Total time: 5.92 seconds
[2023.06.06-00.49.45:467][  0]LogLoad: (Engine Initialization) Total Blueprint compile time: 0.00 seconds
[2023.06.06-00.49.45:574][  0]LogRenderer: Reallocating scene render targets to support 64x64 Format 10 NumSamples 1 (Frame:1).
[2023.06.06-00.49.45:574][  0]LogAssetRegistry: Asset discovery search completed in 3.5330 seconds
[2023.06.06-00.49.45:578][  0]LogCollectionManager: Fixed up redirectors for 0 collections in 0.000003 seconds (updated 0 objects)
[2023.06.06-00.49.45:578][  0]LogContentStreaming: Texture pool size now 1000 MB
[2023.06.06-00.49.45:584][  0]LogSlate: Took 0.000161 seconds to synchronously load lazily loaded font '../../../Engine/Content/Slate/Fonts/Roboto-Regular.ttf' (155K)
[2023.06.06-00.49.45:585][  0]LogSlate: Took 0.000195 seconds to synchronously load lazily loaded font '../../../Engine/Content/Editor/Slate/Fonts/GenEiGothicPro-Regular.otf' (707K)
[2023.06.06-00.49.45:585][  0]LogSlate: Took 0.000088 seconds to synchronously load lazily loaded font '../../../Engine/Content/Editor/Slate/Fonts/FontAwesome.ttf' (139K)
[2023.06.06-00.49.45:585][  0]LogSlate: Took 0.000192 seconds to synchronously load lazily loaded font '../../../Engine/Content/Editor/Slate/Fonts/GenEiGothicPro-Bold.otf' (698K)
[2023.06.06-00.49.45:586][  0]LogSlate: Took 0.000092 seconds to synchronously load lazily loaded font '../../../Engine/Content/Slate/Fonts/Roboto-Bold.ttf' (160K)
[2023.06.06-00.49.45:629][  0]LogRenderer: Reallocating scene render targets to support 956x384 Format 10 NumSamples 1 (Frame:1).
[2023.06.06-00.49.45:629][  0]LogSlate: Took 0.000182 seconds to synchronously load lazily loaded font '../../../Engine/Content/Slate/Fonts/Roboto-Light.ttf' (167K)
[2023.06.06-00.49.45:668][  1]LogMaterial: Display: Missing cached shadermap for Material_0 in PCD3D_SM5, Default, SM5 (DDC key hash: B7654C181E43BBB3B529240C8A798FEE8C9999F7), compiling. 
[2023.06.06-00.49.45:686][  2]LogShaderCompilers: Display: Submitted 2 shader compile jobs with 'ForceLocal' priority
[2023.06.06-00.49.45:686][  2]LogShaderCompilers: Display: Worker (1/13): shaders left to compile 2
[2023.06.06-00.49.45:686][  2]LogShaderCompilers: Display: Worker (2/13): shaders left to compile 1
[2023.06.06-00.49.45:686][  2]LogShaderCompilers: Display: Started 2 'Local' shader compile jobs with 'ForceLocal' priority
[2023.06.06-00.49.45:739][  2]LogShaderCompilers: Display: Submitted 41 shader compile jobs with 'Normal' priority
[2023.06.06-00.49.45:739][  2]LogShaderCompilers: Display: Worker (3/13): shaders left to compile 38
[2023.06.06-00.49.45:739][  2]LogShaderCompilers: Display: Worker (4/13): shaders left to compile 37
[2023.06.06-00.49.45:739][  2]LogShaderCompilers: Display: Worker (5/13): shaders left to compile 33
[2023.06.06-00.49.45:739][  2]LogShaderCompilers: Display: Worker (6/13): shaders left to compile 29
[2023.06.06-00.49.45:739][  2]LogShaderCompilers: Display: Worker (7/13): shaders left to compile 25
[2023.06.06-00.49.45:739][  2]LogShaderCompilers: Display: Worker (8/13): shaders left to compile 21
[2023.06.06-00.49.45:739][  2]LogShaderCompilers: Display: Worker (9/13): shaders left to compile 17
[2023.06.06-00.49.45:739][  2]LogShaderCompilers: Display: Worker (10/13): shaders left to compile 13
[2023.06.06-00.49.45:739][  2]LogShaderCompilers: Display: Worker (11/13): shaders left to compile 9
[2023.06.06-00.49.45:739][  2]LogShaderCompilers: Display: Worker (12/13): shaders left to compile 5
[2023.06.06-00.49.45:739][  2]LogShaderCompilers: Display: Started 40 'Local' shader compile jobs with 'Normal' priority
[2023.06.06-00.49.45:809][  2]LogMaterial: Display: Missing cached shadermap for Material_0 in PCD3D_SM5, Default, SM5 (DDC key hash: 90B8ED6AB6C9ECA89303AE604782B789C1DDA687), compiling. 
[2023.06.06-00.49.46:342][ 28]LogShaderCompilers: Display: Worker (2/13): shaders left to compile 1
[2023.06.06-00.49.46:342][ 28]LogShaderCompilers: Display: Started 1 'Local' shader compile jobs with 'Normal' priority
[2023.06.06-00.49.46:508][ 36]LogSlate: Took 0.000579 seconds to synchronously load lazily loaded font '../../../Engine/Content/Editor/Slate/Fonts/GenEiGothicPro-Light.otf' (713K)
[2023.06.06-00.49.46:508][ 36]LogSlate: Took 0.000247 seconds to synchronously load lazily loaded font '../../../Engine/Content/Slate/Fonts/Roboto-Light.ttf' (167K)
[2023.06.06-00.50.07:147][199]LogSlate: Window 'ソースコントロールへログインする' being destroyed
[2023.06.06-00.50.27:890][439]SourceControl: fatal: C:/Program Files/Epic Games/UE_4.27/Engine/Content: 'C:/Program Files/Epic Games/UE_4.27/Engine/Content' is outside repository at 'C:/PG/Git_Tutorial/Ateam_2023'
[2023.06.06-00.50.27:890][439]SourceControl: fatal: C:/Program Files/Epic Games/UE_4.27/Engine/Plugins/2D/Paper2D/Content: 'C:/Program Files/Epic Games/UE_4.27/Engine/Plugins/2D/Paper2D/Content' is outside repository at 'C:/PG/Git_Tutorial/Ateam_2023'
[2023.06.06-00.50.27:890][439]SourceControl: fatal: C:/Program Files/Epic Games/UE_4.27/Engine/Plugins/Developer/AnimationSharing/Content: 'C:/Program Files/Epic Games/UE_4.27/Engine/Plugins/Developer/AnimationSharing/Content' is outside repository at 'C:/PG/Git_Tutorial/Ateam_2023'
[2023.06.06-00.50.27:890][439]SourceControl: fatal: C:/Program Files/Epic Games/UE_4.27/Engine/Plugins/Enterprise/DatasmithContent/Content: 'C:/Program Files/Epic Games/UE_4.27/Engine/Plugins/Enterprise/DatasmithContent/Content' is outside repository at 'C:/PG/Git_Tutorial/Ateam_2023'
[2023.06.06-00.50.27:890][439]SourceControl: fatal: C:/Program Files/Epic Games/UE_4.27/Engine/Plugins/FX/Niagara/Content: 'C:/Program Files/Epic Games/UE_4.27/Engine/Plugins/FX/Niagara/Content' is outside repository at 'C:/PG/Git_Tutorial/Ateam_2023'
[2023.06.06-00.50.27:890][439]SourceControl: fatal: C:/Program Files/Epic Games/UE_4.27/Engine/Plugins/Editor/SpeedTreeImporter/Content: 'C:/Program Files/Epic Games/UE_4.27/Engine/Plugins/Editor/SpeedTreeImporter/Content' is outside repository at 'C:/PG/Git_Tutorial/Ateam_2023'
[2023.06.06-00.50.27:890][439]SourceControl: fatal: C:/Program Files/Epic Games/UE_4.27/Engine/Plugins/Editor/GeometryMode/Content: 'C:/Program Files/Epic Games/UE_4.27/Engine/Plugins/Editor/GeometryMode/Content' is outside repository at 'C:/PG/Git_Tutorial/Ateam_2023'
[2023.06.06-00.50.27:890][439]SourceControl: fatal: C:/Program Files/Epic Games/UE_4.27/Engine/Plugins/Experimental/ChaosClothEditor/Content: 'C:/Program Files/Epic Games/UE_4.27/Engine/Plugins/Experimental/ChaosClothEditor/Content' is outside repository at 'C:/PG/Git_Tutorial/Ateam_2023'
[2023.06.06-00.50.27:890][439]SourceControl: fatal: C:/Program Files/Epic Games/UE_4.27/Engine/Plugins/Experimental/ChaosNiagara/Content: 'C:/Program Files/Epic Games/UE_4.27/Engine/Plugins/Experimental/ChaosNiagara/Content' is outside repository at 'C:/PG/Git_Tutorial/Ateam_2023'
[2023.06.06-00.50.27:890][439]SourceControl: fatal: C:/Program Files/Epic Games/UE_4.27/Engine/Plugins/Experimental/ChaosSolverPlugin/Content: 'C:/Program Files/Epic Games/UE_4.27/Engine/Plugins/Experimental/ChaosSolverPlugin/Content' is outside repository at 'C:/PG/Git_Tutorial/Ateam_2023'
[2023.06.06-00.50.27:890][439]SourceControl: fatal: C:/Program Files/Epic Games/UE_4.27/Engine/Plugins/Experimental/FieldSystemPlugin/Content: 'C:/Program Files/Epic Games/UE_4.27/Engine/Plugins/Experimental/FieldSystemPlugin/Content' is outside repository at 'C:/PG/Git_Tutorial/Ateam_2023'
[2023.06.06-00.50.27:890][439]SourceControl: fatal: C:/Program Files/Epic Games/UE_4.27/Engine/Plugins/Experimental/GeometryProcessing/Content: 'C:/Program Files/Epic Games/UE_4.27/Engine/Plugins/Experimental/GeometryProcessing/Content' is outside repository at 'C:/PG/Git_Tutorial/Ateam_2023'
[2023.06.06-00.50.27:890][439]SourceControl: fatal: C:/Program Files/Epic Games/UE_4.27/Engine/Plugins/Experimental/GeometryCollectionPlugin/Content: 'C:/Program Files/Epic Games/UE_4.27/Engine/Plugins/Experimental/GeometryCollectionPlugin/Content' is outside repository at 'C:/PG/Git_Tutorial/Ateam_2023'
[2023.06.06-00.50.27:890][439]SourceControl: fatal: C:/Program Files/Epic Games/UE_4.27/Engine/Plugins/Experimental/MotoSynth/Content: 'C:/Program Files/Epic Games/UE_4.27/Engine/Plugins/Experimental/MotoSynth/Content' is outside repository at 'C:/PG/Git_Tutorial/Ateam_2023'
[2023.06.06-00.50.27:890][439]SourceControl: fatal: C:/Program Files/Epic Games/UE_4.27/Engine/Plugins/Experimental/PythonScriptPlugin/Content: 'C:/Program Files/Epic Games/UE_4.27/Engine/Plugins/Experimental/PythonScriptPlugin/Content' is outside repository at 'C:/PG/Git_Tutorial/Ateam_2023'
[2023.06.06-00.50.27:890][439]SourceControl: fatal: C:/Program Files/Epic Games/UE_4.27/Engine/Plugins/Lumin/MagicLeap/Content: 'C:/Program Files/Epic Games/UE_4.27/Engine/Plugins/Lumin/MagicLeap/Content' is outside repository at 'C:/PG/Git_Tutorial/Ateam_2023'
[2023.06.06-00.50.27:890][439]SourceControl: fatal: C:/Program Files/Epic Games/UE_4.27/Engine/Plugins/Lumin/MagicLeapPassableWorld/Content: 'C:/Program Files/Epic Games/UE_4.27/Engine/Plugins/Lumin/MagicLeapPassableWorld/Content' is outside repository at 'C:/PG/Git_Tutorial/Ateam_2023'
[2023.06.06-00.50.27:890][439]SourceControl: fatal: C:/Program Files/Epic Games/UE_4.27/Engine/Plugins/Media/MediaCompositing/Content: 'C:/Program Files/Epic Games/UE_4.27/Engine/Plugins/Media/MediaCompositing/Content' is outside repository at 'C:/PG/Git_Tutorial/Ateam_2023'
[2023.06.06-00.50.27:890][439]SourceControl: fatal: C:/Program Files/Epic Games/UE_4.27/Engine/Plugins/Runtime/AudioSynesthesia/Content: 'C:/Program Files/Epic Games/UE_4.27/Engine/Plugins/Runtime/AudioSynesthesia/Content' is outside repository at 'C:/PG/Git_Tutorial/Ateam_2023'
[2023.06.06-00.50.27:890][439]SourceControl: fatal: C:/Program Files/Epic Games/UE_4.27/Engine/Plugins/Runtime/OpenXREyeTracker/Content: 'C:/Program Files/Epic Games/UE_4.27/Engine/Plugins/Runtime/OpenXREyeTracker/Content' is outside repository at 'C:/PG/Git_Tutorial/Ateam_2023'
[2023.06.06-00.50.27:890][439]SourceControl: fatal: C:/Program Files/Epic Games/UE_4.27/Engine/Plugins/Runtime/OpenXR/Content: 'C:/Program Files/Epic Games/UE_4.27/Engine/Plugins/Runtime/OpenXR/Content' is outside repository at 'C:/PG/Git_Tutorial/Ateam_2023'
[2023.06.06-00.50.27:890][439]SourceControl: fatal: C:/Program Files/Epic Games/UE_4.27/Engine/Plugins/Runtime/OpenXRHandTracking/Content: 'C:/Program Files/Epic Games/UE_4.27/Engine/Plugins/Runtime/OpenXRHandTracking/Content' is outside repository at 'C:/PG/Git_Tutorial/Ateam_2023'
[2023.06.06-00.50.27:890][439]SourceControl: fatal: C:/Program Files/Epic Games/UE_4.27/Engine/Plugins/Runtime/PostSplashScreen/Content: 'C:/Program Files/Epic Games/UE_4.27/Engine/Plugins/Runtime/PostSplashScreen/Content' is outside repository at 'C:/PG/Git_Tutorial/Ateam_2023'
[2023.06.06-00.50.27:890][439]SourceControl: fatal: C:/Program Files/Epic Games/UE_4.27/Engine/Plugins/Runtime/Synthesis/Content: 'C:/Program Files/Epic Games/UE_4.27/Engine/Plugins/Runtime/Synthesis/Content' is outside repository at 'C:/PG/Git_Tutorial/Ateam_2023'
[2023.06.06-00.50.27:890][439]SourceControl: fatal: C:/Program Files/Epic Games/UE_4.27/Engine/Plugins/VirtualProduction/Takes/Content: 'C:/Program Files/Epic Games/UE_4.27/Engine/Plugins/VirtualProduction/Takes/Content' is outside repository at 'C:/PG/Git_Tutorial/Ateam_2023'
[2023.06.06-00.50.27:890][439]SourceControl: fatal: C:/Program Files/Epic Games/UE_4.27/Engine/Plugins/Runtime/Oculus/OculusVR/Content: 'C:/Program Files/Epic Games/UE_4.27/Engine/Plugins/Runtime/Oculus/OculusVR/Content' is outside repository at 'C:/PG/Git_Tutorial/Ateam_2023'
[2023.06.06-00.50.27:890][439]SourceControl: fatal: C:/Program Files/Epic Games/UE_4.27/Engine/Plugins/Runtime/Steam/SteamVR/Content: 'C:/Program Files/Epic Games/UE_4.27/Engine/Plugins/Runtime/Steam/SteamVR/Content' is outside repository at 'C:/PG/Git_Tutorial/Ateam_2023'
[2023.06.06-00.50.28:113][439]LogSavePackage: Moving '../../../../../../PG/Git_Tutorial/Ateam_2023/SummerGJ2023/Saved/FirstPersonCharacter091CA4C845A4F0359C0DF296AAC0F890.tmp' to '../../../../../../PG/Git_Tutorial/Ateam_2023/SummerGJ2023/Content/FirstPersonBP/Blueprints/FirstPersonCharacter.uasset'
[2023.06.06-00.50.28:117][439]LogSavePackage: Moving '../../../../../../PG/Git_Tutorial/Ateam_2023/SummerGJ2023/Saved/FirstPersonGameModeFC7D52A14B7AD41315E98E8742B7A57D.tmp' to '../../../../../../PG/Git_Tutorial/Ateam_2023/SummerGJ2023/Content/FirstPersonBP/Blueprints/FirstPersonGameMode.uasset'
[2023.06.06-00.50.28:123][439]LogSavePackage: Moving '../../../../../../PG/Git_Tutorial/Ateam_2023/SummerGJ2023/Saved/FirstPersonHUD0E0E18614F9A2348D9D86AA7A4B398D8.tmp' to '../../../../../../PG/Git_Tutorial/Ateam_2023/SummerGJ2023/Content/FirstPersonBP/Blueprints/FirstPersonHUD.uasset'
[2023.06.06-00.50.28:141][439]LogSavePackage: Moving '../../../../../../PG/Git_Tutorial/Ateam_2023/SummerGJ2023/Saved/FirstPersonProjectile0D5103D54D8DEAC6F7F2BDAD94E4F459.tmp' to '../../../../../../PG/Git_Tutorial/Ateam_2023/SummerGJ2023/Content/FirstPersonBP/Blueprints/FirstPersonProjectile.uasset'
[2023.06.06-00.51.19:276][439]LogSlate: Window 'ファイルをサブミット' being destroyed
[2023.06.06-00.51.19:519][439]LogSourceControl: commit successful: [UrataTakuya dea8aec] 更新
[2023.06.06-00.51.19:604][439]SourceControl: [UrataTakuya dea8aec] 更新
[2023.06.06-00.51.19:604][439]SourceControl:  5 files changed, 16 insertions(+)
[2023.06.06-00.51.19:604][439]SourceControl:  create mode 100644 SummerGJ2023/Content/FirstPersonBP/Blueprints/FirstPersonCharacter.uasset
[2023.06.06-00.51.19:604][439]SourceControl:  create mode 100644 SummerGJ2023/Content/FirstPersonBP/Blueprints/FirstPersonGameMode.uasset
[2023.06.06-00.51.19:604][439]SourceControl:  create mode 100644 SummerGJ2023/Content/FirstPersonBP/Blueprints/FirstPersonHUD.uasset
[2023.06.06-00.51.19:604][439]SourceControl:  create mode 100644 SummerGJ2023/Content/FirstPersonBP/Blueprints/FirstPersonProjectile.uasset
[2023.06.06-00.51.19:604][439]SourceControl:  create mode 100644 SummerGJ2023/SummerGJ2023.uproject
[2023.06.06-00.51.19:609][439]SourceControl: [UrataTakuya dea8aec] 更新 をコミットしました。
[2023.06.06-00.51.19:620][440]AssetCheck: New page: アセット保存：複数のアセット
[2023.06.06-00.51.19:620][440]LogContentValidation: Display: Blueprint /Game/FirstPersonBP/Blueprints/FirstPersonProjectile.FirstPersonProjectile を検証しています
[2023.06.06-00.51.19:620][440]LogContentValidation: Display: Blueprint /Game/FirstPersonBP/Blueprints/FirstPersonCharacter.FirstPersonCharacter を検証しています
[2023.06.06-00.51.19:620][440]LogContentValidation: Display: Blueprint /Game/FirstPersonBP/Blueprints/FirstPersonHUD.FirstPersonHUD を検証しています
[2023.06.06-00.51.19:620][440]LogContentValidation: Display: Blueprint /Game/FirstPersonBP/Blueprints/FirstPersonGameMode.FirstPersonGameMode を検証しています
