Log file open, 06/07/23 09:10:57
LogWindows: Failed to load 'aqProf.dll' (GetLastError=126)
LogWindows: File 'aqProf.dll' does not exist
LogWindows: Failed to load 'VtuneApi.dll' (GetLastError=126)
LogWindows: File 'VtuneApi.dll' does not exist
LogWindows: Failed to load 'VtuneApi32e.dll' (GetLastError=126)
LogWindows: File 'VtuneApi32e.dll' does not exist
LogConsoleResponse: Display: Failed to find resolution value strings in scalability ini. Falling back to default.
LogConsoleResponse: Display: Failed to find resolution value strings in scalability ini. Falling back to default.
LogInit: Display: Running engine for game: SummerGJ2023
LogPlatformFile: Not using cached read wrapper
LogTaskGraph: Started task graph with 5 named threads and 47 total threads with 3 sets of task threads.
LogStats: Stats thread started at 0.735208
LogICUInternationalization: ICU TimeZone Detection - Raw Offset: +9:00, Platform Override: ''
LogInit: Display: Loading text-based GConfig....
LogPluginManager: Mounting plugin MeshPainting
LogPluginManager: Mounting plugin XGEController
LogPluginManager: Mounting plugin Paper2D
LogPluginManager: Mounting plugin LightPropagationVolume
LogPluginManager: Mounting plugin AISupport
LogPluginManager: Mounting plugin CameraShakePreviewer
LogPluginManager: Mounting plugin OodleNetwork
LogPluginManager: Mounting plugin EnvironmentQueryEditor
LogPluginManager: Mounting plugin LiveLink
LogPluginManager: Mounting plugin GameplayCameras
LogPluginManager: Mounting plugin OodleData
LogPluginManager: Mounting plugin Niagara
LogPluginManager: Mounting plugin DatasmithContent
LogPluginManager: Mounting plugin AnimationSharing
LogPluginManager: Mounting plugin VariantManagerContent
LogPluginManager: Mounting plugin CodeLiteSourceCodeAccess
LogPluginManager: Mounting plugin CLionSourceCodeAccess
LogPluginManager: Mounting plugin NullSourceCodeAccess
LogPluginManager: Mounting plugin PlasticSourceControl
LogPluginManager: Mounting plugin PixWinPlugin
LogPluginManager: Mounting plugin RiderSourceCodeAccess
LogPluginManager: Mounting plugin GitSourceControl
LogPluginManager: Mounting plugin PluginUtils
LogPluginManager: Mounting plugin SubversionSourceControl
LogPluginManager: Mounting plugin PerforceSourceControl
LogPluginManager: Mounting plugin TextureFormatOodle
LogPluginManager: Mounting plugin PropertyAccessNode
LogPluginManager: Mounting plugin KDevelopSourceCodeAccess
LogPluginManager: Mounting plugin UObjectPlugin
LogPluginManager: Mounting plugin VisualStudioCodeSourceCodeAccess
LogPluginManager: Mounting plugin XCodeSourceCodeAccess
LogPluginManager: Mounting plugin VisualStudioSourceCodeAccess
LogPluginManager: Mounting plugin MagicLeapLightEstimation
LogPluginManager: Mounting plugin LuminPlatformFeatures
LogPluginManager: Mounting plugin MagicLeapMedia
LogPluginManager: Mounting plugin MagicLeapPassableWorld
LogPluginManager: Mounting plugin MagicLeap
LogPluginManager: Mounting plugin MLSDK
LogPluginManager: Mounting plugin UdpMessaging
LogPluginManager: Mounting plugin LauncherChunkInstaller
LogPluginManager: Mounting plugin TcpMessaging
LogPluginManager: Mounting plugin AndroidMedia
LogPluginManager: Mounting plugin AvfMedia
LogPluginManager: Mounting plugin MediaCompositing
LogPluginManager: Mounting plugin ImgMedia
LogPluginManager: Mounting plugin OnlineSubsystem
LogPluginManager: Mounting plugin OnlineSubsystemNull
LogPluginManager: Mounting plugin MediaPlayerEditor
LogPluginManager: Mounting plugin WebMMedia
LogPluginManager: Mounting plugin OnlineSubsystemUtils
LogPluginManager: Mounting plugin WmfMedia
LogPluginManager: Mounting plugin AssetManagerEditor
LogPluginManager: Mounting plugin MacGraphicsSwitching
LogPluginManager: Mounting plugin CurveEditorTools
LogPluginManager: Mounting plugin CryptoKeys
LogPluginManager: Mounting plugin GeometryMode
LogPluginManager: Mounting plugin MaterialAnalyzer
LogPluginManager: Mounting plugin DataValidation
LogPluginManager: Mounting plugin SpeedTreeImporter
LogPluginManager: Mounting plugin MobileLauncherProfileWizard
LogPluginManager: Mounting plugin GameplayTagsEditor
LogPluginManager: Mounting plugin FacialAnimation
LogPluginManager: Mounting plugin PluginBrowser
LogPluginManager: Mounting plugin ActorSequence
LogPluginManager: Mounting plugin LevelSequenceEditor
LogPluginManager: Mounting plugin MatineeToLevelSequence
LogPluginManager: Mounting plugin ScreenshotTools
LogPluginManager: Mounting plugin TemplateSequence
LogPluginManager: Mounting plugin AlembicImporter
LogPluginManager: Mounting plugin BackChannel
LogPluginManager: Mounting plugin Takes
LogPluginManager: Mounting plugin AutomationUtils
LogPluginManager: Mounting plugin ChaosClothEditor
LogPluginManager: Mounting plugin ChaosNiagara
LogPluginManager: Mounting plugin ChaosSolverPlugin
LogPluginManager: Mounting plugin ChaosCloth
LogPluginManager: Mounting plugin ChaosEditor
LogPluginManager: Mounting plugin CharacterAI
LogPluginManager: Mounting plugin ActorLayerUtilities
LogPluginManager: Mounting plugin AndroidMoviePlayer
LogPluginManager: Mounting plugin AndroidDeviceProfileSelector
LogPluginManager: Mounting plugin AndroidPermission
LogPluginManager: Mounting plugin FieldSystemPlugin
LogPluginManager: Mounting plugin AppleImageUtils
LogPluginManager: Mounting plugin ArchVisCharacter
LogPluginManager: Mounting plugin ApexDestruction
LogPluginManager: Mounting plugin AppleMoviePlayer
LogPluginManager: Mounting plugin AudioSynesthesia
LogPluginManager: Mounting plugin AssetTags
LogPluginManager: Mounting plugin AudioCapture
LogPluginManager: Mounting plugin ChunkDownloader
LogPluginManager: Mounting plugin CustomMeshComponent
LogPluginManager: Mounting plugin CableComponent
LogPluginManager: Mounting plugin GeometryCache
LogPluginManager: Mounting plugin EditableMesh
LogPluginManager: Mounting plugin GeometryCollectionPlugin
LogPluginManager: Mounting plugin ExampleDeviceProfileSelector
LogPluginManager: Mounting plugin GeometryProcessing
LogPluginManager: Mounting plugin MotoSynth
LogPluginManager: Mounting plugin PythonScriptPlugin
LogPluginManager: Mounting plugin ProxyLODPlugin
LogPluginManager: Mounting plugin PlatformCrypto
LogPluginManager: Mounting plugin OpenImageDenoise
LogPluginManager: Mounting plugin PlanarCut
LogPluginManager: Mounting plugin SkeletalReduction
LogPluginManager: Mounting plugin GoogleCloudMessaging
LogPluginManager: Mounting plugin IOSDeviceProfileSelector
LogPluginManager: Mounting plugin GooglePAD
LogPluginManager: Mounting plugin LinuxDeviceProfileSelector
LogPluginManager: Mounting plugin LocationServicesBPLibrary
LogPluginManager: Mounting plugin MobilePatchingUtils
LogPluginManager: Mounting plugin OpenXR
LogPluginManager: Mounting plugin OpenXREyeTracker
LogPluginManager: Mounting plugin OpenXRHandTracking
LogPluginManager: Mounting plugin PostSplashScreen
LogPluginManager: Mounting plugin PhysXVehicles
LogPluginManager: Mounting plugin ProceduralMeshComponent
LogPluginManager: Mounting plugin PropertyAccessEditor
LogPluginManager: Mounting plugin SignificanceManager
LogPluginManager: Mounting plugin RuntimePhysXCooking
LogPluginManager: Mounting plugin Synthesis
LogPluginManager: Mounting plugin SoundFields
LogPluginManager: Mounting plugin WebMMoviePlayer
LogPluginManager: Mounting plugin WindowsMoviePlayer
LogPluginManager: Mounting plugin OnlineSubsystemGooglePlay
LogPluginManager: Mounting plugin OnlineSubsystemIOS
LogPluginManager: Mounting plugin ContentBrowserAssetDataSource
LogPluginManager: Mounting plugin ContentBrowserClassDataSource
LogPluginManager: Mounting plugin ContentBrowserFileDataSource
LogPluginManager: Mounting plugin OculusVR
LogPluginManager: Mounting plugin SteamVR
PixWinPlugin: PIX capture plugin failed to initialize! Check that the process is launched from PIX.
LogInit: Using libcurl 7.55.1-DEV
LogInit:  - built for x86_64-pc-win32
LogInit:  - supports SSL with OpenSSL/1.1.1
LogInit:  - supports HTTP deflate (compression) using libz 1.2.8
LogInit:  - other features:
LogInit:      CURL_VERSION_SSL
LogInit:      CURL_VERSION_LIBZ
LogInit:      CURL_VERSION_IPV6
LogInit:      CURL_VERSION_ASYNCHDNS
LogInit:      CURL_VERSION_LARGEFILE
LogInit:      CURL_VERSION_IDN
LogInit:  CurlRequestOptions (configurable via config and command line):
LogInit:  - bVerifyPeer = true  - Libcurl will verify peer certificate
LogInit:  - bUseHttpProxy = false  - Libcurl will NOT use HTTP proxy
LogInit:  - bDontReuseConnections = false  - Libcurl will reuse connections
LogInit:  - MaxHostConnections = 16  - Libcurl will limit the number of connections to a host
LogInit:  - LocalHostAddr = Default
LogInit:  - BufferSize = 65536
LogOnline: OSS: Creating online subsystem instance for: NULL
LogInit: WinSock: version 1.1 (2.2), MaxSocks=32767, MaxUdp=65467
LogOnline: OSS: TryLoadSubsystemAndSetDefault: Loaded subsystem for module [NULL]
LogOculusPluginWrapper: OculusPlugin initialized successfully
LogHMD: Failed initializing OVRPlugin 1.59.0
LogInit: Build: ++UE4+Release-4.27-CL-18319896
LogInit: Engine Version: 4.27.2-18319896+++UE4+Release-4.27
LogInit: Compatible Engine Version: 4.27.0-17155196+++UE4+Release-4.27
LogInit: Net CL: 17155196
LogInit: OS: Windows 10 (Release 2009) (), CPU: 11th Gen Intel(R) Core(TM) i7-11800H @ 2.30GHz, GPU: Intel(R) UHD Graphics
LogInit: Compiled (64-bit): Nov 30 2021 07:12:08
LogInit: Compiled with Visual C++: 19.24.28315.00
LogInit: Build Configuration: Development
LogInit: Branch Name: ++UE4+Release-4.27
LogInit: Command Line: 
LogInit: Base Directory: C:/Program Files/Epic Games/UE_4.27/Engine/Binaries/Win64/
LogInit: Allocator: TBB
LogInit: Installed Engine Build: 1
LogDevObjectVersion: Number of dev versions registered: 29
LogDevObjectVersion:   Dev-Blueprints (B0D832E4-1F89-4F0D-ACCF-7EB736FD4AA2): 10
LogDevObjectVersion:   Dev-Build (E1C64328-A22C-4D53-A36C-8E866417BD8C): 0
LogDevObjectVersion:   Dev-Core (375EC13C-06E4-48FB-B500-84F0262A717E): 4
LogDevObjectVersion:   Dev-Editor (E4B068ED-F494-42E9-A231-DA0B2E46BB41): 40
LogDevObjectVersion:   Dev-Framework (CFFC743F-43B0-4480-9391-14DF171D2073): 37
LogDevObjectVersion:   Dev-Mobile (B02B49B5-BB20-44E9-A304-32B752E40360): 3
LogDevObjectVersion:   Dev-Networking (A4E4105C-59A1-49B5-A7C5-40C4547EDFEE): 0
LogDevObjectVersion:   Dev-Online (39C831C9-5AE6-47DC-9A44-9C173E1C8E7C): 0
LogDevObjectVersion:   Dev-Physics (78F01B33-EBEA-4F98-B9B4-84EACCB95AA2): 14
LogDevObjectVersion:   Dev-Platform (6631380F-2D4D-43E0-8009-CF276956A95A): 0
LogDevObjectVersion:   Dev-Rendering (12F88B9F-8875-4AFC-A67C-D90C383ABD29): 45
LogDevObjectVersion:   Dev-Sequencer (7B5AE74C-D270-4C10-A958-57980B212A5A): 13
LogDevObjectVersion:   Dev-VR (D7296918-1DD6-4BDD-9DE2-64A83CC13884): 3
LogDevObjectVersion:   Dev-LoadTimes (C2A15278-BFE7-4AFE-6C17-90FF531DF755): 1
LogDevObjectVersion:   Private-Geometry (6EACA3D4-40EC-4CC1-B786-8BED09428FC5): 3
LogDevObjectVersion:   Dev-AnimPhys (29E575DD-E0A3-4627-9D10-D276232CDCEA): 17
LogDevObjectVersion:   Dev-Anim (AF43A65D-7FD3-4947-9873-3E8ED9C1BB05): 15
LogDevObjectVersion:   Dev-ReflectionCapture (6B266CEC-1EC7-4B8F-A30B-E4D90942FC07): 1
LogDevObjectVersion:   Dev-Automation (0DF73D61-A23F-47EA-B727-89E90C41499A): 1
LogDevObjectVersion:   FortniteMain (601D1886-AC64-4F84-AA16-D3DE0DEAC7D6): 47
LogDevObjectVersion:   FortniteRelease (E7086368-6B23-4C58-8439-1B7016265E91): 1
LogDevObjectVersion:   Dev-Enterprise (9DFFBCD6-494F-0158-E221-12823C92A888): 10
LogDevObjectVersion:   Dev-Niagara (F2AED0AC-9AFE-416F-8664-AA7FFA26D6FC): 1
LogDevObjectVersion:   Dev-Destruction (174F1F0B-B4C6-45A5-B13F-2EE8D0FB917D): 10
LogDevObjectVersion:   Dev-Physics-Ext (35F94A83-E258-406C-A318-09F59610247C): 41
LogDevObjectVersion:   Dev-PhysicsMaterial-Chaos (B68FC16E-8B1B-42E2-B453-215C058844FE): 1
LogDevObjectVersion:   Dev-CineCamera (B2E18506-4273-CFC2-A54E-F4BB758BBA07): 1
LogDevObjectVersion:   Dev-VirtualProduction (64F58936-FD1B-42BA-BA96-7289D5D0FA4E): 1
LogDevObjectVersion:   Dev-MediaFramework (6F0ED827-A609-4895-9C91-998D90180EA4): 2
LogInit: Presizing for max 25165824 objects, including 0 objects not considered by GC, pre-allocating 0 bytes for permanent pool.
LogConfig: Applying CVar settings from Section [/Script/Engine.StreamingSettings] File [C:/Users/KBC12206116/Documents/GitHub/Ateam_2023/SummerGJ2023/SummerGJ2023/Saved/Config/Windows/Engine.ini]
LogConfig: Setting CVar [[s.MinBulkDataSizeForAsyncLoading:131072]]
LogConfig: Setting CVar [[s.AsyncLoadingThreadEnabled:0]]
LogConfig: Setting CVar [[s.EventDrivenLoaderEnabled:1]]
LogConfig: Setting CVar [[s.WarnIfTimeLimitExceeded:0]]
LogConfig: Setting CVar [[s.TimeLimitExceededMultiplier:1.5]]
LogConfig: Setting CVar [[s.TimeLimitExceededMinTime:0.005]]
LogConfig: Setting CVar [[s.UseBackgroundLevelStreaming:1]]
LogConfig: Setting CVar [[s.PriorityAsyncLoadingExtraTime:15.0]]
LogConfig: Setting CVar [[s.LevelStreamingActorsUpdateTimeLimit:5.0]]
LogConfig: Setting CVar [[s.PriorityLevelStreamingActorsUpdateExtraTime:5.0]]
LogConfig: Setting CVar [[s.LevelStreamingComponentsRegistrationGranularity:10]]
LogConfig: Setting CVar [[s.UnregisterComponentsTimeLimit:1.0]]
LogConfig: Setting CVar [[s.LevelStreamingComponentsUnregistrationGranularity:5]]
LogConfig: Setting CVar [[s.FlushStreamingOnExit:1]]
LogInit: Object subsystem initialized
LogConfig: Setting CVar [[con.DebugEarlyDefault:1]]
LogConfig: Setting CVar [[r.setres:1280x720]]
[2023.06.07-00.10.58:247][  0]LogConfig: Setting CVar [[r.VSync:0]]
[2023.06.07-00.10.58:247][  0]LogConfig: Setting CVar [[r.RHICmdBypass:0]]
[2023.06.07-00.10.58:247][  0]LogConfig: Applying CVar settings from Section [/Script/Engine.RendererSettings] File [C:/Users/KBC12206116/Documents/GitHub/Ateam_2023/SummerGJ2023/SummerGJ2023/Saved/Config/Windows/Engine.ini]
[2023.06.07-00.10.58:247][  0]LogConfig: Setting CVar [[r.GPUCrashDebugging:0]]
[2023.06.07-00.10.58:247][  0]LogConfig: Applying CVar settings from Section [/Script/Engine.RendererOverrideSettings] File [C:/Users/KBC12206116/Documents/GitHub/Ateam_2023/SummerGJ2023/SummerGJ2023/Saved/Config/Windows/Engine.ini]
[2023.06.07-00.10.58:248][  0]LogConfig: Applying CVar settings from Section [/Script/Engine.StreamingSettings] File [C:/Users/KBC12206116/Documents/GitHub/Ateam_2023/SummerGJ2023/SummerGJ2023/Saved/Config/Windows/Engine.ini]
[2023.06.07-00.10.58:248][  0]LogConfig: Setting CVar [[s.MinBulkDataSizeForAsyncLoading:131072]]
[2023.06.07-00.10.58:248][  0]LogConfig: Setting CVar [[s.AsyncLoadingThreadEnabled:0]]
[2023.06.07-00.10.58:248][  0]LogConfig: Setting CVar [[s.EventDrivenLoaderEnabled:1]]
[2023.06.07-00.10.58:248][  0]LogConfig: Setting CVar [[s.WarnIfTimeLimitExceeded:0]]
[2023.06.07-00.10.58:248][  0]LogConfig: Setting CVar [[s.TimeLimitExceededMultiplier:1.5]]
[2023.06.07-00.10.58:248][  0]LogConfig: Setting CVar [[s.TimeLimitExceededMinTime:0.005]]
[2023.06.07-00.10.58:248][  0]LogConfig: Setting CVar [[s.UseBackgroundLevelStreaming:1]]
[2023.06.07-00.10.58:248][  0]LogConfig: Setting CVar [[s.PriorityAsyncLoadingExtraTime:15.0]]
[2023.06.07-00.10.58:248][  0]LogConfig: Setting CVar [[s.LevelStreamingActorsUpdateTimeLimit:5.0]]
[2023.06.07-00.10.58:248][  0]LogConfig: Setting CVar [[s.PriorityLevelStreamingActorsUpdateExtraTime:5.0]]
[2023.06.07-00.10.58:248][  0]LogConfig: Setting CVar [[s.LevelStreamingComponentsRegistrationGranularity:10]]
[2023.06.07-00.10.58:248][  0]LogConfig: Setting CVar [[s.UnregisterComponentsTimeLimit:1.0]]
[2023.06.07-00.10.58:248][  0]LogConfig: Setting CVar [[s.LevelStreamingComponentsUnregistrationGranularity:5]]
[2023.06.07-00.10.58:248][  0]LogConfig: Setting CVar [[s.FlushStreamingOnExit:1]]
[2023.06.07-00.10.58:248][  0]LogConfig: Applying CVar settings from Section [/Script/Engine.GarbageCollectionSettings] File [C:/Users/KBC12206116/Documents/GitHub/Ateam_2023/SummerGJ2023/SummerGJ2023/Saved/Config/Windows/Engine.ini]
[2023.06.07-00.10.58:248][  0]LogConfig: Setting CVar [[gc.MaxObjectsNotConsideredByGC:1]]
[2023.06.07-00.10.58:248][  0]LogConfig: Setting CVar [[gc.SizeOfPermanentObjectPool:0]]
[2023.06.07-00.10.58:248][  0]LogConfig: Setting CVar [[gc.FlushStreamingOnGC:0]]
[2023.06.07-00.10.58:248][  0]LogConfig: Setting CVar [[gc.NumRetriesBeforeForcingGC:10]]
[2023.06.07-00.10.58:248][  0]LogConfig: Setting CVar [[gc.AllowParallelGC:1]]
[2023.06.07-00.10.58:248][  0]LogConfig: Setting CVar [[gc.TimeBetweenPurgingPendingKillObjects:61.1]]
[2023.06.07-00.10.58:248][  0]LogConfig: Setting CVar [[gc.MaxObjectsInEditor:25165824]]
[2023.06.07-00.10.58:248][  0]LogConfig: Setting CVar [[gc.IncrementalBeginDestroyEnabled:1]]
[2023.06.07-00.10.58:248][  0]LogConfig: Setting CVar [[gc.CreateGCClusters:1]]
[2023.06.07-00.10.58:248][  0]LogConfig: Setting CVar [[gc.MinGCClusterSize:5]]
[2023.06.07-00.10.58:248][  0]LogConfig: Setting CVar [[gc.ActorClusteringEnabled:0]]
[2023.06.07-00.10.58:248][  0]LogConfig: Setting CVar [[gc.BlueprintClusteringEnabled:0]]
[2023.06.07-00.10.58:248][  0]LogConfig: Setting CVar [[gc.UseDisregardForGCOnDedicatedServers:0]]
[2023.06.07-00.10.58:248][  0]LogConfig: Setting CVar [[gc.MultithreadedDestructionEnabled:1]]
[2023.06.07-00.10.58:248][  0]LogConfig: Applying CVar settings from Section [/Script/Engine.NetworkSettings] File [C:/Users/KBC12206116/Documents/GitHub/Ateam_2023/SummerGJ2023/SummerGJ2023/Saved/Config/Windows/Engine.ini]
[2023.06.07-00.10.58:248][  0]LogConfig: Applying CVar settings from Section [/Script/UnrealEd.CookerSettings] File [C:/Users/KBC12206116/Documents/GitHub/Ateam_2023/SummerGJ2023/SummerGJ2023/Saved/Config/Windows/Engine.ini]
[2023.06.07-00.10.58:255][  0]LogConfig: Applying CVar settings from Section [ViewDistanceQuality@3] File [C:/Users/KBC12206116/Documents/GitHub/Ateam_2023/SummerGJ2023/SummerGJ2023/Saved/Config/Windows/Scalability.ini]
[2023.06.07-00.10.58:255][  0]LogConfig: Setting CVar [[r.SkeletalMeshLODBias:0]]
[2023.06.07-00.10.58:255][  0]LogConfig: Setting CVar [[r.ViewDistanceScale:1.0]]
[2023.06.07-00.10.58:255][  0]LogConfig: Applying CVar settings from Section [AntiAliasingQuality@3] File [C:/Users/KBC12206116/Documents/GitHub/Ateam_2023/SummerGJ2023/SummerGJ2023/Saved/Config/Windows/Scalability.ini]
[2023.06.07-00.10.58:255][  0]LogConfig: Setting CVar [[r.PostProcessAAQuality:4]]
[2023.06.07-00.10.58:255][  0]LogConfig: Applying CVar settings from Section [ShadowQuality@3] File [C:/Users/KBC12206116/Documents/GitHub/Ateam_2023/SummerGJ2023/SummerGJ2023/Saved/Config/Windows/Scalability.ini]
[2023.06.07-00.10.58:255][  0]LogConfig: Setting CVar [[r.LightFunctionQuality:1]]
[2023.06.07-00.10.58:255][  0]LogConfig: Setting CVar [[r.ShadowQuality:5]]
[2023.06.07-00.10.58:255][  0]LogConfig: Setting CVar [[r.Shadow.CSM.MaxCascades:10]]
[2023.06.07-00.10.58:255][  0]LogConfig: Setting CVar [[r.Shadow.MaxResolution:2048]]
[2023.06.07-00.10.58:255][  0]LogConfig: Setting CVar [[r.Shadow.MaxCSMResolution:2048]]
[2023.06.07-00.10.58:255][  0]LogConfig: Setting CVar [[r.Shadow.RadiusThreshold:0.01]]
[2023.06.07-00.10.58:255][  0]LogConfig: Setting CVar [[r.Shadow.DistanceScale:1.0]]
[2023.06.07-00.10.58:255][  0]LogConfig: Setting CVar [[r.Shadow.CSM.TransitionScale:1.0]]
[2023.06.07-00.10.58:255][  0]LogConfig: Setting CVar [[r.Shadow.PreShadowResolutionFactor:1.0]]
[2023.06.07-00.10.58:255][  0]LogConfig: Setting CVar [[r.DistanceFieldShadowing:1]]
[2023.06.07-00.10.58:255][  0]LogConfig: Setting CVar [[r.DistanceFieldAO:1]]
[2023.06.07-00.10.58:255][  0]LogConfig: Setting CVar [[r.AOQuality:2]]
[2023.06.07-00.10.58:255][  0]LogConfig: Setting CVar [[r.VolumetricFog:1]]
[2023.06.07-00.10.58:255][  0]LogConfig: Setting CVar [[r.VolumetricFog.GridPixelSize:8]]
[2023.06.07-00.10.58:255][  0]LogConfig: Setting CVar [[r.VolumetricFog.GridSizeZ:128]]
[2023.06.07-00.10.58:255][  0]LogConfig: Setting CVar [[r.VolumetricFog.HistoryMissSupersampleCount:4]]
[2023.06.07-00.10.58:255][  0]LogConfig: Setting CVar [[r.LightMaxDrawDistanceScale:1]]
[2023.06.07-00.10.58:255][  0]LogConfig: Setting CVar [[r.CapsuleShadows:1]]
[2023.06.07-00.10.58:255][  0]LogConfig: Applying CVar settings from Section [PostProcessQuality@3] File [C:/Users/KBC12206116/Documents/GitHub/Ateam_2023/SummerGJ2023/SummerGJ2023/Saved/Config/Windows/Scalability.ini]
[2023.06.07-00.10.58:255][  0]LogConfig: Setting CVar [[r.MotionBlurQuality:4]]
[2023.06.07-00.10.58:255][  0]LogConfig: Setting CVar [[r.AmbientOcclusionMipLevelFactor:0.4]]
[2023.06.07-00.10.58:255][  0]LogConfig: Setting CVar [[r.AmbientOcclusionMaxQuality:100]]
[2023.06.07-00.10.58:255][  0]LogConfig: Setting CVar [[r.AmbientOcclusionLevels:-1]]
[2023.06.07-00.10.58:255][  0]LogConfig: Setting CVar [[r.AmbientOcclusionRadiusScale:1.0]]
[2023.06.07-00.10.58:255][  0]LogConfig: Setting CVar [[r.DepthOfFieldQuality:2]]
[2023.06.07-00.10.58:255][  0]LogConfig: Setting CVar [[r.RenderTargetPoolMin:400]]
[2023.06.07-00.10.58:255][  0]LogConfig: Setting CVar [[r.LensFlareQuality:2]]
[2023.06.07-00.10.58:255][  0]LogConfig: Setting CVar [[r.SceneColorFringeQuality:1]]
[2023.06.07-00.10.58:255][  0]LogConfig: Setting CVar [[r.EyeAdaptationQuality:2]]
[2023.06.07-00.10.58:255][  0]LogConfig: Setting CVar [[r.BloomQuality:5]]
[2023.06.07-00.10.58:255][  0]LogConfig: Setting CVar [[r.FastBlurThreshold:100]]
[2023.06.07-00.10.58:255][  0]LogConfig: Setting CVar [[r.Upscale.Quality:3]]
[2023.06.07-00.10.58:255][  0]LogConfig: Setting CVar [[r.Tonemapper.GrainQuantization:1]]
[2023.06.07-00.10.58:255][  0]LogConfig: Setting CVar [[r.LightShaftQuality:1]]
[2023.06.07-00.10.58:255][  0]LogConfig: Setting CVar [[r.Filter.SizeScale:1]]
[2023.06.07-00.10.58:255][  0]LogConfig: Setting CVar [[r.Tonemapper.Quality:5]]
[2023.06.07-00.10.58:255][  0]LogConfig: Setting CVar [[r.DOF.Gather.AccumulatorQuality:1        ; higher gathering accumulator quality]]
[2023.06.07-00.10.58:255][  0]LogConfig: Setting CVar [[r.DOF.Gather.PostfilterMethod:1          ; Median3x3 postfilering method]]
[2023.06.07-00.10.58:255][  0]LogConfig: Setting CVar [[r.DOF.Gather.EnableBokehSettings:0       ; no bokeh simulation when gathering]]
[2023.06.07-00.10.58:255][  0]LogConfig: Setting CVar [[r.DOF.Gather.RingCount:4                 ; medium number of samples when gathering]]
[2023.06.07-00.10.58:255][  0]LogConfig: Setting CVar [[r.DOF.Scatter.ForegroundCompositing:1    ; additive foreground scattering]]
[2023.06.07-00.10.58:255][  0]LogConfig: Setting CVar [[r.DOF.Scatter.BackgroundCompositing:2    ; additive background scattering]]
[2023.06.07-00.10.58:255][  0]LogConfig: Setting CVar [[r.DOF.Scatter.EnableBokehSettings:1      ; bokeh simulation when scattering]]
[2023.06.07-00.10.58:255][  0]LogConfig: Setting CVar [[r.DOF.Scatter.MaxSpriteRatio:0.1         ; only a maximum of 10% of scattered bokeh]]
[2023.06.07-00.10.58:255][  0]LogConfig: Setting CVar [[r.DOF.Recombine.Quality:1                ; cheap slight out of focus]]
[2023.06.07-00.10.58:255][  0]LogConfig: Setting CVar [[r.DOF.Recombine.EnableBokehSettings:0    ; no bokeh simulation on slight out of focus]]
[2023.06.07-00.10.58:255][  0]LogConfig: Setting CVar [[r.DOF.TemporalAAQuality:1                ; more stable temporal accumulation]]
[2023.06.07-00.10.58:255][  0]LogConfig: Setting CVar [[r.DOF.Kernel.MaxForegroundRadius:0.025]]
[2023.06.07-00.10.58:255][  0]LogConfig: Setting CVar [[r.DOF.Kernel.MaxBackgroundRadius:0.025]]
[2023.06.07-00.10.58:255][  0]LogConfig: Applying CVar settings from Section [TextureQuality@3] File [C:/Users/KBC12206116/Documents/GitHub/Ateam_2023/SummerGJ2023/SummerGJ2023/Saved/Config/Windows/Scalability.ini]
[2023.06.07-00.10.58:255][  0]LogConfig: Setting CVar [[r.Streaming.MipBias:0]]
[2023.06.07-00.10.58:255][  0]LogConfig: Setting CVar [[r.Streaming.AmortizeCPUToGPUCopy:0]]
[2023.06.07-00.10.58:255][  0]LogConfig: Setting CVar [[r.Streaming.MaxNumTexturesToStreamPerFrame:0]]
[2023.06.07-00.10.58:255][  0]LogConfig: Setting CVar [[r.Streaming.Boost:1]]
[2023.06.07-00.10.58:255][  0]LogConfig: Setting CVar [[r.MaxAnisotropy:8]]
[2023.06.07-00.10.58:255][  0]LogConfig: Setting CVar [[r.VT.MaxAnisotropy:8]]
[2023.06.07-00.10.58:255][  0]LogConfig: Setting CVar [[r.Streaming.LimitPoolSizeToVRAM:0]]
[2023.06.07-00.10.58:255][  0]LogConfig: Setting CVar [[r.Streaming.PoolSize:1000]]
[2023.06.07-00.10.58:255][  0]LogConfig: Setting CVar [[r.Streaming.MaxEffectiveScreenSize:0]]
[2023.06.07-00.10.58:255][  0]LogConfig: Applying CVar settings from Section [EffectsQuality@3] File [C:/Users/KBC12206116/Documents/GitHub/Ateam_2023/SummerGJ2023/SummerGJ2023/Saved/Config/Windows/Scalability.ini]
[2023.06.07-00.10.58:255][  0]LogConfig: Setting CVar [[r.TranslucencyLightingVolumeDim:64]]
[2023.06.07-00.10.58:255][  0]LogConfig: Setting CVar [[r.RefractionQuality:2]]
[2023.06.07-00.10.58:255][  0]LogConfig: Setting CVar [[r.SSR.Quality:3]]
[2023.06.07-00.10.58:255][  0]LogConfig: Setting CVar [[r.SSR.HalfResSceneColor:0]]
[2023.06.07-00.10.58:255][  0]LogConfig: Setting CVar [[r.SceneColorFormat:4]]
[2023.06.07-00.10.58:255][  0]LogConfig: Setting CVar [[r.DetailMode:2]]
[2023.06.07-00.10.58:255][  0]LogConfig: Setting CVar [[r.TranslucencyVolumeBlur:1]]
[2023.06.07-00.10.58:255][  0]LogConfig: Setting CVar [[r.MaterialQualityLevel:1 ; High quality]]
[2023.06.07-00.10.58:255][  0]LogConfig: Setting CVar [[r.AnisotropicMaterials:1]]
[2023.06.07-00.10.58:255][  0]LogConfig: Setting CVar [[r.SSS.Scale:1]]
[2023.06.07-00.10.58:255][  0]LogConfig: Setting CVar [[r.SSS.SampleSet:2]]
[2023.06.07-00.10.58:255][  0]LogConfig: Setting CVar [[r.SSS.Quality:1]]
[2023.06.07-00.10.58:255][  0]LogConfig: Setting CVar [[r.SSS.HalfRes:0]]
[2023.06.07-00.10.58:255][  0]LogConfig: Setting CVar [[r.SSGI.Quality:3]]
[2023.06.07-00.10.58:255][  0]LogConfig: Setting CVar [[r.EmitterSpawnRateScale:1.0]]
[2023.06.07-00.10.58:255][  0]LogConfig: Setting CVar [[r.ParticleLightQuality:2]]
[2023.06.07-00.10.58:255][  0]LogConfig: Setting CVar [[r.SkyAtmosphere.AerialPerspectiveLUT.FastApplyOnOpaque:1 ; Always have FastSkyLUT 1 in this case to avoid wrong sky]]
[2023.06.07-00.10.58:255][  0]LogConfig: Setting CVar [[r.SkyAtmosphere.AerialPerspectiveLUT.SampleCountMaxPerSlice:4]]
[2023.06.07-00.10.58:255][  0]LogConfig: Setting CVar [[r.SkyAtmosphere.AerialPerspectiveLUT.DepthResolution:16.0]]
[2023.06.07-00.10.58:255][  0]LogConfig: Setting CVar [[r.SkyAtmosphere.FastSkyLUT:1]]
[2023.06.07-00.10.58:255][  0]LogConfig: Setting CVar [[r.SkyAtmosphere.FastSkyLUT.SampleCountMin:4.0]]
[2023.06.07-00.10.58:255][  0]LogConfig: Setting CVar [[r.SkyAtmosphere.FastSkyLUT.SampleCountMax:128.0]]
[2023.06.07-00.10.58:255][  0]LogConfig: Setting CVar [[r.SkyAtmosphere.SampleCountMin:4.0]]
[2023.06.07-00.10.58:255][  0]LogConfig: Setting CVar [[r.SkyAtmosphere.SampleCountMax:128.0]]
[2023.06.07-00.10.58:255][  0]LogConfig: Setting CVar [[r.SkyAtmosphere.TransmittanceLUT.UseSmallFormat:0]]
[2023.06.07-00.10.58:255][  0]LogConfig: Setting CVar [[r.SkyAtmosphere.TransmittanceLUT.SampleCount:10.0]]
[2023.06.07-00.10.58:255][  0]LogConfig: Setting CVar [[r.SkyAtmosphere.MultiScatteringLUT.SampleCount:15.0]]
[2023.06.07-00.10.58:255][  0]LogConfig: Setting CVar [[r.SkyLight.RealTimeReflectionCapture:1]]
[2023.06.07-00.10.58:255][  0]LogConfig: Applying CVar settings from Section [FoliageQuality@3] File [C:/Users/KBC12206116/Documents/GitHub/Ateam_2023/SummerGJ2023/SummerGJ2023/Saved/Config/Windows/Scalability.ini]
[2023.06.07-00.10.58:255][  0]LogConfig: Setting CVar [[foliage.DensityScale:1.0]]
[2023.06.07-00.10.58:255][  0]LogConfig: Setting CVar [[grass.DensityScale:1.0]]
[2023.06.07-00.10.58:255][  0]LogConfig: Applying CVar settings from Section [ShadingQuality@3] File [C:/Users/KBC12206116/Documents/GitHub/Ateam_2023/SummerGJ2023/SummerGJ2023/Saved/Config/Windows/Scalability.ini]
[2023.06.07-00.10.58:255][  0]LogConfig: Setting CVar [[r.HairStrands.SkyLighting.IntegrationType:2]]
[2023.06.07-00.10.58:255][  0]LogConfig: Setting CVar [[r.HairStrands.SkyAO.SampleCount:4]]
[2023.06.07-00.10.58:255][  0]LogConfig: Setting CVar [[r.HairStrands.Visibility.MSAA.SamplePerPixel:4]]
[2023.06.07-00.10.58:256][  0]LogInit: Selected Device Profile: [Windows]
[2023.06.07-00.10.58:256][  0]LogInit: Applying CVar settings loaded from the selected device profile: [Windows]
[2023.06.07-00.10.58:256][  0]LogHAL: Display: Platform has ~ 32 GB [34046345216 / 34359738368 / 32], which maps to Largest [LargestMinGB=32, LargerMinGB=12, DefaultMinGB=8, SmallerMinGB=6, SmallestMinGB=0)
[2023.06.07-00.10.58:256][  0]LogInit: Going up to parent DeviceProfile []
[2023.06.07-00.10.58:257][  0]LogConfig: Applying CVar settings from Section [ViewDistanceQuality@3] File [C:/Users/KBC12206116/Documents/GitHub/Ateam_2023/SummerGJ2023/SummerGJ2023/Saved/Config/Windows/Scalability.ini]
[2023.06.07-00.10.58:257][  0]LogConfig: Setting CVar [[r.SkeletalMeshLODBias:0]]
[2023.06.07-00.10.58:257][  0]LogConfig: Setting CVar [[r.ViewDistanceScale:1.0]]
[2023.06.07-00.10.58:257][  0]LogConfig: Applying CVar settings from Section [AntiAliasingQuality@3] File [C:/Users/KBC12206116/Documents/GitHub/Ateam_2023/SummerGJ2023/SummerGJ2023/Saved/Config/Windows/Scalability.ini]
[2023.06.07-00.10.58:257][  0]LogConfig: Setting CVar [[r.PostProcessAAQuality:4]]
[2023.06.07-00.10.58:257][  0]LogConfig: Applying CVar settings from Section [ShadowQuality@3] File [C:/Users/KBC12206116/Documents/GitHub/Ateam_2023/SummerGJ2023/SummerGJ2023/Saved/Config/Windows/Scalability.ini]
[2023.06.07-00.10.58:257][  0]LogConfig: Setting CVar [[r.LightFunctionQuality:1]]
[2023.06.07-00.10.58:257][  0]LogConfig: Setting CVar [[r.ShadowQuality:5]]
[2023.06.07-00.10.58:257][  0]LogConfig: Setting CVar [[r.Shadow.CSM.MaxCascades:10]]
[2023.06.07-00.10.58:257][  0]LogConfig: Setting CVar [[r.Shadow.MaxResolution:2048]]
[2023.06.07-00.10.58:257][  0]LogConfig: Setting CVar [[r.Shadow.MaxCSMResolution:2048]]
[2023.06.07-00.10.58:257][  0]LogConfig: Setting CVar [[r.Shadow.RadiusThreshold:0.01]]
[2023.06.07-00.10.58:257][  0]LogConfig: Setting CVar [[r.Shadow.DistanceScale:1.0]]
[2023.06.07-00.10.58:257][  0]LogConfig: Setting CVar [[r.Shadow.CSM.TransitionScale:1.0]]
[2023.06.07-00.10.58:257][  0]LogConfig: Setting CVar [[r.Shadow.PreShadowResolutionFactor:1.0]]
[2023.06.07-00.10.58:257][  0]LogConfig: Setting CVar [[r.DistanceFieldShadowing:1]]
[2023.06.07-00.10.58:257][  0]LogConfig: Setting CVar [[r.DistanceFieldAO:1]]
[2023.06.07-00.10.58:257][  0]LogConfig: Setting CVar [[r.AOQuality:2]]
[2023.06.07-00.10.58:257][  0]LogConfig: Setting CVar [[r.VolumetricFog:1]]
[2023.06.07-00.10.58:257][  0]LogConfig: Setting CVar [[r.VolumetricFog.GridPixelSize:8]]
[2023.06.07-00.10.58:257][  0]LogConfig: Setting CVar [[r.VolumetricFog.GridSizeZ:128]]
[2023.06.07-00.10.58:257][  0]LogConfig: Setting CVar [[r.VolumetricFog.HistoryMissSupersampleCount:4]]
[2023.06.07-00.10.58:257][  0]LogConfig: Setting CVar [[r.LightMaxDrawDistanceScale:1]]
[2023.06.07-00.10.58:257][  0]LogConfig: Setting CVar [[r.CapsuleShadows:1]]
[2023.06.07-00.10.58:257][  0]LogConfig: Applying CVar settings from Section [PostProcessQuality@3] File [C:/Users/KBC12206116/Documents/GitHub/Ateam_2023/SummerGJ2023/SummerGJ2023/Saved/Config/Windows/Scalability.ini]
[2023.06.07-00.10.58:257][  0]LogConfig: Setting CVar [[r.MotionBlurQuality:4]]
[2023.06.07-00.10.58:257][  0]LogConfig: Setting CVar [[r.AmbientOcclusionMipLevelFactor:0.4]]
[2023.06.07-00.10.58:257][  0]LogConfig: Setting CVar [[r.AmbientOcclusionMaxQuality:100]]
[2023.06.07-00.10.58:257][  0]LogConfig: Setting CVar [[r.AmbientOcclusionLevels:-1]]
[2023.06.07-00.10.58:257][  0]LogConfig: Setting CVar [[r.AmbientOcclusionRadiusScale:1.0]]
[2023.06.07-00.10.58:257][  0]LogConfig: Setting CVar [[r.DepthOfFieldQuality:2]]
[2023.06.07-00.10.58:257][  0]LogConfig: Setting CVar [[r.RenderTargetPoolMin:400]]
[2023.06.07-00.10.58:257][  0]LogConfig: Setting CVar [[r.LensFlareQuality:2]]
[2023.06.07-00.10.58:257][  0]LogConfig: Setting CVar [[r.SceneColorFringeQuality:1]]
[2023.06.07-00.10.58:257][  0]LogConfig: Setting CVar [[r.EyeAdaptationQuality:2]]
[2023.06.07-00.10.58:257][  0]LogConfig: Setting CVar [[r.BloomQuality:5]]
[2023.06.07-00.10.58:257][  0]LogConfig: Setting CVar [[r.FastBlurThreshold:100]]
[2023.06.07-00.10.58:257][  0]LogConfig: Setting CVar [[r.Upscale.Quality:3]]
[2023.06.07-00.10.58:257][  0]LogConfig: Setting CVar [[r.Tonemapper.GrainQuantization:1]]
[2023.06.07-00.10.58:257][  0]LogConfig: Setting CVar [[r.LightShaftQuality:1]]
[2023.06.07-00.10.58:257][  0]LogConfig: Setting CVar [[r.Filter.SizeScale:1]]
[2023.06.07-00.10.58:257][  0]LogConfig: Setting CVar [[r.Tonemapper.Quality:5]]
[2023.06.07-00.10.58:257][  0]LogConfig: Setting CVar [[r.DOF.Gather.AccumulatorQuality:1        ; higher gathering accumulator quality]]
[2023.06.07-00.10.58:257][  0]LogConfig: Setting CVar [[r.DOF.Gather.PostfilterMethod:1          ; Median3x3 postfilering method]]
[2023.06.07-00.10.58:257][  0]LogConfig: Setting CVar [[r.DOF.Gather.EnableBokehSettings:0       ; no bokeh simulation when gathering]]
[2023.06.07-00.10.58:257][  0]LogConfig: Setting CVar [[r.DOF.Gather.RingCount:4                 ; medium number of samples when gathering]]
[2023.06.07-00.10.58:257][  0]LogConfig: Setting CVar [[r.DOF.Scatter.ForegroundCompositing:1    ; additive foreground scattering]]
[2023.06.07-00.10.58:257][  0]LogConfig: Setting CVar [[r.DOF.Scatter.BackgroundCompositing:2    ; additive background scattering]]
[2023.06.07-00.10.58:257][  0]LogConfig: Setting CVar [[r.DOF.Scatter.EnableBokehSettings:1      ; bokeh simulation when scattering]]
[2023.06.07-00.10.58:257][  0]LogConfig: Setting CVar [[r.DOF.Scatter.MaxSpriteRatio:0.1         ; only a maximum of 10% of scattered bokeh]]
[2023.06.07-00.10.58:257][  0]LogConfig: Setting CVar [[r.DOF.Recombine.Quality:1                ; cheap slight out of focus]]
[2023.06.07-00.10.58:257][  0]LogConfig: Setting CVar [[r.DOF.Recombine.EnableBokehSettings:0    ; no bokeh simulation on slight out of focus]]
[2023.06.07-00.10.58:257][  0]LogConfig: Setting CVar [[r.DOF.TemporalAAQuality:1                ; more stable temporal accumulation]]
[2023.06.07-00.10.58:257][  0]LogConfig: Setting CVar [[r.DOF.Kernel.MaxForegroundRadius:0.025]]
[2023.06.07-00.10.58:257][  0]LogConfig: Setting CVar [[r.DOF.Kernel.MaxBackgroundRadius:0.025]]
[2023.06.07-00.10.58:257][  0]LogConfig: Applying CVar settings from Section [TextureQuality@3] File [C:/Users/KBC12206116/Documents/GitHub/Ateam_2023/SummerGJ2023/SummerGJ2023/Saved/Config/Windows/Scalability.ini]
[2023.06.07-00.10.58:257][  0]LogConfig: Setting CVar [[r.Streaming.MipBias:0]]
[2023.06.07-00.10.58:257][  0]LogConfig: Setting CVar [[r.Streaming.AmortizeCPUToGPUCopy:0]]
[2023.06.07-00.10.58:257][  0]LogConfig: Setting CVar [[r.Streaming.MaxNumTexturesToStreamPerFrame:0]]
[2023.06.07-00.10.58:257][  0]LogConfig: Setting CVar [[r.Streaming.Boost:1]]
[2023.06.07-00.10.58:257][  0]LogConfig: Setting CVar [[r.MaxAnisotropy:8]]
[2023.06.07-00.10.58:257][  0]LogConfig: Setting CVar [[r.VT.MaxAnisotropy:8]]
[2023.06.07-00.10.58:257][  0]LogConfig: Setting CVar [[r.Streaming.LimitPoolSizeToVRAM:0]]
[2023.06.07-00.10.58:257][  0]LogConfig: Setting CVar [[r.Streaming.PoolSize:1000]]
[2023.06.07-00.10.58:257][  0]LogConfig: Setting CVar [[r.Streaming.MaxEffectiveScreenSize:0]]
[2023.06.07-00.10.58:257][  0]LogConfig: Applying CVar settings from Section [EffectsQuality@3] File [C:/Users/KBC12206116/Documents/GitHub/Ateam_2023/SummerGJ2023/SummerGJ2023/Saved/Config/Windows/Scalability.ini]
[2023.06.07-00.10.58:257][  0]LogConfig: Setting CVar [[r.TranslucencyLightingVolumeDim:64]]
[2023.06.07-00.10.58:257][  0]LogConfig: Setting CVar [[r.RefractionQuality:2]]
[2023.06.07-00.10.58:257][  0]LogConfig: Setting CVar [[r.SSR.Quality:3]]
[2023.06.07-00.10.58:257][  0]LogConfig: Setting CVar [[r.SSR.HalfResSceneColor:0]]
[2023.06.07-00.10.58:257][  0]LogConfig: Setting CVar [[r.SceneColorFormat:4]]
[2023.06.07-00.10.58:257][  0]LogConfig: Setting CVar [[r.DetailMode:2]]
[2023.06.07-00.10.58:257][  0]LogConfig: Setting CVar [[r.TranslucencyVolumeBlur:1]]
[2023.06.07-00.10.58:257][  0]LogConfig: Setting CVar [[r.MaterialQualityLevel:1 ; High quality]]
[2023.06.07-00.10.58:257][  0]LogConfig: Setting CVar [[r.AnisotropicMaterials:1]]
[2023.06.07-00.10.58:257][  0]LogConfig: Setting CVar [[r.SSS.Scale:1]]
[2023.06.07-00.10.58:257][  0]LogConfig: Setting CVar [[r.SSS.SampleSet:2]]
[2023.06.07-00.10.58:257][  0]LogConfig: Setting CVar [[r.SSS.Quality:1]]
[2023.06.07-00.10.58:257][  0]LogConfig: Setting CVar [[r.SSS.HalfRes:0]]
[2023.06.07-00.10.58:257][  0]LogConfig: Setting CVar [[r.SSGI.Quality:3]]
[2023.06.07-00.10.58:257][  0]LogConfig: Setting CVar [[r.EmitterSpawnRateScale:1.0]]
[2023.06.07-00.10.58:257][  0]LogConfig: Setting CVar [[r.ParticleLightQuality:2]]
[2023.06.07-00.10.58:257][  0]LogConfig: Setting CVar [[r.SkyAtmosphere.AerialPerspectiveLUT.FastApplyOnOpaque:1 ; Always have FastSkyLUT 1 in this case to avoid wrong sky]]
[2023.06.07-00.10.58:257][  0]LogConfig: Setting CVar [[r.SkyAtmosphere.AerialPerspectiveLUT.SampleCountMaxPerSlice:4]]
[2023.06.07-00.10.58:257][  0]LogConfig: Setting CVar [[r.SkyAtmosphere.AerialPerspectiveLUT.DepthResolution:16.0]]
[2023.06.07-00.10.58:257][  0]LogConfig: Setting CVar [[r.SkyAtmosphere.FastSkyLUT:1]]
[2023.06.07-00.10.58:257][  0]LogConfig: Setting CVar [[r.SkyAtmosphere.FastSkyLUT.SampleCountMin:4.0]]
[2023.06.07-00.10.58:257][  0]LogConfig: Setting CVar [[r.SkyAtmosphere.FastSkyLUT.SampleCountMax:128.0]]
[2023.06.07-00.10.58:257][  0]LogConfig: Setting CVar [[r.SkyAtmosphere.SampleCountMin:4.0]]
[2023.06.07-00.10.58:257][  0]LogConfig: Setting CVar [[r.SkyAtmosphere.SampleCountMax:128.0]]
[2023.06.07-00.10.58:257][  0]LogConfig: Setting CVar [[r.SkyAtmosphere.TransmittanceLUT.UseSmallFormat:0]]
[2023.06.07-00.10.58:257][  0]LogConfig: Setting CVar [[r.SkyAtmosphere.TransmittanceLUT.SampleCount:10.0]]
[2023.06.07-00.10.58:257][  0]LogConfig: Setting CVar [[r.SkyAtmosphere.MultiScatteringLUT.SampleCount:15.0]]
[2023.06.07-00.10.58:257][  0]LogConfig: Setting CVar [[r.SkyLight.RealTimeReflectionCapture:1]]
[2023.06.07-00.10.58:257][  0]LogConfig: Applying CVar settings from Section [FoliageQuality@3] File [C:/Users/KBC12206116/Documents/GitHub/Ateam_2023/SummerGJ2023/SummerGJ2023/Saved/Config/Windows/Scalability.ini]
[2023.06.07-00.10.58:257][  0]LogConfig: Setting CVar [[foliage.DensityScale:1.0]]
[2023.06.07-00.10.58:257][  0]LogConfig: Setting CVar [[grass.DensityScale:1.0]]
[2023.06.07-00.10.58:257][  0]LogConfig: Applying CVar settings from Section [ShadingQuality@3] File [C:/Users/KBC12206116/Documents/GitHub/Ateam_2023/SummerGJ2023/SummerGJ2023/Saved/Config/Windows/Scalability.ini]
[2023.06.07-00.10.58:257][  0]LogConfig: Setting CVar [[r.HairStrands.SkyLighting.IntegrationType:2]]
[2023.06.07-00.10.58:257][  0]LogConfig: Setting CVar [[r.HairStrands.SkyAO.SampleCount:4]]
[2023.06.07-00.10.58:257][  0]LogConfig: Setting CVar [[r.HairStrands.Visibility.MSAA.SamplePerPixel:4]]
[2023.06.07-00.10.58:257][  0]LogConfig: Applying CVar settings from Section [Startup] File [../../../Engine/Config/ConsoleVariables.ini]
[2023.06.07-00.10.58:257][  0]LogConfig: Setting CVar [[net.UseAdaptiveNetUpdateFrequency:0]]
[2023.06.07-00.10.58:258][  0]LogConfig: Setting CVar [[p.chaos.AllowCreatePhysxBodies:1]]
[2023.06.07-00.10.58:258][  0]LogConfig: Setting CVar [[fx.SkipVectorVMBackendOptimizations:1]]
[2023.06.07-00.10.58:258][  0]LogConfig: Applying CVar settings from Section [ConsoleVariables] File [C:/Users/KBC12206116/Documents/GitHub/Ateam_2023/SummerGJ2023/SummerGJ2023/Saved/Config/Windows/Engine.ini]
[2023.06.07-00.10.58:258][  0]LogConfig: Applying CVar settings from Section [ConsoleVariables] File [C:/Users/KBC12206116/Documents/GitHub/Ateam_2023/SummerGJ2023/SummerGJ2023/Saved/Config/Windows/Editor.ini]
[2023.06.07-00.10.58:258][  0]LogInit: Computer: KBC12206116
[2023.06.07-00.10.58:258][  0]LogInit: User: KBC12206116
[2023.06.07-00.10.58:258][  0]LogInit: CPU Page size=4096, Cores=8
[2023.06.07-00.10.58:258][  0]LogInit: High frequency timer resolution =10.000000 MHz
[2023.06.07-00.10.58:258][  0]LogMemory: Memory total: Physical=31.7GB (32GB approx)
[2023.06.07-00.10.58:258][  0]LogMemory: Platform Memory Stats for Windows
[2023.06.07-00.10.58:258][  0]LogMemory: Process Physical Memory: 149.08 MB used, 149.08 MB peak
[2023.06.07-00.10.58:258][  0]LogMemory: Process Virtual Memory: 133.50 MB used, 133.50 MB peak
[2023.06.07-00.10.58:258][  0]LogMemory: Physical Memory: 7560.31 MB used,  24908.82 MB free, 32469.12 MB total
[2023.06.07-00.10.58:258][  0]LogMemory: Virtual Memory: 134189184.00 MB used,  28540.46 MB free, 134217728.00 MB total
[2023.06.07-00.10.58:286][  0]LogWindows: WindowsPlatformFeatures enabled
[2023.06.07-00.10.58:471][  0]LogInit: Physics initialised using underlying interface: PhysX
[2023.06.07-00.10.58:472][  0]LogInit: Using OS detected language (ja-JP).
[2023.06.07-00.10.58:472][  0]LogInit: Using OS detected locale (ja-JP).
[2023.06.07-00.10.58:483][  0]LogTextLocalizationManager: No specific localization for 'ja-JP' exists, so the 'ja' localization will be used.
[2023.06.07-00.10.58:560][  0]LogInit: Setting process to per monitor DPI aware
[2023.06.07-00.10.58:574][  0]LogWindowsTextInputMethodSystem: Display: IME system deactivated.
[2023.06.07-00.10.58:627][  0]LogSlate: New Slate User Created.  User Index 0, Is Virtual User: 0
[2023.06.07-00.10.58:627][  0]LogSlate: Slate User Registered.  User Index 0, Is Virtual User: 0
[2023.06.07-00.10.59:738][  0]LogD3D11RHI: Loaded GFSDK_Aftermath_Lib.x64.dll
[2023.06.07-00.10.59:770][  0]LogHMD: Failed to initialize OpenVR with code 110
[2023.06.07-00.10.59:770][  0]LogD3D11RHI: D3D11 min allowed feature level: 11_0
[2023.06.07-00.10.59:770][  0]LogD3D11RHI: D3D11 max allowed feature level: 11_0
[2023.06.07-00.10.59:770][  0]LogD3D11RHI: D3D11 adapters:
[2023.06.07-00.10.59:850][  0]LogD3D11RHI:    0. 'NVIDIA GeForce RTX 3070 Laptop GPU' (Feature Level 11_0)
[2023.06.07-00.10.59:850][  0]LogD3D11RHI:       8044/0/16234 MB DedicatedVideo/DedicatedSystem/SharedSystem, Outputs:1, VendorId:0x10de
[2023.06.07-00.10.59:883][  0]LogD3D11RHI:    1. 'Intel(R) UHD Graphics' (Feature Level 11_0)
[2023.06.07-00.10.59:883][  0]LogD3D11RHI:       128/0/16234 MB DedicatedVideo/DedicatedSystem/SharedSystem, Outputs:0, VendorId:0x8086
[2023.06.07-00.10.59:885][  0]LogD3D11RHI:    2. 'Microsoft Basic Render Driver' (Feature Level 11_0)
[2023.06.07-00.10.59:885][  0]LogD3D11RHI:       0/0/16234 MB DedicatedVideo/DedicatedSystem/SharedSystem, Outputs:0, VendorId:0x1414
[2023.06.07-00.10.59:885][  0]LogD3D11RHI: Chosen D3D11 Adapter:
[2023.06.07-00.10.59:885][  0]LogD3D11RHI:     Description : NVIDIA GeForce RTX 3070 Laptop GPU
[2023.06.07-00.10.59:885][  0]LogD3D11RHI:     VendorId    : 10de
[2023.06.07-00.10.59:885][  0]LogD3D11RHI:     DeviceId    : 249d
[2023.06.07-00.10.59:885][  0]LogD3D11RHI:     SubSysId    : 12f51462
[2023.06.07-00.10.59:885][  0]LogD3D11RHI:     Revision    : 00a1
[2023.06.07-00.10.59:885][  0]LogD3D11RHI:     DedicatedVideoMemory : 8434745344 bytes
[2023.06.07-00.10.59:885][  0]LogD3D11RHI:     DedicatedSystemMemory : 0 bytes
[2023.06.07-00.10.59:885][  0]LogD3D11RHI:     SharedSystemMemory : 17023172608 bytes
[2023.06.07-00.10.59:885][  0]LogD3D11RHI:     AdapterLuid : 0 73204
[2023.06.07-00.10.59:891][  0]LogD3D11RHI: Creating new Direct3DDevice
[2023.06.07-00.10.59:891][  0]LogD3D11RHI:     GPU DeviceId: 0x249d (for the marketing name, search the web for "GPU Device Id")
[2023.06.07-00.10.59:891][  0]LogWindows: EnumDisplayDevices:
[2023.06.07-00.10.59:891][  0]LogWindows:    0. 'Intel(R) UHD Graphics' (P:1 D:1)
[2023.06.07-00.10.59:891][  0]LogWindows:    1. 'Intel(R) UHD Graphics' (P:0 D:0)
[2023.06.07-00.10.59:891][  0]LogWindows:    2. 'Intel(R) UHD Graphics' (P:0 D:0)
[2023.06.07-00.10.59:891][  0]LogWindows:    3. 'Intel(R) UHD Graphics' (P:0 D:0)
[2023.06.07-00.10.59:892][  0]LogWindows:    4. 'NVIDIA GeForce RTX 3070 Laptop GPU' (P:0 D:0)
[2023.06.07-00.10.59:892][  0]LogWindows:    5. 'NVIDIA GeForce RTX 3070 Laptop GPU' (P:0 D:0)
[2023.06.07-00.10.59:892][  0]LogWindows:    6. 'NVIDIA GeForce RTX 3070 Laptop GPU' (P:0 D:0)
[2023.06.07-00.10.59:892][  0]LogWindows:    7. 'NVIDIA GeForce RTX 3070 Laptop GPU' (P:0 D:0)
[2023.06.07-00.10.59:892][  0]LogWindows: DebugString: PrimaryIsNotTheChoosenAdapter PrimaryIsNotTheChoosenAdapter PrimaryIsNotTheChoosenAdapter PrimaryIsNotTheChoosenAdapter FoundDriverCount:4 
[2023.06.07-00.10.59:892][  0]LogD3D11RHI:     Adapter Name: NVIDIA GeForce RTX 3070 Laptop GPU
[2023.06.07-00.10.59:892][  0]LogD3D11RHI:   Driver Version: 471.41 (internal:30.0.14.7141, unified:471.41)
[2023.06.07-00.10.59:892][  0]LogD3D11RHI:      Driver Date: 7-12-2021
[2023.06.07-00.10.59:892][  0]LogRHI: Texture pool is 5630 MB (70% of 8044 MB)
[2023.06.07-00.10.59:892][  0]LogD3D11RHI: Creating D3DDevice using adapter:
[2023.06.07-00.10.59:892][  0]LogD3D11RHI:     Description : NVIDIA GeForce RTX 3070 Laptop GPU
[2023.06.07-00.10.59:892][  0]LogD3D11RHI:     VendorId    : 10de
[2023.06.07-00.10.59:892][  0]LogD3D11RHI:     DeviceId    : 249d
[2023.06.07-00.10.59:892][  0]LogD3D11RHI:     SubSysId    : 12f51462
[2023.06.07-00.10.59:892][  0]LogD3D11RHI:     Revision    : 00a1
[2023.06.07-00.10.59:892][  0]LogD3D11RHI:     DedicatedVideoMemory : 8434745344 bytes
[2023.06.07-00.10.59:892][  0]LogD3D11RHI:     DedicatedSystemMemory : 0 bytes
[2023.06.07-00.10.59:892][  0]LogD3D11RHI:     SharedSystemMemory : 17023172608 bytes
[2023.06.07-00.10.59:892][  0]LogD3D11RHI:     AdapterLuid : 0 73204
[2023.06.07-00.10.59:945][  0]LogD3D11RHI: RHI has support for 64 bit atomics
[2023.06.07-00.10.59:945][  0]LogD3D11RHI: Async texture creation enabled
[2023.06.07-00.10.59:945][  0]LogD3D11RHI: Array index from any shader is supported
[2023.06.07-00.10.59:970][  0]LogD3D11RHI: GPU Timing Frequency: 1000.000000 (Debug: 2 1)
[2023.06.07-00.10.59:995][  0]LogRHI: GeForceNow SDK initialized: 1
[2023.06.07-00.11.00:229][  0]LogTargetPlatformManager: Display: Loaded TargetPlatform 'AllDesktop'
[2023.06.07-00.11.00:245][  0]LogTargetPlatformManager: Display: Loaded TargetPlatform 'Android'
[2023.06.07-00.11.00:245][  0]LogTargetPlatformManager: Display: Loaded TargetPlatform 'Android_ASTC'
[2023.06.07-00.11.00:245][  0]LogTargetPlatformManager: Display: Loaded TargetPlatform 'Android_DXT'
[2023.06.07-00.11.00:245][  0]LogTargetPlatformManager: Display: Loaded TargetPlatform 'Android_ETC2'
[2023.06.07-00.11.00:245][  0]LogTargetPlatformManager: Display: Loaded TargetPlatform 'AndroidClient'
[2023.06.07-00.11.00:245][  0]LogTargetPlatformManager: Display: Loaded TargetPlatform 'Android_ASTCClient'
[2023.06.07-00.11.00:245][  0]LogTargetPlatformManager: Display: Loaded TargetPlatform 'Android_DXTClient'
[2023.06.07-00.11.00:245][  0]LogTargetPlatformManager: Display: Loaded TargetPlatform 'Android_ETC2Client'
[2023.06.07-00.11.00:245][  0]LogTargetPlatformManager: Display: Loaded TargetPlatform 'Android_Multi'
[2023.06.07-00.11.00:245][  0]LogTargetPlatformManager: Display: Loaded TargetPlatform 'Android_MultiClient'
[2023.06.07-00.11.00:264][  0]LogTargetPlatformManager: Display: Loaded TargetPlatform 'IOSClient'
[2023.06.07-00.11.00:264][  0]LogTargetPlatformManager: Display: Loaded TargetPlatform 'IOS'
[2023.06.07-00.11.00:277][  0]LogTargetPlatformManager: Display: Loaded TargetPlatform 'Linux'
[2023.06.07-00.11.00:282][  0]LogTargetPlatformManager: Display: Loaded TargetPlatform 'LinuxNoEditor'
[2023.06.07-00.11.00:286][  0]LogTargetPlatformManager: Display: Loaded TargetPlatform 'LinuxClient'
[2023.06.07-00.11.00:291][  0]LogTargetPlatformManager: Display: Loaded TargetPlatform 'LinuxServer'
[2023.06.07-00.11.00:301][  0]LogTargetPlatformManager: Display: Loaded TargetPlatform 'LinuxAArch64NoEditor'
[2023.06.07-00.11.00:305][  0]LogTargetPlatformManager: Display: Loaded TargetPlatform 'LinuxAArch64Client'
[2023.06.07-00.11.00:311][  0]LogTargetPlatformManager: Display: Loaded TargetPlatform 'LinuxAArch64Server'
[2023.06.07-00.11.00:332][  0]LogTargetPlatformManager: Display: Loaded TargetPlatform 'Lumin'
[2023.06.07-00.11.00:332][  0]LogTargetPlatformManager: Display: Loaded TargetPlatform 'LuminClient'
[2023.06.07-00.11.00:348][  0]LogTargetPlatformManager: Display: Loaded TargetPlatform 'MacNoEditor'
[2023.06.07-00.11.00:354][  0]LogTargetPlatformManager: Display: Loaded TargetPlatform 'Mac'
[2023.06.07-00.11.00:358][  0]LogTargetPlatformManager: Display: Loaded TargetPlatform 'MacClient'
[2023.06.07-00.11.00:361][  0]LogTargetPlatformManager: Display: Loaded TargetPlatform 'MacServer'
[2023.06.07-00.11.00:368][  0]LogTargetPlatformManager: Display: Loaded TargetPlatform 'TVOSClient'
[2023.06.07-00.11.00:368][  0]LogTargetPlatformManager: Display: Loaded TargetPlatform 'TVOS'
[2023.06.07-00.11.00:377][  0]LogTargetPlatformManager: Display: Loaded TargetPlatform 'WindowsNoEditor'
[2023.06.07-00.11.00:381][  0]LogTargetPlatformManager: Display: Loaded TargetPlatform 'Windows'
[2023.06.07-00.11.00:385][  0]LogTargetPlatformManager: Display: Loaded TargetPlatform 'WindowsClient'
[2023.06.07-00.11.00:390][  0]LogTargetPlatformManager: Display: Loaded TargetPlatform 'WindowsServer'
[2023.06.07-00.11.00:390][  0]LogTargetPlatformManager: Display: Building Assets For Windows
[2023.06.07-00.11.00:401][  0]LogAudioDebug: Display: Lib vorbis DLL was dynamically loaded.
[2023.06.07-00.11.00:544][  0]LogTextureFormatOodle: Display: Oodle Texture 2.9.0 init RDO Off
[2023.06.07-00.11.00:722][  0]LogRendererCore: Ray tracing is disabled. Reason: r.RayTracing=0.
[2023.06.07-00.11.00:724][  0]LogShaderCompilers: Guid format shader working directory is -37 characters bigger than the processId version (../../../../../../Users/KBC12206116/Documents/GitHub/Ateam_2023/SummerGJ2023/SummerGJ2023/Intermediate/Shaders/WorkingDirectory/5716/).
[2023.06.07-00.11.00:725][  0]LogShaderCompilers: Cleaned the shader compiler working directory 'C:/Users/KBC12206116/AppData/Local/Temp/UnrealShaderWorkingDir/353F428047B4F8F55521958199879F4D/'.
[2023.06.07-00.11.00:725][  0]LogXGEController: Cannot use XGE Controller as Incredibuild is not installed on this machine.
[2023.06.07-00.11.00:725][  0]LogShaderCompilers: Cannot use XGE Shader Compiler as Incredibuild is not installed on this machine.
[2023.06.07-00.11.00:725][  0]LogShaderCompilers: Display: Using Local Shader Compiler.
[2023.06.07-00.11.01:400][  0]LogDerivedDataCache: Display: Max Cache Size: 512 MB
[2023.06.07-00.11.01:452][  0]LogDerivedDataCache: Loaded boot cache 0.05s 94MB C:/Users/KBC12206116/AppData/Local/UnrealEngine/4.27/DerivedDataCache/Boot.ddc.
[2023.06.07-00.11.01:452][  0]LogDerivedDataCache: Display: Loaded Boot cache: C:/Users/KBC12206116/AppData/Local/UnrealEngine/4.27/DerivedDataCache/Boot.ddc
[2023.06.07-00.11.01:453][  0]LogDerivedDataCache: FDerivedDataBackendGraph:  Pak pak cache file ../../../../../../Users/KBC12206116/Documents/GitHub/Ateam_2023/SummerGJ2023/SummerGJ2023/DerivedDataCache/DDC.ddp not found, will not use a pak cache.
[2023.06.07-00.11.01:453][  0]LogDerivedDataCache: Unable to find inner node Pak for hierarchical cache Hierarchy.
[2023.06.07-00.11.01:453][  0]LogDerivedDataCache: FDerivedDataBackendGraph:  CompressedPak pak cache file ../../../../../../Users/KBC12206116/Documents/GitHub/Ateam_2023/SummerGJ2023/SummerGJ2023/DerivedDataCache/Compressed.ddp not found, will not use a pak cache.
[2023.06.07-00.11.01:453][  0]LogDerivedDataCache: Unable to find inner node CompressedPak for hierarchical cache Hierarchy.
[2023.06.07-00.11.01:469][  0]LogDerivedDataCache: Display: Pak cache opened for reading ../../../Engine/DerivedDataCache/Compressed.ddp.
[2023.06.07-00.11.01:469][  0]LogDerivedDataCache: FDerivedDataBackendGraph:  EnterprisePak pak cache file ../../../Enterprise/DerivedDataCache/Compressed.ddp not found, will not use a pak cache.
[2023.06.07-00.11.01:469][  0]LogDerivedDataCache: Unable to find inner node EnterprisePak for hierarchical cache Hierarchy.
[2023.06.07-00.11.01:479][  0]LogDerivedDataCache: Speed tests for C:/Users/KBC12206116/AppData/Local/UnrealEngine/Common/DerivedDataCache took 0.01 seconds
[2023.06.07-00.11.01:479][  0]LogDerivedDataCache: Display: Performance to C:/Users/KBC12206116/AppData/Local/UnrealEngine/Common/DerivedDataCache: Latency=0.13ms. RandomReadSpeed=177.46MBs, RandomWriteSpeed=313.01MBs. Assigned SpeedClass 'Local'
[2023.06.07-00.11.01:480][  0]LogDerivedDataCache: Using Local data cache path C:/Users/KBC12206116/AppData/Local/UnrealEngine/Common/DerivedDataCache: Writable
[2023.06.07-00.11.01:480][  0]LogDerivedDataCache: Shared data cache path not found in *engine.ini, will not use an Shared cache.
[2023.06.07-00.11.01:480][  0]LogDerivedDataCache: Unable to find inner node Shared for hierarchical cache Hierarchy.
[2023.06.07-00.11.01:521][  0]LogSlate: Using FreeType 2.10.0
[2023.06.07-00.11.01:528][  0]LogSlate: SlateFontServices - WITH_FREETYPE: 1, WITH_HARFBUZZ: 1
[2023.06.07-00.11.01:557][  0]LogAssetRegistry: FAssetRegistry took 0.0046 seconds to start up
[2023.06.07-00.11.01:804][  0]LogInit: Selected Device Profile: [Windows]
[2023.06.07-00.11.01:804][  0]LogInit: Active device profile: [0000017D2C505400][0000017D2BF47380 49] Windows
[2023.06.07-00.11.01:804][  0]LogInit: Profiles: [0000017D2C505400][0000017D2BF47380 49] Windows, [0000017D2C498100][0000017D2BF4F640 49] WindowsNoEditor, [0000017D2C474200][0000017D2BF53900 49] WindowsServer, [0000017D2C499F00][0000017D2BF57BC0 49] WindowsClient, [0000017D2C476100][0000017D2BF5A300 49] IOS, [0000017D2C49B900][0000017D2BF5E5C0 49] iPadAir, [0000017D2C474800][0000017D2BF62880 49] iPadAir2, [0000017D2C44CA00][0000017D2BF72D80 49] IPadPro, [0000017D2C44CB00][0000017D2BF66DC0 49] iPadAir3, [0000017D2C474500][0000017D2BF6F080 49] iPadAir4, [0000017D2C44C600][0000017D2BF6B340 49] iPadMini2, [0000017D2C477400][0000017D2BF77600 49] iPadMini3, [0000017D2C44D500][0000017D2BF7B8C0 49] iPadMini4, [0000017D2C476C00][0000017D2BF7FB80 49] iPadMini5, [0000017D2C49A100][0000017D2BF92540 49] iPhone6, [0000017D2C443F00][0000017D2BF82580 49] iPodTouch6, [0000017D2C498700][0000017D2BF9AAC0 49] iPhone7, [0000017D2C498600][0000017D2BF8AB00 49] iPodTouch7, [0000017D2C440700][0000017D2BF4AD80 49] iPhone5S, [0000017D2C499100][0000017D2BF8F000 49] iPhone6Plus, [0000017D2C443400][0000017D2BF972C0 49] iPhone6S, [0000017D2C49AF00][0000017D2BF9F580 49] iPhone6SPlus, [0000017D2C440F00][0000017D2BFA3840 49] iPhone7Plus, [0000017D2C499B00][0000017D2BFA7B00 49] iPhoneSE, [0000017D2C442C00][0000017D2BFAA240 49] iPhone8, [0000017D2C49AE00][0000017D2BFAE500 49] iPhone8Plus, [0000017D2C441600][0000017D2BFB27C0 49] iPhoneX, [0000017D2C49A000][0000017D2BFB6A80 49] iPhoneXS, [0000017D2C442500][0000017D2BFBAD40 49] iPhoneXSMax, [0000017D2C49BF00][0000017D2BF86FC0 49] iPhoneXR, [0000017D2C441D00][0000017D2BFBF240 49] iPhone11, [0000017D2C49B400][0000017D2BFC7500 49] iPhone11Pro, [0000017D2C443500][0000017D2BFCB7C0 49] iPhone11ProMax, [0000017D2C499400][0000017D2BFCFA80 49] iPhoneSE2, [0000017D2C440C00][0000017D2BFD21C0 49] iPhone12Mini, [0000017D2C49B000][0000017D2BFD6480 49] iPhone12, [0000017D2C442E00][0000017D2BFDA740 49] iPhone12Pro, [0000017D2C499C00][0000017D2CFF0A00 49] iPhone12ProMax, [0000017D2C442900][0000017D2CFF4CC0 49] iPadPro105, [0000017D2C498D00][0000017D2CFF8F80 49] iPadPro129, [0000017D2C441800][0000017D2BFC3200 49] iPadPro97, [0000017D2C498500][0000017D2CFFD480 49] iPadPro2_129, [0000017D2C443700][0000017D2D005740 49] iPad5, [0000017D2C499500][0000017D2D009A00 49] iPad6, [0000017D2C442A00][0000017D2D00C140 49] iPad7, [0000017D2C49AB00][0000017D2D010400 49] iPad8, [0000017D2C440500][0000017D2D0146C0 49] iPadPro11, [0000017D2C49AD00][0000017D2D018980 49] iPadPro2_11, [0000017D2C440E00][0000017D2D01CC40 49] iPadPro3_129, [0000017D2C49A700][0000017D2D020F00 49] iPadPro4_129, [0000017D2C441700][0000017D2D0251C0 49] AppleTV, [0000017D2C499800][0000017D2D001440 49] AppleTV4K, [0000017D2C442400][0000017D2D0296C0 49] TVOS, [0000017D2C499E00][0000017D2D031980 49] Mac, [0000017D2C442B00][0000017D2D0340C0 49] MacClient, [0000017D2C49A900][0000017D2D038380 49] MacNoEditor, [0000017D2C443900][0000017D2D03C640 49] MacServer, [0000017D2C49A300][0000017D2D040900 49] Linux, [0000017D2C443B00][0000017D2D044BC0 49] LinuxAArch64, [0000017D2C49B300][0000017D2D048E80 49] LinuxNoEditor, [0000017D2C443C00][0000017D2D04D140 49] LinuxAArch64NoEditor, [0000017D2C49AC00][0000017D2D051400 49] LinuxClient, [0000017D2C441E00][0000017D2D02D680 49] LinuxAArch64Client, [0000017D2C498E00][0000017D2D055900 49] LinuxServer, [0000017D2C443600][0000017D2D05DBC0 49] LinuxAArch64Server, [0000017D2C498B00][0000017D2D060300 49] Android, [0000017D2C441B00][0000017D2D0645C0 49] Android_Low, [0000017D2C506C00][0000017D2D068880 49] Android_Mid, [0000017D2C474D00][0000017D2D06CB40 49] Android_High, [0000017D2C504A00][0000017D2D070E00 49] Android_Default, [0000017D2C476600][0000017D2D0750C0 49] Android_Adreno4xx, [0000017D2C504700][0000017D2D079380 49] Android_Adreno5xx_Low, [0000017D2C474F00][0000017D2D07D640 49] Android_Adreno5xx, [0000017D2C506900][0000017D2D0598C0 49] Android_Adreno6xx, [0000017D2C477500][0000017D2D107B40 49] Android_Adreno6xx_Vulkan, [0000017D2C505600][0000017D2D10E280 49] Android_Mali_T6xx, [0000017D2C475100][0000017D2D11E540 49] Android_Mali_T7xx, [0000017D2C505700][0000017D2D122800 49] Android_Mali_T8xx, [0000017D2C475C00][0000017D2D138AC0 49] Android_Mali_G71, [0000017D2C504100][0000017D2D160D80 49] Android_Mali_G72, [0000017D2C474C00][0000017D2D191040 49] Android_Mali_G72_Vulkan, [0000017D2C505D00][0000017D2D1B5300 49] Android_Mali_G76, [0000017D2C475D00][0000017D2DC215C0 49] Android_Mali_G76_Vulkan, [0000017D2C505000][0000017D2D283880 49] Android_Mali_G77, [0000017D2C474A00][0000017D2D10BB00 49] Android_Mali_G77_Vulkan, [0000017D2C505C00][0000017D23F1E200 49] Android_Mali_G78, [0000017D2C474100][0000017D23F264C0 49] Android_Mali_G78_Vulkan, [0000017D2C506D00][0000017D23F2A780 49] Android_Mali_G710, [0000017D2C477200][0000017D23F32A40 49] Android_Mali_G710_Vulkan, [0000017D2C505200][0000017D2D3B2D00 49] Android_Vulkan_SM5, [0000017D2C476E00][0000017D2D3B6FC0 49] Android_PowerVR_G6xxx, [0000017D2C506300][0000017D2D3BB280 49] Android_PowerVR_GT7xxx, [0000017D2C474600][0000017D2D3BF540 49] Android_PowerVR_GE8xxx, [0000017D2C506E00][0000017D2D3E9800 49] Android_PowerVR_GM9xxx, [0000017D2C49A200][0000017D2D3EDAC0 49] Android_PowerVR_GM9xxx_Vulkan, [0000017D2C504E00][0000017D23F221C0 49] Android_TegraK1, [0000017D2C49BD00][0000017D2E018440 49] Android_Unknown_Vulkan, [0000017D2C506100][0000017D2BC74700 49] Lumin, [0000017D2C49AA00][0000017D2DFE89C0 49] Lumin_Desktop, [0000017D2C504C00][0000017D2BC7CC80 49] HoloLens, 
[2023.06.07-00.11.01:966][  0]LogMeshReduction: Using QuadricMeshReduction for automatic static mesh reduction
[2023.06.07-00.11.01:966][  0]LogMeshReduction: Using SimplygonMeshReduction for automatic skeletal mesh reduction
[2023.06.07-00.11.01:966][  0]LogMeshReduction: Using ProxyLODMeshReduction for automatic mesh merging
[2023.06.07-00.11.01:966][  0]LogMeshReduction: No distributed automatic mesh merging module available
[2023.06.07-00.11.01:966][  0]LogMeshMerging: No distributed automatic mesh merging module available
[2023.06.07-00.11.01:996][  0]LogNetVersion: SummerGJ2023 1.0.0, NetCL: 17155196, EngineNetVer: 17, GameNetVer: 0 (Checksum: 2361992904)
[2023.06.07-00.11.02:475][  0]LogTexture: Default maximum texture size for cubemaps generated from long-lat sources has been changed from 512 to unlimited. In order to preserve old behaiour for '/Engine/MapTemplates/Sky/DaylightAmbientCubemap.DaylightAmbientCubemap', its maximum texture size has been explicitly set to 512.
[2023.06.07-00.11.02:536][  0]LogHMD: PokeAHoleMaterial loaded successfully
[2023.06.07-00.11.02:542][  0]LogUObjectArray: 17178 objects as part of root set at end of initial load.
[2023.06.07-00.11.02:542][  0]LogUObjectAllocator: 4302048 out of 0 bytes used by permanent object pool.
[2023.06.07-00.11.02:542][  0]LogUObjectArray: CloseDisregardForGC: 0/0 objects in disregard for GC pool
[2023.06.07-00.11.02:834][  0]LogNiagaraDebuggerClient: Niagara Debugger Client Initialized | Session: 057C91704662497E9275AC9A801944B4 | Instance: 7599FA9D4C47C4725203098EC7353ABA (KBC12206116-5716).
[2023.06.07-00.11.03:024][  0]LogUdpMessaging: Initializing bridge on interface 0.0.0.0:0 to multicast group 230.0.0.1:6666.
[2023.06.07-00.11.03:031][  0]LogTcpMessaging: Initializing TcpMessaging bridge
[2023.06.07-00.11.03:245][  0]LogPython: Using Python 3.7.7
[2023.06.07-00.11.03:890][  0]SourceControl: ソースコントロールは無効です
[2023.06.07-00.11.03:890][  0]SourceControl: ソースコントロールは無効です
[2023.06.07-00.11.04:301][  0]LogUProjectInfo: Found projects:
[2023.06.07-00.11.04:567][  0]LogAndroidPermission: UAndroidPermissionCallbackProxy::GetInstance
[2023.06.07-00.11.04:596][  0]LogAudioCaptureCore: Display: No Audio Capture implementations found. Audio input will be silent.
[2023.06.07-00.11.04:596][  0]LogAudioCaptureCore: Display: No Audio Capture implementations found. Audio input will be silent.
[2023.06.07-00.11.04:657][  0]LogOpenImageDenoise: OIDN starting up
[2023.06.07-00.11.04:774][  0]LogCollectionManager: Loaded 0 collections in 0.001734 seconds
[2023.06.07-00.11.04:806][  0]LogFileCache: Scanning file cache for directory 'C:/Users/KBC12206116/Documents/GitHub/Ateam_2023/SummerGJ2023/SummerGJ2023/Saved/Collections/' took 0.00s
[2023.06.07-00.11.04:806][  0]LogFileCache: Scanning file cache for directory 'C:/Users/KBC12206116/Documents/GitHub/Ateam_2023/SummerGJ2023/SummerGJ2023/Content/Developers/KBC12206116/Collections/' took 0.00s
[2023.06.07-00.11.04:806][  0]LogFileCache: Scanning file cache for directory 'C:/Users/KBC12206116/Documents/GitHub/Ateam_2023/SummerGJ2023/SummerGJ2023/Content/Collections/' took 0.00s
[2023.06.07-00.11.04:806][  0]LogOcInput: OculusInput pre-init called
[2023.06.07-00.11.05:045][  0]LogEngine: Initializing Engine...
[2023.06.07-00.11.05:054][  0]LogHMD: Failed to enumerate extensions. Please check that you have a valid OpenXR runtime installed.
[2023.06.07-00.11.05:054][  0]LogHMD: Failed to initialize OpenVR with code 110
[2023.06.07-00.11.05:054][  0]LogMagicLeap: Warning: VR disabled because ZI is not enabled.  To enable, in the editor, Edit -> Project Settings -> Plugins -> Magic Leap Plugin -> Enable Zero Iteration
[2023.06.07-00.11.05:056][  0]LogStats: UGameplayTagsManager::InitializeManager -  0.001 s
[2023.06.07-00.11.05:172][  0]LogInit: Initializing FReadOnlyCVARCache
[2023.06.07-00.11.05:205][  0]LogAIModule: Creating AISystem for world Untitled
[2023.06.07-00.11.05:209][  0]LogAudio: Display: Initializing Audio Device Manager...
[2023.06.07-00.11.05:214][  0]LogAudio: Display: Loading Default Audio Settings Objects...
[2023.06.07-00.11.05:215][  0]LogAudio: Display: No default SoundConcurrencyObject specified (or failed to load).
[2023.06.07-00.11.05:216][  0]LogAudio: Display: Audio Device Manager Initialized
[2023.06.07-00.11.05:216][  0]LogAudio: Display: Creating Audio Device:                 Id: 1, Scope: Shared, Realtime: True
[2023.06.07-00.11.05:217][  0]LogAudioMixer: Display: Audio Mixer Platform Settings:
[2023.06.07-00.11.05:217][  0]LogAudioMixer: Display: 	Sample Rate:						  48000
[2023.06.07-00.11.05:217][  0]LogAudioMixer: Display: 	Callback Buffer Frame Size Requested: 1024
[2023.06.07-00.11.05:217][  0]LogAudioMixer: Display: 	Callback Buffer Frame Size To Use:	  1024
[2023.06.07-00.11.05:217][  0]LogAudioMixer: Display: 	Number of buffers to queue:			  2
[2023.06.07-00.11.05:217][  0]LogAudioMixer: Display: 	Max Channels (voices):				  32
[2023.06.07-00.11.05:217][  0]LogAudioMixer: Display: 	Number of Async Source Workers:		  0
[2023.06.07-00.11.05:217][  0]LogAudio: Display: AudioDevice MaxSources: 32
[2023.06.07-00.11.05:217][  0]LogAudio: Display: Audio Spatialization Plugin: None (built-in).
[2023.06.07-00.11.05:218][  0]LogAudio: Display: Audio Reverb Plugin: None (built-in).
[2023.06.07-00.11.05:218][  0]LogAudio: Display: Audio Occlusion Plugin: None (built-in).
[2023.06.07-00.11.05:218][  0]LogAudioMixer: Display: Initializing audio mixer.
[2023.06.07-00.11.05:264][  0]LogAudioMixer: Display: 0: FrontLeft
[2023.06.07-00.11.05:264][  0]LogAudioMixer: Display: 1: FrontRight
[2023.06.07-00.11.05:420][  0]LogAudioMixer: Display: Using Audio Device スピーカー (Realtek(R) Audio)
[2023.06.07-00.11.05:422][  0]LogAudioMixer: Display: Initializing Sound Submixes...
[2023.06.07-00.11.05:424][  0]LogAudioMixer: Display: Creating Master Submix 'MasterSubmixDefault'
[2023.06.07-00.11.05:425][  0]LogAudioMixer: Display: Creating Master Submix 'MasterReverbSubmixDefault'
[2023.06.07-00.11.05:426][  0]LogAudioMixer: Display: Creating Master Submix 'MasterEQSubmixDefault'
[2023.06.07-00.11.05:426][  0]LogAudioMixer: FMixerPlatformXAudio2::StartAudioStream() called
[2023.06.07-00.11.05:426][  0]LogAudioMixer: Display: Output buffers initialized: Frames=1024, Channels=2, Samples=2048
[2023.06.07-00.11.05:428][  0]LogAudioMixer: Display: Starting AudioMixerPlatformInterface::RunInternal()
[2023.06.07-00.11.05:428][  0]LogAudioMixer: Display: FMixerPlatformXAudio2::SubmitBuffer() called for the first time
[2023.06.07-00.11.05:428][  0]LogInit: FAudioDevice initialized.
[2023.06.07-00.11.05:429][  0]LogAudio: Display: Audio Device (ID: 1) registered with world 'Untitled'.
[2023.06.07-00.11.05:429][  0]LogNetVersion: Set ProjectVersion to 1.0.0.0. Version Checksum will be recalculated on next use.
[2023.06.07-00.11.05:466][  0]LogDerivedDataCache: Saved boot cache 0.04s 94MB C:/Users/KBC12206116/AppData/Local/UnrealEngine/4.27/DerivedDataCache/Boot.ddc.
[2023.06.07-00.11.05:467][  0]LogInit: Texture streaming: Enabled
[2023.06.07-00.11.05:482][  0]LogAnalytics: Display: [UEEditor.Rocket.Release] APIServer = https://datarouter.ol.epicgames.com/. AppVersion = 4.27.2-18319896+++UE4+Release-4.27
[2023.06.07-00.11.05:486][  0]LogEngineSessionManager: EngineSessionManager initialized
[2023.06.07-00.11.05:486][  0]LogEditorSessionSummary: Verbose: Initializing EditorSessionSummaryWriter for editor session tracking
[2023.06.07-00.11.05:489][  0]LogEditorSessionSummary: EditorSessionSummaryWriter initialized
[2023.06.07-00.11.05:519][  0]LogInit: Transaction tracking system initialized
[2023.06.07-00.11.05:557][  0]BlueprintLog: New page: エディタの読み込み
[2023.06.07-00.11.05:673][  0]LocalizationService: ローカライズのサービスが無効になりました
[2023.06.07-00.11.05:727][  0]TimingProfiler: Initialize
[2023.06.07-00.11.05:730][  0]TimingProfiler: OnSessionChanged
[2023.06.07-00.11.05:730][  0]LoadingProfiler: Initialize
[2023.06.07-00.11.05:730][  0]LoadingProfiler: OnSessionChanged
[2023.06.07-00.11.05:731][  0]NetworkingProfiler: Initialize
[2023.06.07-00.11.05:731][  0]NetworkingProfiler: OnSessionChanged
[2023.06.07-00.11.05:731][  0]MemoryProfiler: Initialize
[2023.06.07-00.11.05:731][  0]MemoryProfiler: OnSessionChanged
[2023.06.07-00.11.05:909][  0]LogCook: Display: CookSettings for Memory: MemoryMaxUsedVirtual 0MiB, MemoryMaxUsedPhysical 16384MiB, MemoryMinFreeVirtual 0MiB, MemoryMinFreePhysical 1024MiB
[2023.06.07-00.11.05:909][  0]LogCook: Display: Mobile HDR setting 1
[2023.06.07-00.11.06:177][  0]LogFileCache: Scanning file cache for directory 'C:/Users/KBC12206116/Documents/GitHub/Ateam_2023/SummerGJ2023/SummerGJ2023/Content/' took 0.01s
[2023.06.07-00.11.06:324][  0]LogInit: Display: Engine is initialized. Leaving FEngineLoop::Init()
[2023.06.07-00.11.06:397][  0]LogWindowsTextInputMethodSystem: Display: IME system activated using TSF (Microsoft IME).
[2023.06.07-00.11.06:468][  0]LogSlate: Took 0.001499 seconds to synchronously load lazily loaded font '../../../Engine/Content/Editor/Slate/Fonts/GenEiGothicPro-Regular.otf' (707K)
[2023.06.07-00.11.06:469][  0]LogSlate: Took 0.000797 seconds to synchronously load lazily loaded font '../../../Engine/Content/Slate/Fonts/Roboto-Regular.ttf' (155K)
[2023.06.07-00.11.23:631][  0]LogSlate: Window 'パッケージを復元' being destroyed
[2023.06.07-00.11.23:857][  0]LogUnrealEdMisc: Loading editor; pre map load, took 27.590
[2023.06.07-00.11.23:859][  0]LightingResults: New page: ライティングのビルド
[2023.06.07-00.11.23:863][  0]LogWorld: UWorld::CleanupWorld for Untitled, bSessionEnded=true, bCleanupResources=true
[2023.06.07-00.11.23:864][  0]LogSlate: InvalidateAllWidgets triggered.  All widgets were invalidated
[2023.06.07-00.11.23:865][  0]MapCheck: New page: マップをチェック
[2023.06.07-00.11.23:865][  0]LightingResults: New page: <何も選択されていません>
[2023.06.07-00.11.23:871][  0]LogAudio: Display: Audio Device unregistered from world 'None'.
[2023.06.07-00.11.23:876][  0]LogUObjectHash: Compacting FUObjectHashTables data took   0.62ms
[2023.06.07-00.11.24:124][  0]LogAudio: Display: Audio Device (ID: 1) registered with world 'FirstPersonExampleMap'.
[2023.06.07-00.11.24:125][  0]LogAIModule: Creating AISystem for world FirstPersonExampleMap
[2023.06.07-00.11.24:146][  0]LogEditorServer: Finished looking for orphan Actors (0.000 secs)
[2023.06.07-00.11.24:155][  0]LogUObjectHash: Compacting FUObjectHashTables data took   0.69ms
[2023.06.07-00.11.24:155][  0]Cmd: MAP CHECKDEP NOCLEARLOG
[2023.06.07-00.11.24:156][  0]MapCheck: マップチェックが完了: 0 エラー、 0 警告、完了に 0.308ミリ秒かかりました。
[2023.06.07-00.11.24:156][  0]LogFileHelpers: Loading map 'FirstPersonExampleMap' took 0.298
[2023.06.07-00.11.24:174][  0]LogUnrealEdMisc: Total Editor Startup Time, took 27.907
[2023.06.07-00.11.24:230][  0]LogSlate: Updating window title bar state: overlay mode, drag disabled, window buttons hidden, title bar hidden
[2023.06.07-00.11.24:236][  0]LogSlate: Updating window title bar state: overlay mode, drag disabled, window buttons hidden, title bar hidden
[2023.06.07-00.11.24:240][  0]LogSlate: Updating window title bar state: overlay mode, drag disabled, window buttons hidden, title bar hidden
[2023.06.07-00.11.24:244][  0]LogSlate: Updating window title bar state: overlay mode, drag disabled, window buttons hidden, title bar hidden
[2023.06.07-00.11.24:273][  0]LogNativeClassHierarchy: Verbose: Native class hierarchy populated in 0.0093 seconds. Added 3833 classes and 939 folders.
[2023.06.07-00.11.24:279][  0]LogNativeClassHierarchy: Verbose: Native class hierarchy updated for 'WidgetCarousel' in 0.0002 seconds. Added 0 classes and 0 folders.
[2023.06.07-00.11.24:283][  0]LogNativeClassHierarchy: Verbose: Native class hierarchy updated for 'AddContentDialog' in 0.0002 seconds. Added 0 classes and 0 folders.
[2023.06.07-00.11.24:286][  0]LogNativeClassHierarchy: Verbose: Native class hierarchy updated for 'SceneOutliner' in 0.0002 seconds. Added 2 classes and 0 folders.
[2023.06.07-00.11.24:406][  0]LogSlate: Took 0.000859 seconds to synchronously load lazily loaded font '../../../Engine/Content/Editor/Slate/Fonts/FontAwesome.ttf' (139K)
[2023.06.07-00.11.24:410][  0]LogSlate: Took 0.002357 seconds to synchronously load lazily loaded font '../../../Engine/Content/Editor/Slate/Fonts/GenEiGothicPro-Bold.otf' (698K)
[2023.06.07-00.11.24:411][  0]LogSlate: Took 0.000787 seconds to synchronously load lazily loaded font '../../../Engine/Content/Slate/Fonts/Roboto-Bold.ttf' (160K)
[2023.06.07-00.11.24:455][  0]LogRenderer: Reallocating scene render targets to support 816x388 Format 10 NumSamples 1 (Frame:1).
[2023.06.07-00.11.24:545][  0]LogNativeClassHierarchy: Verbose: Native class hierarchy updated for 'HierarchicalLODOutliner' in 0.0003 seconds. Added 0 classes and 0 folders.
[2023.06.07-00.11.24:545][  0]LogLoad: (Engine Initialization) Total time: 28.28 seconds
[2023.06.07-00.11.24:546][  0]LogLoad: (Engine Initialization) Total Blueprint compile time: 0.00 seconds
[2023.06.07-00.11.24:584][  0]LogAssetRegistry: Asset discovery search completed in 23.0276 seconds
[2023.06.07-00.11.24:590][  0]LogCollectionManager: Fixed up redirectors for 0 collections in 0.000003 seconds (updated 0 objects)
[2023.06.07-00.11.24:599][  0]LogContentStreaming: Texture pool size now 1000 MB
[2023.06.07-00.11.24:631][  1]LogRenderer: Reallocating scene render targets to support 816x404 Format 10 NumSamples 1 (Frame:5).
[2023.06.07-00.11.24:697][  3]LogSlate: Took 0.000675 seconds to synchronously load lazily loaded font '../../../Engine/Content/Slate/Fonts/Roboto-Light.ttf' (167K)
[2023.06.07-00.11.25:563][104]LogSlate: Took 0.006577 seconds to synchronously load lazily loaded font '../../../Engine/Content/Editor/Slate/Fonts/GenEiGothicPro-Light.otf' (713K)
[2023.06.07-00.11.25:563][104]LogSlate: Took 0.000092 seconds to synchronously load lazily loaded font '../../../Engine/Content/Slate/Fonts/Roboto-Light.ttf' (167K)
[2023.06.07-00.11.29:736][582]LogUObjectHash: Compacting FUObjectHashTables data took   0.49ms
[2023.06.07-00.11.29:764][582]LogAssetEditorSubsystem: Opening Asset editor for World /Game/rin/map/EndLevel.EndLevel
[2023.06.07-00.11.29:764][582]Cmd: MAP LOAD FILE="../../../../../../Users/KBC12206116/Documents/GitHub/Ateam_2023/SummerGJ2023/SummerGJ2023/Content/rin/map/EndLevel.umap" TEMPLATE=0 SHOWPROGRESS=1 FEATURELEVEL=3
[2023.06.07-00.11.29:764][582]LightingResults: New page: ライティングのビルド
[2023.06.07-00.11.29:764][582]LoadErrors: New page: マップをロード中: EndLevel.umap
[2023.06.07-00.11.29:766][582]LogWorld: UWorld::CleanupWorld for FirstPersonExampleMap, bSessionEnded=true, bCleanupResources=true
[2023.06.07-00.11.29:766][582]LogSlate: InvalidateAllWidgets triggered.  All widgets were invalidated
[2023.06.07-00.11.29:766][582]MapCheck: New page: マップをチェック
[2023.06.07-00.11.29:766][582]LightingResults: New page: <何も選択されていません>
[2023.06.07-00.11.29:769][582]LogAudio: Display: Audio Device unregistered from world 'None'.
[2023.06.07-00.11.29:772][582]LogUObjectHash: Compacting FUObjectHashTables data took   0.64ms
[2023.06.07-00.11.29:773][582]LogAudio: Display: Audio Device (ID: 1) registered with world 'EndLevel'.
[2023.06.07-00.11.29:793][582]LogEditorServer: Finished looking for orphan Actors (0.000 secs)
[2023.06.07-00.11.29:793][582]LogAIModule: Creating AISystem for world EndLevel
[2023.06.07-00.11.29:798][582]LogUObjectHash: Compacting FUObjectHashTables data took   0.48ms
[2023.06.07-00.11.29:800][582]Cmd: MAP CHECKDEP NOCLEARLOG
[2023.06.07-00.11.29:800][582]MapCheck: マップチェックが完了: 0 エラー、 0 警告、完了に 0.068ミリ秒かかりました。
[2023.06.07-00.11.29:800][582]LogFileHelpers: Loading map 'EndLevel' took 0.036
[2023.06.07-00.11.36:352][364]LogEditorViewport: Clicking on Actor (LMB): BP_Sky_Sphere_C (BP_Sky_Sphere)
[2023.06.07-00.11.45:771][491]LogEditorViewport: Clicking on Actor (LMB): CameraActor (CameraActor)
[2023.06.07-00.11.47:912][741]LogEditorViewport: Clicking on Actor (LMB): BP_Sky_Sphere_C (BP_Sky_Sphere)
[2023.06.07-00.21.12:909][890]LogAssetEditorSubsystem: Opening Asset editor for WidgetBlueprint /Game/rin/UI/UMG_End.UMG_End
[2023.06.07-00.21.13:000][890]LogNativeClassHierarchy: Verbose: Native class hierarchy updated for 'BlueprintGraph' in 0.0005 seconds. Added 126 classes and 0 folders.
[2023.06.07-00.21.13:656][890]LogLinker: Warning:  '/Game/rin/map/EndLevel.EndLevel:PersistentLevel.EndLevel' のロードに失敗しました: アセット名を解決できません
[2023.06.07-00.21.13:872][890]LogSlate: Took 0.000451 seconds to synchronously load lazily loaded font '../../../Engine/Content/Slate/Fonts/Roboto-BoldCondensed.ttf' (158K)
[2023.06.07-00.21.13:874][890]LogSlate: Took 0.001588 seconds to synchronously load lazily loaded font '../../../Engine/Content/Editor/Slate/Fonts/GenEiGothicPro-SemiBold.otf' (703K)
